9.2073 	INFO 	Loaded monitor calibration from ['2025_08_11 23:33']
9.2267 	WARNING 	User requested fullscreen with size [1024  768], but screen is actually [1920, 1080]. Using actual size
9.6071 	INFO 	Using renderer 'Intel(R) UHD Graphics' for graphics
9.6071 	INFO 	OpenGL version supported by driver is 4..
9.9328 	EXP 	Created window1 = Window(allowGUI=False, allowStencil=False, autoLog=True, backendConf=UNKNOWN, backgroundFit=<method-wrapper '__getattribute__' of attributeSetter object at 0x000002864767FA90>, backgroundImage=<method-wrapper '__getattribute__' of attributeSetter object at 0x000002864767FA30>, bitsMode=UNKNOWN, blendMode='avg', bpc=(8, 8, 8), color=array([0, 0, 0]), colorSpace='rgb', depthBits=8, fullscr=True, gamma=None, gammaErrorPolicy='raise', infoMsg=UNKNOWN, lms=UNKNOWN, monitor=<psychopy.monitors.calibTools.Monitor object at 0x000002864776DCC0>, multiSample=False, name='window1', numSamples=2, pos=[np.float64(0.0), np.float64(0.0)], screen=0, size=array([1920, 1080]), stencilBits=0, stereo=False, title='PsychoPy', units='height', useFBO=True, useRetina=False, viewOri=0.0, viewPos=None, viewScale=None, waitBlanking=True, winType='pyglet')
9.9329 	EXP 	window1: backgroundImage = ''
9.9330 	EXP 	window1: backgroundFit = 'none'
10.5919 	EXP 	window1: Attempting to measure frame rate of screen (0) ...
10.5919 	EXP 	window1: recordFrameIntervals = False
10.7284 	EXP 	window1: recordFrameIntervals = True
10.9123 	EXP 	Screen (0) actual frame rate measured at 59.98Hz
10.9124 	EXP 	window1: recordFrameIntervals = False
10.9668 	INFO 	keyboard.Keyboard is using ptb backend.
10.9671 	INFO 	keyboard.Keyboard is using ptb backend.
10.9671 	EXP 	Stroop Task: status = STARTED
11.0982 	EXP 	Created text_2 = TextStim(__class__=<class 'psychopy.visual.text.TextStim'>, alignHoriz=method-wrapper(...), alignText='center', alignVert=method-wrapper(...), anchorHoriz='center', anchorVert='center', antialias=True, autoDraw=False, autoLog=True, bold=False, color=array([1., 1., 1.]), colorSpace='rgb', contrast=1.0, depth=0.0, draggable=False, flipHoriz=False, flipVert=False, font='Arial', fontFiles=[], height=np.float64(0.05), italic=False, languageStyle='LTR', name='text_2', opacity=1, ori=0.0, pos=array([0., 0.]), rgb=UNKNOWN, text='Welcome', units='height', win=Window(...), wrapWidth=1)
11.1037 	EXP 	Created Fixation = ShapeStim(__class__=<class 'psychopy.visual.shape.ShapeStim'>, anchor=('center', 'center'), autoDraw=False, autoLog=True, closeShape=True, color=method-wrapper(...), colorSpace='rgb', contrast=None, depth=0.0, draggable=False, fillColor=array([1, 1, 1]), fillColorSpace='rgb', fillRGB=array([1, 1, 1]), interpolate=True, lineColor=array([1., 1., 1.]), lineColorSpace='rgb', lineRGB=array([1, 1, 1]), lineWidth=1.0, name='Fixation', opacity=1, ori=0.0, pos=array([0., 0.]), size=array([10., 10.]), units='height', vertices=ndarray(...), win=Window(...), windingRule=None)
11.1046 	EXP 	Created text = TextStim(__class__=<class 'psychopy.visual.text.TextStim'>, alignHoriz=method-wrapper(...), alignText='center', alignVert=method-wrapper(...), anchorHoriz='center', anchorVert='center', antialias=True, autoDraw=False, autoLog=True, bold=False, color=array([1., 1., 1.]), colorSpace='rgb', contrast=1.0, depth=-1.0, draggable=False, flipHoriz=False, flipVert=False, font='Arial', fontFiles=[], height=0.05, italic=False, languageStyle='LTR', name='text', opacity=1, ori=0.0, pos=array([0., 0.]), rgb=UNKNOWN, text='', units='height', win=Window(...), wrapWidth=1)
11.1176 	EXP 	Created text_3 = TextStim(__class__=<class 'psychopy.visual.text.TextStim'>, alignHoriz=method-wrapper(...), alignText='center', alignVert=method-wrapper(...), anchorHoriz='center', anchorVert='center', antialias=True, autoDraw=False, autoLog=True, bold=False, color=array([1., 1., 1.]), colorSpace='rgb', contrast=1.0, depth=0.0, draggable=False, flipHoriz=False, flipVert=False, font='Arial', fontFiles=[], height=np.float64(0.05), italic=False, languageStyle='LTR', name='text_3', opacity=1, ori=0.0, pos=array([0., 0.]), rgb=UNKNOWN, text='Thank you', units='height', win=Window(...), wrapWidth=1)
0.0062 	EXP 	text_2: autoDraw = True
1.0070 	EXP 	Imported Cond Stroop task.xlsx as conditions, 4 conditions, 4 params
1.0082 	EXP 	New trial (rep=0, index=0): <Trial 0 (0 in rep 0) data={'word': 'BLUE', 'colour': 'blue', 'stimulus_condition': 'C', 'correct_response': 'b', 'thisN': 0, 'thisTrialN': 0, 'thisRepN': 0}>
1.0337 	EXP 	text_2: autoDraw = False
1.0337 	EXP 	text_2: autoDraw = False
1.0337 	EXP 	text: foreColor = <psychopy.colors.Color: blue, alpha=1.0>
1.0337 	EXP 	text: height = np.float64(0.05)
1.0337 	EXP 	text: height = np.float64(0.05)
1.0337 	EXP 	text: height = np.float64(0.05)
1.0337 	EXP 	text: text = 'BLUE'
1.0337 	EXP 	Fixation: autoDraw = True
1.5109 	INFO 	Keyboard events cleared
1.5107 	EXP 	Fixation: autoDraw = False
1.5107 	EXP 	text: autoDraw = True
2.1994 	EXP 	Device response: <KeyPress from None: t=2.1826522000483237, value=b, duration=None>
2.1997 	EXP 	New trial (rep=0, index=1): <Trial 1 (1 in rep 0) data={'word': 'BLUE', 'colour': 'red', 'stimulus_condition': 'I', 'correct_response': 'r', 'thisN': 1, 'thisTrialN': 1, 'thisRepN': 0}>
2.2022 	DATA 	Keypress: b
2.2129 	EXP 	Fixation: autoDraw = False
2.2129 	EXP 	text: autoDraw = False
2.2129 	EXP 	text: foreColor = <psychopy.colors.Color: red, alpha=1.0>
2.2129 	EXP 	text: text = 'BLUE'
2.2129 	EXP 	Fixation: autoDraw = True
2.3295 	EXP 	Device response: <KeyPress from None: t=2.1826522000483237, value=b, duration=0.1460058999946341>
2.7100 	INFO 	Keyboard events cleared
2.7098 	EXP 	Fixation: autoDraw = False
2.7098 	EXP 	text: autoDraw = True
3.3770 	EXP 	Device response: <KeyPress from None: t=3.3752254000282846, value=r, duration=None>
3.3774 	EXP 	New trial (rep=0, index=2): <Trial 2 (2 in rep 0) data={'word': 'RED', 'colour': 'blue', 'stimulus_condition': 'I', 'correct_response': 'b', 'thisN': 2, 'thisTrialN': 2, 'thisRepN': 0}>
3.3873 	DATA 	Keypress: r
3.3960 	EXP 	Fixation: autoDraw = False
3.3960 	EXP 	text: autoDraw = False
3.3960 	EXP 	text: foreColor = <psychopy.colors.Color: blue, alpha=1.0>
3.3960 	EXP 	text: height = np.float64(0.05)
3.3960 	EXP 	text: height = np.float64(0.05)
3.3960 	EXP 	text: height = np.float64(0.05)
3.3960 	EXP 	text: text = 'RED'
3.3960 	EXP 	Fixation: autoDraw = True
3.5293 	EXP 	Device response: <KeyPress from None: t=3.3752254000282846, value=r, duration=0.1439572999952361>
3.8770 	INFO 	Keyboard events cleared
3.8767 	EXP 	Fixation: autoDraw = False
3.8767 	EXP 	text: autoDraw = True
4.3771 	EXP 	Device response: <KeyPress from None: t=4.36947410000721, value=b, duration=None>
4.3777 	EXP 	New trial (rep=0, index=3): <Trial 3 (3 in rep 0) data={'word': 'RED', 'colour': 'red', 'stimulus_condition': 'C', 'correct_response': 'r', 'thisN': 3, 'thisTrialN': 3, 'thisRepN': 0}>
4.3795 	DATA 	Keypress: b
4.3959 	EXP 	Fixation: autoDraw = False
4.3959 	EXP 	text: autoDraw = False
4.3959 	EXP 	text: foreColor = <psychopy.colors.Color: red, alpha=1.0>
4.3959 	EXP 	text: text = 'RED'
4.3959 	EXP 	Fixation: autoDraw = True
4.5296 	EXP 	Device response: <KeyPress from None: t=4.36947410000721, value=b, duration=0.14640790002886206>
4.8766 	INFO 	Keyboard events cleared
4.8764 	EXP 	Fixation: autoDraw = False
4.8764 	EXP 	text: autoDraw = True
5.1934 	EXP 	Device response: <KeyPress from None: t=5.1909481000038795, value=r, duration=None>
5.1938 	EXP 	New trial (rep=1, index=0): <Trial 4 (0 in rep 1) data={'word': 'BLUE', 'colour': 'red', 'stimulus_condition': 'I', 'correct_response': 'r', 'thisN': 4, 'thisTrialN': 0, 'thisRepN': 1}>
5.1987 	DATA 	Keypress: r
5.2123 	EXP 	Fixation: autoDraw = False
5.2123 	EXP 	text: autoDraw = False
5.2123 	EXP 	text: foreColor = <psychopy.colors.Color: red, alpha=1.0>
5.2123 	EXP 	text: height = np.float64(0.05)
5.2123 	EXP 	text: height = np.float64(0.05)
5.2123 	EXP 	text: height = np.float64(0.05)
5.2123 	EXP 	text: text = 'BLUE'
5.2123 	EXP 	Fixation: autoDraw = True
5.3783 	EXP 	Device response: <KeyPress from None: t=5.1909481000038795, value=r, duration=0.17965090001234785>
5.6934 	INFO 	Keyboard events cleared
5.6933 	EXP 	Fixation: autoDraw = False
5.6933 	EXP 	text: autoDraw = True
6.1436 	EXP 	Device response: <KeyPress from None: t=6.131487200036645, value=r, duration=None>
6.1439 	EXP 	New trial (rep=1, index=1): <Trial 5 (1 in rep 1) data={'word': 'RED', 'colour': 'blue', 'stimulus_condition': 'I', 'correct_response': 'b', 'thisN': 5, 'thisTrialN': 1, 'thisRepN': 1}>
6.1489 	DATA 	Keypress: r
6.1622 	EXP 	Fixation: autoDraw = False
6.1622 	EXP 	text: autoDraw = False
6.1622 	EXP 	text: foreColor = <psychopy.colors.Color: blue, alpha=1.0>
6.1622 	EXP 	text: height = np.float64(0.05)
6.1622 	EXP 	text: height = np.float64(0.05)
6.1622 	EXP 	text: height = np.float64(0.05)
6.1622 	EXP 	text: text = 'RED'
6.1622 	EXP 	Fixation: autoDraw = True
6.3286 	EXP 	Device response: <KeyPress from None: t=6.131487200036645, value=r, duration=0.18950919999042526>
6.6434 	INFO 	Keyboard events cleared
6.6431 	EXP 	Fixation: autoDraw = False
6.6431 	EXP 	text: autoDraw = True
7.0769 	EXP 	Device response: <KeyPress from None: t=7.071373400045559, value=b, duration=None>
7.0772 	EXP 	New trial (rep=1, index=2): <Trial 6 (2 in rep 1) data={'word': 'BLUE', 'colour': 'blue', 'stimulus_condition': 'C', 'correct_response': 'b', 'thisN': 6, 'thisTrialN': 2, 'thisRepN': 1}>
7.0827 	DATA 	Keypress: b
7.0950 	EXP 	Fixation: autoDraw = False
7.0950 	EXP 	text: autoDraw = False
7.0950 	EXP 	text: foreColor = <psychopy.colors.Color: blue, alpha=1.0>
7.0950 	EXP 	text: height = np.float64(0.05)
7.0950 	EXP 	text: height = np.float64(0.05)
7.0950 	EXP 	text: height = np.float64(0.05)
7.0950 	EXP 	text: text = 'BLUE'
7.0950 	EXP 	Fixation: autoDraw = True
7.2456 	EXP 	Device response: <KeyPress from None: t=7.071373400045559, value=b, duration=0.16171119996579364>
7.5765 	INFO 	Keyboard events cleared
7.5763 	EXP 	Fixation: autoDraw = False
7.5763 	EXP 	text: autoDraw = True
8.0596 	EXP 	Device response: <KeyPress from None: t=8.057697500044014, value=b, duration=None>
8.0600 	EXP 	New trial (rep=1, index=3): <Trial 7 (3 in rep 1) data={'word': 'RED', 'colour': 'red', 'stimulus_condition': 'C', 'correct_response': 'r', 'thisN': 7, 'thisTrialN': 3, 'thisRepN': 1}>
8.0647 	DATA 	Keypress: b
8.0784 	EXP 	Fixation: autoDraw = False
8.0784 	EXP 	text: autoDraw = False
8.0784 	EXP 	text: foreColor = <psychopy.colors.Color: red, alpha=1.0>
8.0784 	EXP 	text: height = np.float64(0.05)
8.0784 	EXP 	text: height = np.float64(0.05)
8.0784 	EXP 	text: height = np.float64(0.05)
8.0784 	EXP 	text: text = 'RED'
8.0784 	EXP 	Fixation: autoDraw = True
8.2456 	EXP 	Device response: <KeyPress from None: t=8.057697500044014, value=b, duration=0.18612559995381162>
8.5596 	INFO 	Keyboard events cleared
8.5595 	EXP 	Fixation: autoDraw = False
8.5595 	EXP 	text: autoDraw = True
9.0098 	EXP 	Device response: <KeyPress from None: t=8.997014900029171, value=r, duration=None>
9.0101 	EXP 	New trial (rep=2, index=0): <Trial 8 (0 in rep 2) data={'word': 'BLUE', 'colour': 'red', 'stimulus_condition': 'I', 'correct_response': 'r', 'thisN': 8, 'thisTrialN': 0, 'thisRepN': 2}>
9.0151 	DATA 	Keypress: r
9.0279 	EXP 	Fixation: autoDraw = False
9.0279 	EXP 	text: autoDraw = False
9.0279 	EXP 	text: foreColor = <psychopy.colors.Color: red, alpha=1.0>
9.0279 	EXP 	text: height = np.float64(0.05)
9.0279 	EXP 	text: height = np.float64(0.05)
9.0279 	EXP 	text: height = np.float64(0.05)
9.0279 	EXP 	text: text = 'BLUE'
9.0279 	EXP 	Fixation: autoDraw = True
9.1784 	EXP 	Device response: <KeyPress from None: t=8.997014900029171, value=r, duration=0.1651920999865979>
9.5095 	INFO 	Keyboard events cleared
9.5094 	EXP 	Fixation: autoDraw = False
9.5094 	EXP 	text: autoDraw = True
9.9934 	EXP 	Device response: <KeyPress from None: t=9.992919600044843, value=r, duration=None>
9.9938 	EXP 	New trial (rep=2, index=1): <Trial 9 (1 in rep 2) data={'word': 'RED', 'colour': 'blue', 'stimulus_condition': 'I', 'correct_response': 'b', 'thisN': 9, 'thisTrialN': 1, 'thisRepN': 2}>
9.9987 	DATA 	Keypress: r
10.0115 	EXP 	Fixation: autoDraw = False
10.0115 	EXP 	text: autoDraw = False
10.0115 	EXP 	text: foreColor = <psychopy.colors.Color: blue, alpha=1.0>
10.0115 	EXP 	text: height = np.float64(0.05)
10.0115 	EXP 	text: height = np.float64(0.05)
10.0115 	EXP 	text: height = np.float64(0.05)
10.0115 	EXP 	text: text = 'RED'
10.0115 	EXP 	Fixation: autoDraw = True
10.1785 	EXP 	Device response: <KeyPress from None: t=9.992919600044843, value=r, duration=0.1751395000028424>
10.4930 	INFO 	Keyboard events cleared
10.4928 	EXP 	Fixation: autoDraw = False
10.4928 	EXP 	text: autoDraw = True
10.8601 	EXP 	Device response: <KeyPress from None: t=10.849232900014613, value=b, duration=None>
10.8604 	EXP 	New trial (rep=2, index=2): <Trial 10 (2 in rep 2) data={'word': 'BLUE', 'colour': 'blue', 'stimulus_condition': 'C', 'correct_response': 'b', 'thisN': 10, 'thisTrialN': 2, 'thisRepN': 2}>
10.8653 	DATA 	Keypress: b
10.8784 	EXP 	Fixation: autoDraw = False
10.8784 	EXP 	text: autoDraw = False
10.8784 	EXP 	text: foreColor = <psychopy.colors.Color: blue, alpha=1.0>
10.8784 	EXP 	text: height = np.float64(0.05)
10.8784 	EXP 	text: height = np.float64(0.05)
10.8784 	EXP 	text: height = np.float64(0.05)
10.8784 	EXP 	text: text = 'BLUE'
10.8784 	EXP 	Fixation: autoDraw = True
11.0125 	EXP 	Device response: <KeyPress from None: t=10.849232900014613, value=b, duration=0.1589557999977842>
11.3597 	INFO 	Keyboard events cleared
11.3595 	EXP 	Fixation: autoDraw = False
11.3595 	EXP 	text: autoDraw = True
11.6767 	EXP 	Device response: <KeyPress from None: t=11.664264500024728, value=r, duration=None>
11.6770 	EXP 	New trial (rep=2, index=3): <Trial 11 (3 in rep 2) data={'word': 'RED', 'colour': 'red', 'stimulus_condition': 'C', 'correct_response': 'r', 'thisN': 11, 'thisTrialN': 3, 'thisRepN': 2}>
11.6822 	DATA 	Keypress: r
11.6949 	EXP 	Fixation: autoDraw = False
11.6949 	EXP 	text: autoDraw = False
11.6949 	EXP 	text: foreColor = <psychopy.colors.Color: red, alpha=1.0>
11.6949 	EXP 	text: height = np.float64(0.05)
11.6949 	EXP 	text: height = np.float64(0.05)
11.6949 	EXP 	text: height = np.float64(0.05)
11.6949 	EXP 	text: text = 'RED'
11.6949 	EXP 	Fixation: autoDraw = True
11.8460 	EXP 	Device response: <KeyPress from None: t=11.664264500024728, value=r, duration=0.18022989999735728>
12.1762 	INFO 	Keyboard events cleared
12.1761 	EXP 	Fixation: autoDraw = False
12.1761 	EXP 	text: autoDraw = True
13.2598 	EXP 	Device response: <KeyPress from None: t=13.251361400005408, value=r, duration=None>
13.2601 	EXP 	New trial (rep=3, index=0): <Trial 12 (0 in rep 3) data={'word': 'BLUE', 'colour': 'blue', 'stimulus_condition': 'C', 'correct_response': 'b', 'thisN': 12, 'thisTrialN': 0, 'thisRepN': 3}>
13.2651 	DATA 	Keypress: r
13.2782 	EXP 	Fixation: autoDraw = False
13.2782 	EXP 	text: autoDraw = False
13.2782 	EXP 	text: foreColor = <psychopy.colors.Color: blue, alpha=1.0>
13.2782 	EXP 	text: height = np.float64(0.05)
13.2782 	EXP 	text: height = np.float64(0.05)
13.2782 	EXP 	text: height = np.float64(0.05)
13.2782 	EXP 	text: text = 'BLUE'
13.2782 	EXP 	Fixation: autoDraw = True
13.4454 	EXP 	Device response: <KeyPress from None: t=13.251361400005408, value=r, duration=0.1835356000228785>
13.7593 	INFO 	Keyboard events cleared
13.7592 	EXP 	Fixation: autoDraw = False
13.7592 	EXP 	text: autoDraw = True
14.2429 	EXP 	Device response: <KeyPress from None: t=14.23643740004627, value=b, duration=None>
14.2433 	EXP 	New trial (rep=3, index=1): <Trial 13 (1 in rep 3) data={'word': 'RED', 'colour': 'red', 'stimulus_condition': 'C', 'correct_response': 'r', 'thisN': 13, 'thisTrialN': 1, 'thisRepN': 3}>
14.2482 	DATA 	Keypress: b
14.2614 	EXP 	Fixation: autoDraw = False
14.2614 	EXP 	text: autoDraw = False
14.2614 	EXP 	text: foreColor = <psychopy.colors.Color: red, alpha=1.0>
14.2614 	EXP 	text: height = np.float64(0.05)
14.2614 	EXP 	text: height = np.float64(0.05)
14.2614 	EXP 	text: height = np.float64(0.05)
14.2614 	EXP 	text: text = 'RED'
14.2614 	EXP 	Fixation: autoDraw = True
14.3787 	EXP 	Device response: <KeyPress from None: t=14.23643740004627, value=b, duration=0.13502169999992475>
14.7426 	INFO 	Keyboard events cleared
14.7424 	EXP 	Fixation: autoDraw = False
14.7424 	EXP 	text: autoDraw = True
15.2761 	EXP 	Device response: <KeyPress from None: t=15.267044000036549, value=r, duration=None>
15.2765 	EXP 	New trial (rep=3, index=2): <Trial 14 (2 in rep 3) data={'word': 'RED', 'colour': 'blue', 'stimulus_condition': 'I', 'correct_response': 'b', 'thisN': 14, 'thisTrialN': 2, 'thisRepN': 3}>
15.2783 	DATA 	Keypress: r
15.2950 	EXP 	Fixation: autoDraw = False
15.2950 	EXP 	text: autoDraw = False
15.2950 	EXP 	text: foreColor = <psychopy.colors.Color: blue, alpha=1.0>
15.2950 	EXP 	text: text = 'RED'
15.2950 	EXP 	Fixation: autoDraw = True
15.4615 	EXP 	Device response: <KeyPress from None: t=15.267044000036549, value=r, duration=0.17892559996107593>
15.7759 	INFO 	Keyboard events cleared
15.7756 	EXP 	Fixation: autoDraw = False
15.7756 	EXP 	text: autoDraw = True
16.7093 	EXP 	Device response: <KeyPress from None: t=16.70292510004947, value=b, duration=None>
16.7096 	EXP 	New trial (rep=3, index=3): <Trial 15 (3 in rep 3) data={'word': 'BLUE', 'colour': 'red', 'stimulus_condition': 'I', 'correct_response': 'r', 'thisN': 15, 'thisTrialN': 3, 'thisRepN': 3}>
16.7148 	DATA 	Keypress: b
16.7277 	EXP 	Fixation: autoDraw = False
16.7277 	EXP 	text: autoDraw = False
16.7277 	EXP 	text: foreColor = <psychopy.colors.Color: red, alpha=1.0>
16.7277 	EXP 	text: height = np.float64(0.05)
16.7277 	EXP 	text: height = np.float64(0.05)
16.7277 	EXP 	text: height = np.float64(0.05)
16.7277 	EXP 	text: text = 'BLUE'
16.7277 	EXP 	Fixation: autoDraw = True
16.8286 	EXP 	Device response: <KeyPress from None: t=16.70292510004947, value=b, duration=0.12409019999904558>
17.2087 	INFO 	Keyboard events cleared
17.2085 	EXP 	Fixation: autoDraw = False
17.2085 	EXP 	text: autoDraw = True
17.6753 	EXP 	Device response: <KeyPress from None: t=17.673071900033392, value=r, duration=None>
17.6757 	EXP 	New trial (rep=4, index=0): <Trial 16 (0 in rep 4) data={'word': 'BLUE', 'colour': 'blue', 'stimulus_condition': 'C', 'correct_response': 'b', 'thisN': 16, 'thisTrialN': 0, 'thisRepN': 4}>
17.6775 	DATA 	Keypress: r
17.6947 	EXP 	Fixation: autoDraw = False
17.6947 	EXP 	text: autoDraw = False
17.6947 	EXP 	text: foreColor = <psychopy.colors.Color: blue, alpha=1.0>
17.6947 	EXP 	text: text = 'BLUE'
17.6947 	EXP 	Fixation: autoDraw = True
17.8280 	EXP 	Device response: <KeyPress from None: t=17.673071900033392, value=r, duration=0.15025159996002913>
18.1755 	INFO 	Keyboard events cleared
18.1753 	EXP 	Fixation: autoDraw = False
18.1753 	EXP 	text: autoDraw = True
18.5934 	DATA 	Keypress: b
18.6088 	EXP 	Device response: <KeyPress from None: t=18.59283710003365, value=b, duration=None>
18.6091 	EXP 	New trial (rep=4, index=1): <Trial 17 (1 in rep 4) data={'word': 'RED', 'colour': 'blue', 'stimulus_condition': 'I', 'correct_response': 'b', 'thisN': 17, 'thisTrialN': 1, 'thisRepN': 4}>
18.6277 	EXP 	Fixation: autoDraw = False
18.6277 	EXP 	text: autoDraw = False
18.6277 	EXP 	text: foreColor = <psychopy.colors.Color: blue, alpha=1.0>
18.6277 	EXP 	text: height = np.float64(0.05)
18.6277 	EXP 	text: height = np.float64(0.05)
18.6277 	EXP 	text: height = np.float64(0.05)
18.6277 	EXP 	text: text = 'RED'
18.6277 	EXP 	Fixation: autoDraw = True
18.7448 	EXP 	Device response: <KeyPress from None: t=18.59283710003365, value=b, duration=0.15034539997577667>
19.1087 	INFO 	Keyboard events cleared
19.1086 	EXP 	Fixation: autoDraw = False
19.1086 	EXP 	text: autoDraw = True
19.8092 	EXP 	Device response: <KeyPress from None: t=19.808952399995178, value=b, duration=None>
19.8096 	EXP 	New trial (rep=4, index=2): <Trial 18 (2 in rep 4) data={'word': 'RED', 'colour': 'red', 'stimulus_condition': 'C', 'correct_response': 'r', 'thisN': 18, 'thisTrialN': 2, 'thisRepN': 4}>
19.8115 	DATA 	Keypress: b
19.8273 	EXP 	Fixation: autoDraw = False
19.8273 	EXP 	text: autoDraw = False
19.8273 	EXP 	text: foreColor = <psychopy.colors.Color: red, alpha=1.0>
19.8273 	EXP 	text: text = 'RED'
19.8273 	EXP 	Fixation: autoDraw = True
19.9615 	EXP 	Device response: <KeyPress from None: t=19.808952399995178, value=b, duration=0.15047980000963435>
20.3084 	INFO 	Keyboard events cleared
20.3083 	EXP 	Fixation: autoDraw = False
20.3083 	EXP 	text: autoDraw = True
21.1919 	EXP 	Device response: <KeyPress from None: t=21.1796249000472, value=r, duration=None>
21.1922 	EXP 	New trial (rep=4, index=3): <Trial 19 (3 in rep 4) data={'word': 'BLUE', 'colour': 'red', 'stimulus_condition': 'I', 'correct_response': 'r', 'thisN': 19, 'thisTrialN': 3, 'thisRepN': 4}>
21.1976 	DATA 	Keypress: r
21.2105 	EXP 	Fixation: autoDraw = False
21.2105 	EXP 	text: autoDraw = False
21.2105 	EXP 	text: foreColor = <psychopy.colors.Color: red, alpha=1.0>
21.2105 	EXP 	text: height = np.float64(0.05)
21.2105 	EXP 	text: height = np.float64(0.05)
21.2105 	EXP 	text: height = np.float64(0.05)
21.2105 	EXP 	text: text = 'BLUE'
21.2105 	EXP 	Fixation: autoDraw = True
21.3947 	EXP 	Device response: <KeyPress from None: t=21.1796249000472, value=r, duration=0.19965279998723418>
21.6917 	INFO 	Keyboard events cleared
21.6916 	EXP 	Fixation: autoDraw = False
21.6916 	EXP 	text: autoDraw = True
22.3254 	EXP 	Device response: <KeyPress from None: t=22.31224410003051, value=b, duration=None>
22.3257 	EXP 	New trial (rep=5, index=0): <Trial 20 (0 in rep 5) data={'word': 'RED', 'colour': 'blue', 'stimulus_condition': 'I', 'correct_response': 'b', 'thisN': 20, 'thisTrialN': 0, 'thisRepN': 5}>
22.3305 	DATA 	Keypress: b
22.3437 	EXP 	Fixation: autoDraw = False
22.3437 	EXP 	text: autoDraw = False
22.3437 	EXP 	text: foreColor = <psychopy.colors.Color: blue, alpha=1.0>
22.3437 	EXP 	text: height = np.float64(0.05)
22.3437 	EXP 	text: height = np.float64(0.05)
22.3437 	EXP 	text: height = np.float64(0.05)
22.3437 	EXP 	text: text = 'RED'
22.3437 	EXP 	Fixation: autoDraw = True
22.4944 	EXP 	Device response: <KeyPress from None: t=22.31224410003051, value=b, duration=0.16900619998341426>
22.8249 	INFO 	Keyboard events cleared
22.8248 	EXP 	Fixation: autoDraw = False
22.8248 	EXP 	text: autoDraw = True
23.9251 	EXP 	Device response: <KeyPress from None: t=23.912227399996482, value=r, duration=None>
23.9255 	EXP 	New trial (rep=5, index=1): <Trial 21 (1 in rep 5) data={'word': 'BLUE', 'colour': 'blue', 'stimulus_condition': 'C', 'correct_response': 'b', 'thisN': 21, 'thisTrialN': 1, 'thisRepN': 5}>
23.9304 	DATA 	Keypress: r
23.9434 	EXP 	Fixation: autoDraw = False
23.9434 	EXP 	text: autoDraw = False
23.9434 	EXP 	text: foreColor = <psychopy.colors.Color: blue, alpha=1.0>
23.9434 	EXP 	text: height = np.float64(0.05)
23.9434 	EXP 	text: height = np.float64(0.05)
23.9434 	EXP 	text: height = np.float64(0.05)
23.9434 	EXP 	text: text = 'BLUE'
23.9434 	EXP 	Fixation: autoDraw = True
24.0945 	EXP 	Device response: <KeyPress from None: t=23.912227399996482, value=r, duration=0.1801971000386402>
24.4246 	INFO 	Keyboard events cleared
24.4245 	EXP 	Fixation: autoDraw = False
24.4245 	EXP 	text: autoDraw = True
24.9749 	EXP 	Device response: <KeyPress from None: t=24.967928100028075, value=b, duration=None>
24.9752 	EXP 	New trial (rep=5, index=2): <Trial 22 (2 in rep 5) data={'word': 'RED', 'colour': 'red', 'stimulus_condition': 'C', 'correct_response': 'r', 'thisN': 22, 'thisTrialN': 2, 'thisRepN': 5}>
24.9801 	DATA 	Keypress: b
24.9935 	EXP 	Fixation: autoDraw = False
24.9935 	EXP 	text: autoDraw = False
24.9935 	EXP 	text: foreColor = <psychopy.colors.Color: red, alpha=1.0>
24.9935 	EXP 	text: height = np.float64(0.05)
24.9935 	EXP 	text: height = np.float64(0.05)
24.9935 	EXP 	text: height = np.float64(0.05)
24.9935 	EXP 	text: text = 'RED'
24.9935 	EXP 	Fixation: autoDraw = True
25.1273 	EXP 	Device response: <KeyPress from None: t=24.967928100028075, value=b, duration=0.14377879997482523>
25.4746 	INFO 	Keyboard events cleared
25.4744 	EXP 	Fixation: autoDraw = False
25.4744 	EXP 	text: autoDraw = True
26.0414 	EXP 	Device response: <KeyPress from None: t=26.032153000007384, value=r, duration=None>
26.0417 	EXP 	New trial (rep=5, index=3): <Trial 23 (3 in rep 5) data={'word': 'BLUE', 'colour': 'red', 'stimulus_condition': 'I', 'correct_response': 'r', 'thisN': 23, 'thisTrialN': 3, 'thisRepN': 5}>
26.0466 	DATA 	Keypress: r
26.0599 	EXP 	Fixation: autoDraw = False
26.0599 	EXP 	text: autoDraw = False
26.0599 	EXP 	text: foreColor = <psychopy.colors.Color: red, alpha=1.0>
26.0599 	EXP 	text: height = np.float64(0.05)
26.0599 	EXP 	text: height = np.float64(0.05)
26.0599 	EXP 	text: height = np.float64(0.05)
26.0599 	EXP 	text: text = 'BLUE'
26.0599 	EXP 	Fixation: autoDraw = True
26.1940 	EXP 	Device response: <KeyPress from None: t=26.032153000007384, value=r, duration=0.16043079999508336>
26.5410 	INFO 	Keyboard events cleared
26.5408 	EXP 	Fixation: autoDraw = False
26.5408 	EXP 	text: autoDraw = True
26.9095 	DATA 	Keypress: r
26.9247 	EXP 	Device response: <KeyPress from None: t=26.90826570003992, value=r, duration=None>
26.9251 	EXP 	New trial (rep=6, index=0): <Trial 24 (0 in rep 6) data={'word': 'RED', 'colour': 'red', 'stimulus_condition': 'C', 'correct_response': 'r', 'thisN': 24, 'thisTrialN': 0, 'thisRepN': 6}>
26.9434 	EXP 	Fixation: autoDraw = False
26.9434 	EXP 	text: autoDraw = False
26.9434 	EXP 	text: foreColor = <psychopy.colors.Color: red, alpha=1.0>
26.9434 	EXP 	text: height = np.float64(0.05)
26.9434 	EXP 	text: height = np.float64(0.05)
26.9434 	EXP 	text: height = np.float64(0.05)
26.9434 	EXP 	text: text = 'RED'
26.9434 	EXP 	Fixation: autoDraw = True
27.0938 	EXP 	Device response: <KeyPress from None: t=26.90826570003992, value=r, duration=0.16959539998788387>
27.4242 	INFO 	Keyboard events cleared
27.4241 	EXP 	Fixation: autoDraw = False
27.4241 	EXP 	text: autoDraw = True
27.8078 	EXP 	Device response: <KeyPress from None: t=27.794558399997186, value=r, duration=None>
27.8082 	EXP 	New trial (rep=6, index=1): <Trial 25 (1 in rep 6) data={'word': 'BLUE', 'colour': 'blue', 'stimulus_condition': 'C', 'correct_response': 'b', 'thisN': 25, 'thisTrialN': 1, 'thisRepN': 6}>
27.8132 	DATA 	Keypress: r
27.8264 	EXP 	Fixation: autoDraw = False
27.8264 	EXP 	text: autoDraw = False
27.8264 	EXP 	text: foreColor = <psychopy.colors.Color: blue, alpha=1.0>
27.8264 	EXP 	text: height = np.float64(0.05)
27.8264 	EXP 	text: height = np.float64(0.05)
27.8264 	EXP 	text: height = np.float64(0.05)
27.8264 	EXP 	text: text = 'BLUE'
27.8264 	EXP 	Fixation: autoDraw = True
27.9934 	EXP 	Device response: <KeyPress from None: t=27.794558399997186, value=r, duration=0.19442250003339723>
28.3075 	INFO 	Keyboard events cleared
28.3073 	EXP 	Fixation: autoDraw = False
28.3073 	EXP 	text: autoDraw = True
29.0077 	EXP 	Device response: <KeyPress from None: t=29.000300300016534, value=b, duration=None>
29.0080 	EXP 	New trial (rep=6, index=2): <Trial 26 (2 in rep 6) data={'word': 'RED', 'colour': 'blue', 'stimulus_condition': 'I', 'correct_response': 'b', 'thisN': 26, 'thisTrialN': 2, 'thisRepN': 6}>
29.0136 	DATA 	Keypress: b
29.0261 	EXP 	Fixation: autoDraw = False
29.0261 	EXP 	text: autoDraw = False
29.0261 	EXP 	text: foreColor = <psychopy.colors.Color: blue, alpha=1.0>
29.0261 	EXP 	text: height = np.float64(0.05)
29.0261 	EXP 	text: height = np.float64(0.05)
29.0261 	EXP 	text: height = np.float64(0.05)
29.0261 	EXP 	text: text = 'RED'
29.0261 	EXP 	Fixation: autoDraw = True
29.1768 	EXP 	Device response: <KeyPress from None: t=29.000300300016534, value=b, duration=0.17001150001306087>
29.5072 	INFO 	Keyboard events cleared
29.5070 	EXP 	Fixation: autoDraw = False
29.5070 	EXP 	text: autoDraw = True
30.1742 	EXP 	Device response: <KeyPress from None: t=30.159984300029464, value=b, duration=None>
30.1745 	EXP 	New trial (rep=6, index=3): <Trial 27 (3 in rep 6) data={'word': 'BLUE', 'colour': 'red', 'stimulus_condition': 'I', 'correct_response': 'r', 'thisN': 27, 'thisTrialN': 3, 'thisRepN': 6}>
30.1794 	DATA 	Keypress: b
30.1927 	EXP 	Fixation: autoDraw = False
30.1927 	EXP 	text: autoDraw = False
30.1927 	EXP 	text: foreColor = <psychopy.colors.Color: red, alpha=1.0>
30.1927 	EXP 	text: height = np.float64(0.05)
30.1927 	EXP 	text: height = np.float64(0.05)
30.1927 	EXP 	text: height = np.float64(0.05)
30.1927 	EXP 	text: text = 'BLUE'
30.1927 	EXP 	Fixation: autoDraw = True
30.3434 	EXP 	Device response: <KeyPress from None: t=30.159984300029464, value=b, duration=0.18030150001868606>
30.6737 	INFO 	Keyboard events cleared
30.6736 	EXP 	Fixation: autoDraw = False
30.6736 	EXP 	text: autoDraw = True
31.4239 	EXP 	Device response: <KeyPress from None: t=31.410930200014263, value=r, duration=None>
31.4242 	EXP 	New trial (rep=7, index=0): <Trial 28 (0 in rep 7) data={'word': 'RED', 'colour': 'blue', 'stimulus_condition': 'I', 'correct_response': 'b', 'thisN': 28, 'thisTrialN': 0, 'thisRepN': 7}>
31.4291 	DATA 	Keypress: r
31.4426 	EXP 	Fixation: autoDraw = False
31.4426 	EXP 	text: autoDraw = False
31.4426 	EXP 	text: foreColor = <psychopy.colors.Color: blue, alpha=1.0>
31.4426 	EXP 	text: height = np.float64(0.05)
31.4426 	EXP 	text: height = np.float64(0.05)
31.4426 	EXP 	text: height = np.float64(0.05)
31.4426 	EXP 	text: text = 'RED'
31.4426 	EXP 	Fixation: autoDraw = True
31.5761 	EXP 	Device response: <KeyPress from None: t=31.410930200014263, value=r, duration=0.1497576999827288>
31.9237 	INFO 	Keyboard events cleared
31.9236 	EXP 	Fixation: autoDraw = False
31.9236 	EXP 	text: autoDraw = True
32.4575 	EXP 	Device response: <KeyPress from None: t=32.45220659999177, value=b, duration=None>
32.4579 	EXP 	New trial (rep=7, index=1): <Trial 29 (1 in rep 7) data={'word': 'BLUE', 'colour': 'red', 'stimulus_condition': 'I', 'correct_response': 'r', 'thisN': 29, 'thisTrialN': 1, 'thisRepN': 7}>
32.4631 	DATA 	Keypress: b
32.4755 	EXP 	Fixation: autoDraw = False
32.4755 	EXP 	text: autoDraw = False
32.4755 	EXP 	text: foreColor = <psychopy.colors.Color: red, alpha=1.0>
32.4755 	EXP 	text: height = np.float64(0.05)
32.4755 	EXP 	text: height = np.float64(0.05)
32.4755 	EXP 	text: height = np.float64(0.05)
32.4755 	EXP 	text: text = 'BLUE'
32.4755 	EXP 	Fixation: autoDraw = True
32.6267 	EXP 	Device response: <KeyPress from None: t=32.45220659999177, value=b, duration=0.16537760000210255>
32.9569 	INFO 	Keyboard events cleared
32.9567 	EXP 	Fixation: autoDraw = False
32.9567 	EXP 	text: autoDraw = True
33.5401 	EXP 	Device response: <KeyPress from None: t=33.52765350003028, value=r, duration=None>
33.5405 	EXP 	New trial (rep=7, index=2): <Trial 30 (2 in rep 7) data={'word': 'BLUE', 'colour': 'blue', 'stimulus_condition': 'C', 'correct_response': 'b', 'thisN': 30, 'thisTrialN': 2, 'thisRepN': 7}>
33.5423 	DATA 	Keypress: r
33.5590 	EXP 	Fixation: autoDraw = False
33.5590 	EXP 	text: autoDraw = False
33.5590 	EXP 	text: foreColor = <psychopy.colors.Color: blue, alpha=1.0>
33.5590 	EXP 	text: text = 'BLUE'
33.5590 	EXP 	Fixation: autoDraw = True
33.6596 	EXP 	Device response: <KeyPress from None: t=33.52765350003028, value=r, duration=0.12994389998493716>
34.0401 	INFO 	Keyboard events cleared
34.0400 	EXP 	Fixation: autoDraw = False
34.0400 	EXP 	text: autoDraw = True
34.6081 	DATA 	Keypress: b
34.6235 	EXP 	Device response: <KeyPress from None: t=34.60744540003361, value=b, duration=None>
34.6238 	EXP 	New trial (rep=7, index=3): <Trial 31 (3 in rep 7) data={'word': 'RED', 'colour': 'red', 'stimulus_condition': 'C', 'correct_response': 'r', 'thisN': 31, 'thisTrialN': 3, 'thisRepN': 7}>
34.6422 	EXP 	Fixation: autoDraw = False
34.6422 	EXP 	text: autoDraw = False
34.6422 	EXP 	text: foreColor = <psychopy.colors.Color: red, alpha=1.0>
34.6422 	EXP 	text: height = np.float64(0.05)
34.6422 	EXP 	text: height = np.float64(0.05)
34.6422 	EXP 	text: height = np.float64(0.05)
34.6422 	EXP 	text: text = 'RED'
34.6422 	EXP 	Fixation: autoDraw = True
34.7096 	EXP 	Device response: <KeyPress from None: t=34.60744540003361, value=b, duration=0.10036199999740347>
35.1233 	INFO 	Keyboard events cleared
35.1231 	EXP 	Fixation: autoDraw = False
35.1231 	EXP 	text: autoDraw = True
35.7402 	EXP 	Device response: <KeyPress from None: t=35.73837670002831, value=r, duration=None>
35.7405 	EXP 	New trial (rep=8, index=0): <Trial 32 (0 in rep 8) data={'word': 'RED', 'colour': 'red', 'stimulus_condition': 'C', 'correct_response': 'r', 'thisN': 32, 'thisTrialN': 0, 'thisRepN': 8}>
35.7423 	DATA 	Keypress: r
35.7587 	EXP 	Fixation: autoDraw = False
35.7587 	EXP 	text: autoDraw = False
35.7587 	EXP 	text: foreColor = <psychopy.colors.Color: red, alpha=1.0>
35.7587 	EXP 	text: text = 'RED'
35.7587 	EXP 	Fixation: autoDraw = True
35.9260 	EXP 	Device response: <KeyPress from None: t=35.73837670002831, value=r, duration=0.1812008999986574>
36.2398 	INFO 	Keyboard events cleared
36.2397 	EXP 	Fixation: autoDraw = False
36.2397 	EXP 	text: autoDraw = True
36.7233 	EXP 	Device response: <KeyPress from None: t=36.71015580004314, value=r, duration=None>
36.7237 	EXP 	New trial (rep=8, index=1): <Trial 33 (1 in rep 8) data={'word': 'RED', 'colour': 'blue', 'stimulus_condition': 'I', 'correct_response': 'b', 'thisN': 33, 'thisTrialN': 1, 'thisRepN': 8}>
36.7255 	DATA 	Keypress: r
36.7422 	EXP 	Fixation: autoDraw = False
36.7422 	EXP 	text: autoDraw = False
36.7422 	EXP 	text: foreColor = <psychopy.colors.Color: blue, alpha=1.0>
36.7422 	EXP 	text: text = 'RED'
36.7422 	EXP 	Fixation: autoDraw = True
36.9091 	EXP 	Device response: <KeyPress from None: t=36.71015580004314, value=r, duration=0.18372849997831509>
37.2228 	INFO 	Keyboard events cleared
37.2227 	EXP 	Fixation: autoDraw = False
37.2227 	EXP 	text: autoDraw = True
37.8067 	EXP 	Device response: <KeyPress from None: t=37.80460120004136, value=b, duration=None>
37.8070 	EXP 	New trial (rep=8, index=2): <Trial 34 (2 in rep 8) data={'word': 'BLUE', 'colour': 'red', 'stimulus_condition': 'I', 'correct_response': 'r', 'thisN': 34, 'thisTrialN': 2, 'thisRepN': 8}>
37.8112 	DATA 	Keypress: b
37.8298 	EXP 	Fixation: autoDraw = False
37.8298 	EXP 	text: autoDraw = False
37.8298 	EXP 	text: foreColor = <psychopy.colors.Color: red, alpha=1.0>
37.8298 	EXP 	text: height = np.float64(0.05)
37.8298 	EXP 	text: height = np.float64(0.05)
37.8298 	EXP 	text: height = np.float64(0.05)
37.8298 	EXP 	text: text = 'BLUE'
37.8298 	EXP 	Fixation: autoDraw = True
37.9760 	EXP 	Device response: <KeyPress from None: t=37.80460120004136, value=b, duration=0.1704409999656491>
38.3059 	INFO 	Keyboard events cleared
38.3057 	EXP 	Fixation: autoDraw = False
38.3057 	EXP 	text: autoDraw = True
38.8910 	DATA 	Keypress: r
38.9063 	EXP 	Device response: <KeyPress from None: t=38.89035140001215, value=r, duration=None>
38.9067 	EXP 	New trial (rep=8, index=3): <Trial 35 (3 in rep 8) data={'word': 'BLUE', 'colour': 'blue', 'stimulus_condition': 'C', 'correct_response': 'b', 'thisN': 35, 'thisTrialN': 3, 'thisRepN': 8}>
38.9253 	EXP 	Fixation: autoDraw = False
38.9253 	EXP 	text: autoDraw = False
38.9253 	EXP 	text: foreColor = <psychopy.colors.Color: blue, alpha=1.0>
38.9253 	EXP 	text: text = 'BLUE'
38.9253 	EXP 	Fixation: autoDraw = True
39.0757 	EXP 	Device response: <KeyPress from None: t=38.89035140001215, value=r, duration=0.18083249998744577>
39.4060 	INFO 	Keyboard events cleared
39.4059 	EXP 	Fixation: autoDraw = False
39.4059 	EXP 	text: autoDraw = True
39.8892 	EXP 	Device response: <KeyPress from None: t=39.88647900003707, value=b, duration=None>
39.8895 	EXP 	New trial (rep=9, index=0): <Trial 36 (0 in rep 9) data={'word': 'RED', 'colour': 'red', 'stimulus_condition': 'C', 'correct_response': 'r', 'thisN': 36, 'thisTrialN': 0, 'thisRepN': 9}>
39.8943 	DATA 	Keypress: b
39.9081 	EXP 	Fixation: autoDraw = False
39.9081 	EXP 	text: autoDraw = False
39.9081 	EXP 	text: foreColor = <psychopy.colors.Color: red, alpha=1.0>
39.9081 	EXP 	text: height = np.float64(0.05)
39.9081 	EXP 	text: height = np.float64(0.05)
39.9081 	EXP 	text: height = np.float64(0.05)
39.9081 	EXP 	text: text = 'RED'
39.9081 	EXP 	Fixation: autoDraw = True
40.0753 	EXP 	Device response: <KeyPress from None: t=39.88647900003707, value=b, duration=0.17977009998867288>
40.3892 	INFO 	Keyboard events cleared
40.3890 	EXP 	Fixation: autoDraw = False
40.3890 	EXP 	text: autoDraw = True
40.8726 	EXP 	Device response: <KeyPress from None: t=40.8675192000228, value=r, duration=None>
40.8729 	EXP 	New trial (rep=9, index=1): <Trial 37 (1 in rep 9) data={'word': 'BLUE', 'colour': 'blue', 'stimulus_condition': 'C', 'correct_response': 'b', 'thisN': 37, 'thisTrialN': 1, 'thisRepN': 9}>
40.8779 	DATA 	Keypress: r
40.8915 	EXP 	Fixation: autoDraw = False
40.8915 	EXP 	text: autoDraw = False
40.8915 	EXP 	text: foreColor = <psychopy.colors.Color: blue, alpha=1.0>
40.8915 	EXP 	text: height = np.float64(0.05)
40.8915 	EXP 	text: height = np.float64(0.05)
40.8915 	EXP 	text: height = np.float64(0.05)
40.8915 	EXP 	text: text = 'BLUE'
40.8915 	EXP 	Fixation: autoDraw = True
41.0588 	EXP 	Device response: <KeyPress from None: t=40.8675192000228, value=r, duration=0.18025069998111576>
41.3724 	INFO 	Keyboard events cleared
41.3723 	EXP 	Fixation: autoDraw = False
41.3723 	EXP 	text: autoDraw = True
41.7896 	EXP 	Device response: <KeyPress from None: t=41.787472900003195, value=b, duration=None>
41.7900 	EXP 	New trial (rep=9, index=2): <Trial 38 (2 in rep 9) data={'word': 'BLUE', 'colour': 'red', 'stimulus_condition': 'I', 'correct_response': 'r', 'thisN': 38, 'thisTrialN': 2, 'thisRepN': 9}>
41.7918 	DATA 	Keypress: b
41.8082 	EXP 	Fixation: autoDraw = False
41.8082 	EXP 	text: autoDraw = False
41.8082 	EXP 	text: foreColor = <psychopy.colors.Color: red, alpha=1.0>
41.8082 	EXP 	text: text = 'BLUE'
41.8082 	EXP 	Fixation: autoDraw = True
41.9585 	EXP 	Device response: <KeyPress from None: t=41.787472900003195, value=b, duration=0.16060220001963899>
42.2889 	INFO 	Keyboard events cleared
42.2888 	EXP 	Fixation: autoDraw = False
42.2888 	EXP 	text: autoDraw = True
43.0054 	EXP 	Device response: <KeyPress from None: t=43.003191700030584, value=b, duration=None>
43.0058 	EXP 	New trial (rep=9, index=3): <Trial 39 (3 in rep 9) data={'word': 'RED', 'colour': 'blue', 'stimulus_condition': 'I', 'correct_response': 'b', 'thisN': 39, 'thisTrialN': 3, 'thisRepN': 9}>
43.0106 	DATA 	Keypress: b
43.0243 	EXP 	Fixation: autoDraw = False
43.0243 	EXP 	text: autoDraw = False
43.0243 	EXP 	text: foreColor = <psychopy.colors.Color: blue, alpha=1.0>
43.0243 	EXP 	text: height = np.float64(0.05)
43.0243 	EXP 	text: height = np.float64(0.05)
43.0243 	EXP 	text: height = np.float64(0.05)
43.0243 	EXP 	text: text = 'RED'
43.0243 	EXP 	Fixation: autoDraw = True
43.1583 	EXP 	Device response: <KeyPress from None: t=43.003191700030584, value=b, duration=0.1395817999728024>
43.5052 	INFO 	Keyboard events cleared
43.5050 	EXP 	Fixation: autoDraw = False
43.5050 	EXP 	text: autoDraw = True
44.5723 	EXP 	Device response: <KeyPress from None: t=44.56485760002397, value=r, duration=None>
44.5755 	DATA 	Keypress: r
44.5883 	EXP 	Fixation: autoDraw = False
44.5883 	EXP 	text: autoDraw = False
44.5883 	EXP 	text_3: autoDraw = True
44.7556 	EXP 	Device response: <KeyPress from None: t=44.56485760002397, value=r, duration=0.18007180001586676>
45.4055 	EXP 	Device response: <KeyPress from None: t=45.39525970001705, value=b, duration=None>
45.4066 	DATA 	Keypress: b
45.5390 	EXP 	Device response: <KeyPress from None: t=45.39525970001705, value=b, duration=0.12896280002314597>
45.5886 	EXP 	text_3: autoDraw = False
45.5886 	EXP 	text_3: autoDraw = False
45.5887 	EXP 	Stroop Task: status = STOPPED
45.6141 	INFO 	saved data to 'C:\\Users\\123\\OneDrive\\Desktop\\Lab Psychology\\stroop task\\data\\031443_Stroop Task_2025-08-24_14h37.47.339.csv'
45.6165 	INFO 	saved data to C:\Users\123\OneDrive\Desktop\Lab Psychology\stroop task\data\031443_Stroop Task_2025-08-24_14h37.47.339.psydat
46.1124 	WARNING 	Stopping key buffers but this could be dangerous ifother keyboards rely on the same.
46.1284 	WARNING 	Stopping key buffers but this could be dangerous ifother keyboards rely on the same.
