11.2960 	INFO 	Loaded monitor calibration from ['2025_08_11 23:33']
11.3179 	WARNING 	User requested fullscreen with size [1024  768], but screen is actually [1920, 1080]. Using actual size
11.9332 	INFO 	Using renderer 'Intel(R) UHD Graphics' for graphics
11.9333 	INFO 	OpenGL version supported by driver is 4..
12.2113 	EXP 	Created window1 = Window(allowGUI=False, allowStencil=False, autoLog=True, backendConf=UNKNOWN, backgroundFit=<method-wrapper '__getattribute__' of attributeSetter object at 0x000001E2F8E6E7D0>, backgroundImage=<method-wrapper '__getattribute__' of attributeSetter object at 0x000001E2F8E6E770>, bitsMode=UNKNOWN, blendMode='avg', bpc=(8, 8, 8), color=array([0, 0, 0]), colorSpace='rgb', depthBits=8, fullscr=True, gamma=None, gammaErrorPolicy='raise', infoMsg=UNKNOWN, lms=UNKNOWN, monitor=<psychopy.monitors.calibTools.Monitor object at 0x000001E2F8F61CC0>, multiSample=False, name='window1', numSamples=2, pos=[np.float64(0.0), np.float64(0.0)], screen=0, size=array([1920, 1080]), stencilBits=0, stereo=False, title='PsychoPy', units='height', useFBO=True, useRetina=False, viewOri=0.0, viewPos=None, viewScale=None, waitBlanking=True, winType='pyglet')
12.2114 	EXP 	window1: backgroundImage = ''
12.2114 	EXP 	window1: backgroundFit = 'none'
12.6393 	EXP 	window1: Attempting to measure frame rate of screen (0) ...
12.6393 	EXP 	window1: recordFrameIntervals = False
12.7856 	EXP 	window1: recordFrameIntervals = True
12.9693 	EXP 	Screen (0) actual frame rate measured at 59.92Hz
12.9693 	EXP 	window1: recordFrameIntervals = False
13.0485 	INFO 	keyboard.Keyboard is using ptb backend.
13.0486 	INFO 	keyboard.Keyboard is using ptb backend.
13.0486 	EXP 	Stroop Task: status = STARTED
13.3120 	EXP 	Created text_2 = TextStim(__class__=<class 'psychopy.visual.text.TextStim'>, alignHoriz=method-wrapper(...), alignText='center', alignVert=method-wrapper(...), anchorHoriz='center', anchorVert='center', antialias=True, autoDraw=False, autoLog=True, bold=False, color=array([1., 1., 1.]), colorSpace='rgb', contrast=1.0, depth=0.0, draggable=False, flipHoriz=False, flipVert=False, font='Arial', fontFiles=[], height=np.float64(0.05), italic=False, languageStyle='LTR', name='text_2', opacity=1, ori=0.0, pos=array([0., 0.]), rgb=UNKNOWN, text='Welcome', units='height', win=Window(...), wrapWidth=1)
13.3181 	EXP 	Created Fixation = ShapeStim(__class__=<class 'psychopy.visual.shape.ShapeStim'>, anchor=('center', 'center'), autoDraw=False, autoLog=True, closeShape=True, color=method-wrapper(...), colorSpace='rgb', contrast=None, depth=0.0, draggable=False, fillColor=array([1, 1, 1]), fillColorSpace='rgb', fillRGB=array([1, 1, 1]), interpolate=True, lineColor=array([1., 1., 1.]), lineColorSpace='rgb', lineRGB=array([1, 1, 1]), lineWidth=1.0, name='Fixation', opacity=1, ori=0.0, pos=array([0., 0.]), size=array([10., 10.]), units='height', vertices=ndarray(...), win=Window(...), windingRule=None)
13.3189 	EXP 	Created text = TextStim(__class__=<class 'psychopy.visual.text.TextStim'>, alignHoriz=method-wrapper(...), alignText='center', alignVert=method-wrapper(...), anchorHoriz='center', anchorVert='center', antialias=True, autoDraw=False, autoLog=True, bold=False, color=array([1., 1., 1.]), colorSpace='rgb', contrast=1.0, depth=-1.0, draggable=False, flipHoriz=False, flipVert=False, font='Arial', fontFiles=[], height=0.05, italic=False, languageStyle='LTR', name='text', opacity=1, ori=0.0, pos=array([0., 0.]), rgb=UNKNOWN, text='', units='height', win=Window(...), wrapWidth=1)
13.3270 	EXP 	Created text_3 = TextStim(__class__=<class 'psychopy.visual.text.TextStim'>, alignHoriz=method-wrapper(...), alignText='center', alignVert=method-wrapper(...), anchorHoriz='center', anchorVert='center', antialias=True, autoDraw=False, autoLog=True, bold=False, color=array([1., 1., 1.]), colorSpace='rgb', contrast=1.0, depth=0.0, draggable=False, flipHoriz=False, flipVert=False, font='Arial', fontFiles=[], height=np.float64(0.05), italic=False, languageStyle='LTR', name='text_3', opacity=1, ori=0.0, pos=array([0., 0.]), rgb=UNKNOWN, text='Thank you', units='height', win=Window(...), wrapWidth=1)
0.0069 	EXP 	text_2: autoDraw = True
1.0045 	EXP 	Imported Cond Stroop task.xlsx as conditions, 4 conditions, 4 params
1.0077 	EXP 	New trial (rep=0, index=0): <Trial 0 (0 in rep 0) data={'word': 'RED', 'colour': 'blue', 'stimulus_condition': 'I', 'correct_response': 'b', 'thisN': 0, 'thisTrialN': 0, 'thisRepN': 0}>
1.0286 	EXP 	text_2: autoDraw = False
1.0286 	EXP 	text_2: autoDraw = False
1.0286 	EXP 	text: foreColor = <psychopy.colors.Color: blue, alpha=1.0>
1.0286 	EXP 	text: height = np.float64(0.05)
1.0286 	EXP 	text: height = np.float64(0.05)
1.0286 	EXP 	text: height = np.float64(0.05)
1.0286 	EXP 	text: text = 'RED'
1.0286 	EXP 	Fixation: autoDraw = True
1.5079 	INFO 	Keyboard events cleared
1.5078 	EXP 	Fixation: autoDraw = False
1.5078 	EXP 	text: autoDraw = True
6.0074 	EXP 	text: autoDraw = False
24.0399 	DATA 	Mouse: Left button down, pos=(1502,500)
24.2568 	DATA 	Mouse:  Left button up, pos=(1502,500)
26.1002 	EXP 	Device response: <KeyPress from None: t=26.028459199998906, value=space, duration=None>
26.1013 	DATA 	Keypress: space
26.1560 	EXP 	Device response: <KeyPress from None: t=26.028459199998906, value=space, duration=0.11995010000100592>
26.5389 	EXP 	Device response: <KeyPress from None: t=26.528402699999788, value=return, duration=None>
26.5397 	DATA 	Keypress: return
26.6390 	EXP 	Device response: <KeyPress from None: t=26.528402699999788, value=return, duration=0.10013739999885729>
26.7390 	EXP 	Device response: <KeyPress from None: t=26.733599699999104, value=return, duration=None>
26.7397 	DATA 	Keypress: return
26.8391 	EXP 	Device response: <KeyPress from None: t=26.733599699999104, value=return, duration=0.10020710000026156>
29.4914 	DATA 	Keypress: escape
29.5056 	EXP 	Device response: <KeyPress from None: t=29.490223399998285, value=escape, duration=None>
29.7222 	EXP 	Device response: <KeyPress from None: t=29.490223399998285, value=escape, duration=0.22564280000005965>
29.7223 	EXP 	Stroop Task: status = STOPPED
29.7386 	EXP 	Stroop Task: status = STOPPED
29.7460 	INFO 	saved data to 'C:\\Users\\123\\OneDrive\\Desktop\\Lab Psychology\\stroop task\\data\\084974_Stroop Task_2025-08-25_16h33.57.112.csv'
29.7488 	INFO 	saved data to C:\Users\123\OneDrive\Desktop\Lab Psychology\stroop task\data\084974_Stroop Task_2025-08-25_16h33.57.112.psydat
30.1784 	WARNING 	Stopping key buffers but this could be dangerous ifother keyboards rely on the same.
30.2195 	WARNING 	Stopping key buffers but this could be dangerous ifother keyboards rely on the same.
