15.2233 	INFO 	Loaded monitor calibration from ['2025_08_11 23:33']
15.4808 	INFO 	Using renderer 'Intel(R) UHD Graphics' for graphics
15.4809 	INFO 	OpenGL version supported by driver is 4..
15.7322 	EXP 	Created window1 = Window(allowGUI=True, allowStencil=False, autoLog=True, backendConf=UNKNOWN, backgroundFit=<method-wrapper '__getattribute__' of attributeSetter object at 0x0000019FF40F2080>, backgroundImage=<method-wrapper '__getattribute__' of attributeSetter object at 0x0000019FF40F2020>, bitsMode=UNKNOWN, blendMode='avg', bpc=(8, 8, 8), color=array([0, 0, 0]), colorSpace='rgb', depthBits=8, fullscr=False, gamma=None, gammaErrorPolicy='raise', infoMsg=UNKNOWN, lms=UNKNOWN, monitor=<psychopy.monitors.calibTools.Monitor object at 0x0000019FF41D16C0>, multiSample=False, name='window1', numSamples=2, pos=[np.float64(460.0), np.float64(240.0)], screen=0, size=array([1000,  600]), stencilBits=0, stereo=False, title='PsychoPy', units='height', useFBO=True, useRetina=False, viewOri=0.0, viewPos=None, viewScale=None, waitBlanking=True, winType='pyglet')
15.7323 	EXP 	window1: backgroundImage = ''
15.7323 	EXP 	window1: backgroundFit = 'none'
16.2798 	EXP 	window1: Attempting to measure frame rate of screen (0) ...
16.2798 	EXP 	window1: recordFrameIntervals = False
16.2882 	DATA 	Mouse:  Left button up, pos=(293,517)
16.4726 	EXP 	window1: recordFrameIntervals = True
16.6568 	EXP 	Screen (0) actual frame rate measured at 59.67Hz
16.6568 	EXP 	window1: recordFrameIntervals = False
16.7033 	INFO 	keyboard.Keyboard is using ptb backend.
16.7034 	INFO 	keyboard.Keyboard is using ptb backend.
16.7034 	EXP 	Staircase: status = STARTED
17.1214 	EXP 	Created text = TextStim(__class__=<class 'psychopy.visual.text.TextStim'>, alignHoriz=method-wrapper(...), alignText='center', alignVert=method-wrapper(...), anchorHoriz='center', anchorVert='center', antialias=True, autoDraw=False, autoLog=True, bold=False, color=array([1., 1., 1.]), colorSpace='rgb', contrast=1.0, depth=0.0, draggable=False, flipHoriz=False, flipVert=False, font='Arial', fontFiles=[], height=np.float64(0.05), italic=False, languageStyle='LTR', name='text', opacity=1, ori=0.0, pos=array([0., 0.]), rgb=UNKNOWN, text=str(...), units='height', win=Window(...), wrapWidth=1)
17.1258 	EXP 	Created Fixation = ShapeStim(__class__=<class 'psychopy.visual.shape.ShapeStim'>, anchor=('center', 'center'), autoDraw=False, autoLog=True, closeShape=True, color=method-wrapper(...), colorSpace='rgb', contrast=None, depth=-1.0, draggable=False, fillColor=array([1, 1, 1]), fillColorSpace='rgb', fillRGB=array([1, 1, 1]), interpolate=True, lineColor=array([1., 1., 1.]), lineColorSpace='rgb', lineRGB=array([1, 1, 1]), lineWidth=1.0, name='Fixation', opacity=1, ori=0.0, pos=array([0., 0.]), size=array([0.1, 0.1]), units='height', vertices=ndarray(...), win=Window(...), windingRule=None)
17.1713 	EXP 	Created grating = GratingStim(__class__=<class 'psychopy.visual.grating.GratingStim'>, anchor='center', autoDraw=False, autoLog=True, blendmode='avg', color=array([0.5, 0.5, 0.5]), colorSpace='rgb', contrast=0.5, depth=-2.0, draggable=False, interpolate=True, mask='gauss', maskParams=None, name='grating', opacity=1, ori=1.0, phase=array([0., 0.]), pos=array([0., 0.]), rgbPedestal=array([0., 0., 0.]), sf=array([8., 8.]), size=array([0.3, 0.3]), tex='sin', texRes=128.0, units='height', win=Window(...))
17.1796 	EXP 	Created text_2 = TextStim(__class__=<class 'psychopy.visual.text.TextStim'>, alignHoriz=method-wrapper(...), alignText='center', alignVert=method-wrapper(...), anchorHoriz='center', anchorVert='center', antialias=True, autoDraw=False, autoLog=True, bold=False, color=array([1., 1., 1.]), colorSpace='rgb', contrast=1.0, depth=0.0, draggable=False, flipHoriz=False, flipVert=False, font='Arial', fontFiles=[], height=np.float64(0.05), italic=False, languageStyle='LTR', name='text_2', opacity=1, ori=0.0, pos=array([0., 0.]), rgb=UNKNOWN, text='Thank you. ', units='height', win=Window(...), wrapWidth=1)
0.0258 	EXP 	text: autoDraw = True
1.9927 	WARNING 	Increasing number of minimum required reversals to the number of step sizes, (4).
2.0090 	EXP 	text: autoDraw = False
2.0090 	EXP 	grating: ori = np.float64(10.0)
2.0090 	EXP 	Fixation: autoDraw = True
2.5170 	INFO 	Keyboard events cleared
2.5169 	EXP 	Fixation: autoDraw = False
2.5169 	EXP 	grating: autoDraw = True
2.5169 	EXP 	grating: tex = 'sin'
2.8264 	EXP 	grating: autoDraw = False
3.0329 	EXP 	Device response: <KeyPress from None: t=3.014327900003991, value=right, duration=None>
3.0346 	DATA 	Keypress: right
3.0418 	EXP 	Fixation: autoDraw = False
3.0418 	EXP 	grating: autoDraw = False
3.0418 	EXP 	grating: ori = np.float64(8.0)
3.0418 	EXP 	Fixation: autoDraw = True
3.1927 	EXP 	Device response: <KeyPress from None: t=3.014327900003991, value=right, duration=0.16468849999364465>
3.5438 	INFO 	Keyboard events cleared
3.5434 	EXP 	Fixation: autoDraw = False
3.5434 	EXP 	grating: autoDraw = True
3.8417 	EXP 	grating: autoDraw = False
4.0100 	EXP 	Device response: <KeyPress from None: t=4.000117400006275, value=right, duration=None>
4.0118 	DATA 	Keypress: right
4.0253 	EXP 	Fixation: autoDraw = False
4.0253 	EXP 	grating: autoDraw = False
4.0253 	EXP 	grating: ori = np.float64(-6.0)
4.0253 	EXP 	Fixation: autoDraw = True
4.1589 	EXP 	Device response: <KeyPress from None: t=4.000117400006275, value=right, duration=0.15098690000013448>
4.5255 	INFO 	Keyboard events cleared
4.5252 	EXP 	Fixation: autoDraw = False
4.5252 	EXP 	grating: autoDraw = True
4.8252 	EXP 	grating: autoDraw = False
5.0261 	EXP 	Device response: <KeyPress from None: t=5.015757000001031, value=left, duration=None>
5.0277 	DATA 	Keypress: left
5.0421 	EXP 	Fixation: autoDraw = False
5.0421 	EXP 	grating: autoDraw = False
5.0421 	EXP 	grating: ori = np.float64(-4.0)
5.0421 	EXP 	Fixation: autoDraw = True
5.1767 	EXP 	Device response: <KeyPress from None: t=5.015757000001031, value=left, duration=0.16009859999758191>
5.5429 	INFO 	Keyboard events cleared
5.5426 	EXP 	Fixation: autoDraw = False
5.5426 	EXP 	grating: autoDraw = True
5.8422 	EXP 	grating: autoDraw = False
5.9755 	EXP 	Device response: <KeyPress from None: t=5.97115969999868, value=left, duration=None>
5.9773 	DATA 	Keypress: left
5.9923 	EXP 	Fixation: autoDraw = False
5.9923 	EXP 	grating: autoDraw = False
5.9923 	EXP 	grating: ori = np.float64(2.0)
5.9923 	EXP 	Fixation: autoDraw = True
6.1270 	EXP 	Device response: <KeyPress from None: t=5.97115969999868, value=left, duration=0.15523790000588633>
6.4758 	INFO 	Keyboard events cleared
6.4756 	EXP 	grating: autoDraw = True
6.4922 	EXP 	Fixation: autoDraw = False
6.7753 	EXP 	grating: autoDraw = False
6.9255 	EXP 	Device response: <KeyPress from None: t=6.916388500001631, value=left, duration=None>
6.9270 	DATA 	Keypress: left
6.9410 	EXP 	Fixation: autoDraw = False
6.9410 	EXP 	grating: autoDraw = False
6.9410 	EXP 	grating: ori = np.float64(-3.0)
6.9410 	EXP 	Fixation: autoDraw = True
7.0762 	EXP 	Device response: <KeyPress from None: t=6.916388500001631, value=left, duration=0.15506030000688042>
7.4256 	INFO 	Keyboard events cleared
7.4253 	EXP 	grating: autoDraw = True
7.4420 	EXP 	Fixation: autoDraw = False
7.7245 	EXP 	grating: autoDraw = False
7.8261 	EXP 	Device response: <KeyPress from None: t=7.8122965000075055, value=left, duration=None>
7.8276 	DATA 	Keypress: left
7.8417 	EXP 	Fixation: autoDraw = False
7.8417 	EXP 	grating: autoDraw = False
7.8417 	EXP 	grating: ori = np.float64(-3.0)
7.8417 	EXP 	Fixation: autoDraw = True
7.9763 	EXP 	Device response: <KeyPress from None: t=7.8122965000075055, value=left, duration=0.1597258999972837>
8.3419 	INFO 	Keyboard events cleared
8.3418 	EXP 	Fixation: autoDraw = False
8.3418 	EXP 	grating: autoDraw = True
8.6412 	EXP 	grating: autoDraw = False
8.8088 	EXP 	Device response: <KeyPress from None: t=8.803575500001898, value=left, duration=None>
8.8104 	DATA 	Keypress: left
8.8248 	EXP 	Fixation: autoDraw = False
8.8248 	EXP 	grating: autoDraw = False
8.8248 	EXP 	grating: ori = np.float64(-3.0)
8.8248 	EXP 	Fixation: autoDraw = True
8.9760 	EXP 	Device response: <KeyPress from None: t=8.803575500001898, value=left, duration=0.17005489999428391>
9.3086 	INFO 	Keyboard events cleared
9.3084 	EXP 	grating: autoDraw = True
9.3253 	EXP 	Fixation: autoDraw = False
9.6079 	EXP 	grating: autoDraw = False
9.8763 	EXP 	Device response: <KeyPress from None: t=9.87359760000254, value=left, duration=None>
9.8779 	DATA 	Keypress: left
9.8921 	EXP 	Fixation: autoDraw = False
9.8921 	EXP 	grating: autoDraw = False
9.8921 	EXP 	grating: ori = np.float64(-2.0)
9.8921 	EXP 	Fixation: autoDraw = True
10.0428 	EXP 	Device response: <KeyPress from None: t=9.87359760000254, value=left, duration=0.15588950000528712>
10.3921 	INFO 	Keyboard events cleared
10.3919 	EXP 	Fixation: autoDraw = False
10.3919 	EXP 	grating: autoDraw = True
10.6913 	EXP 	grating: autoDraw = False
10.8919 	EXP 	Device response: <KeyPress from None: t=10.889507700005197, value=left, duration=None>
10.8934 	DATA 	Keypress: left
10.9086 	EXP 	Fixation: autoDraw = False
10.9086 	EXP 	grating: autoDraw = False
10.9086 	EXP 	grating: ori = np.float64(-2.0)
10.9086 	EXP 	Fixation: autoDraw = True
11.0589 	EXP 	Device response: <KeyPress from None: t=10.889507700005197, value=left, duration=0.16436049999902025>
11.3920 	INFO 	Keyboard events cleared
11.3919 	EXP 	grating: autoDraw = True
11.4082 	EXP 	Fixation: autoDraw = False
11.6908 	EXP 	grating: autoDraw = False
11.8426 	EXP 	Device response: <KeyPress from None: t=11.835656700000982, value=left, duration=None>
11.8441 	DATA 	Keypress: left
11.8581 	EXP 	Fixation: autoDraw = False
11.8581 	EXP 	grating: autoDraw = False
11.8581 	EXP 	grating: ori = np.float64(2.0)
11.8581 	EXP 	Fixation: autoDraw = True
12.0252 	EXP 	Device response: <KeyPress from None: t=11.835656700000982, value=left, duration=0.17389700000057928>
12.3423 	INFO 	Keyboard events cleared
12.3421 	EXP 	grating: autoDraw = True
12.3581 	EXP 	Fixation: autoDraw = False
12.6409 	EXP 	grating: autoDraw = False
12.9593 	EXP 	Device response: <KeyPress from None: t=12.94648589999997, value=right, duration=None>
12.9608 	DATA 	Keypress: right
12.9749 	EXP 	Fixation: autoDraw = False
12.9749 	EXP 	grating: autoDraw = False
12.9749 	EXP 	grating: ori = np.float64(-1.0)
12.9749 	EXP 	Fixation: autoDraw = True
13.1093 	EXP 	Device response: <KeyPress from None: t=12.94648589999997, value=right, duration=0.1550415000092471>
13.4747 	INFO 	Keyboard events cleared
13.4743 	EXP 	grating: autoDraw = True
13.4917 	EXP 	Fixation: autoDraw = False
13.7744 	EXP 	grating: autoDraw = False
13.9758 	EXP 	Device response: <KeyPress from None: t=13.962074399998528, value=right, duration=None>
13.9774 	DATA 	Keypress: right
13.9915 	EXP 	Fixation: autoDraw = False
13.9915 	EXP 	grating: autoDraw = False
13.9915 	EXP 	grating: ori = np.float64(1.5)
13.9915 	EXP 	Fixation: autoDraw = True
14.1248 	EXP 	Device response: <KeyPress from None: t=13.962074399998528, value=right, duration=0.15868410000985023>
14.4752 	INFO 	Keyboard events cleared
14.4750 	EXP 	grating: autoDraw = True
14.4917 	EXP 	Fixation: autoDraw = False
14.7738 	EXP 	grating: autoDraw = False
14.9928 	EXP 	Device response: <KeyPress from None: t=14.986630100000184, value=right, duration=None>
14.9943 	DATA 	Keypress: right
15.0079 	EXP 	Fixation: autoDraw = False
15.0079 	EXP 	grating: autoDraw = False
15.0079 	EXP 	grating: ori = np.float64(1.5)
15.0079 	EXP 	Fixation: autoDraw = True
15.1587 	EXP 	Device response: <KeyPress from None: t=14.986630100000184, value=right, duration=0.15992250000999775>
15.5086 	INFO 	Keyboard events cleared
15.5084 	EXP 	Fixation: autoDraw = False
15.5084 	EXP 	grating: autoDraw = True
15.8240 	EXP 	grating: autoDraw = False
16.0087 	EXP 	Device response: <KeyPress from None: t=16.007388199999696, value=right, duration=None>
16.0103 	DATA 	Keypress: right
16.0245 	EXP 	Fixation: autoDraw = False
16.0245 	EXP 	grating: autoDraw = False
16.0245 	EXP 	grating: ori = np.float64(1.5)
16.0245 	EXP 	Fixation: autoDraw = True
16.1919 	EXP 	Device response: <KeyPress from None: t=16.007388199999696, value=right, duration=0.17485720000695437>
16.5246 	INFO 	Keyboard events cleared
16.5244 	EXP 	Fixation: autoDraw = False
16.5244 	EXP 	grating: autoDraw = True
16.8243 	EXP 	grating: autoDraw = False
17.0586 	EXP 	Device response: <KeyPress from None: t=17.052987300005043, value=right, duration=None>
17.0603 	DATA 	Keypress: right
17.0749 	EXP 	Fixation: autoDraw = False
17.0749 	EXP 	grating: autoDraw = False
17.0749 	EXP 	grating: ori = np.float64(1.0)
17.0749 	EXP 	Fixation: autoDraw = True
17.2418 	EXP 	Device response: <KeyPress from None: t=17.052987300005043, value=right, duration=0.18069959999411367>
17.5736 	INFO 	Keyboard events cleared
17.5734 	EXP 	Fixation: autoDraw = False
17.5734 	EXP 	grating: autoDraw = True
17.8744 	EXP 	grating: autoDraw = False
18.7253 	DATA 	Keypress: left
18.7410 	EXP 	Device response: <KeyPress from None: t=18.724798099996406, value=left, duration=None>
18.7557 	EXP 	Fixation: autoDraw = False
18.7557 	EXP 	grating: autoDraw = False
18.7557 	EXP 	grating: ori = np.float64(-1.5)
18.7557 	EXP 	Fixation: autoDraw = True
18.9077 	EXP 	Device response: <KeyPress from None: t=18.724798099996406, value=left, duration=0.1748373000009451>
19.2413 	INFO 	Keyboard events cleared
19.2411 	EXP 	grating: autoDraw = True
19.2572 	EXP 	Fixation: autoDraw = False
19.5403 	EXP 	grating: autoDraw = False
19.8753 	EXP 	Device response: <KeyPress from None: t=19.874648500001058, value=left, duration=None>
19.8769 	DATA 	Keypress: left
19.8907 	EXP 	Fixation: autoDraw = False
19.8907 	EXP 	grating: autoDraw = False
19.8907 	EXP 	grating: ori = np.float64(1.5)
19.8907 	EXP 	Fixation: autoDraw = True
20.0412 	EXP 	Device response: <KeyPress from None: t=19.874648500001058, value=left, duration=0.16523359999700915>
20.3907 	INFO 	Keyboard events cleared
20.3905 	EXP 	Fixation: autoDraw = False
20.3905 	EXP 	grating: autoDraw = True
20.6903 	EXP 	grating: autoDraw = False
21.0912 	EXP 	Device response: <KeyPress from None: t=21.08047670000815, value=right, duration=None>
21.0928 	DATA 	Keypress: right
21.1073 	EXP 	Fixation: autoDraw = False
21.1073 	EXP 	grating: autoDraw = False
21.1073 	EXP 	grating: ori = np.float64(1.5)
21.1073 	EXP 	Fixation: autoDraw = True
21.2421 	EXP 	Device response: <KeyPress from None: t=21.08047670000815, value=right, duration=0.15533599999616854>
21.5902 	INFO 	Keyboard events cleared
21.5901 	EXP 	grating: autoDraw = True
21.6076 	EXP 	Fixation: autoDraw = False
21.8904 	EXP 	grating: autoDraw = False
22.1923 	DATA 	Keypress: right
22.2077 	EXP 	Device response: <KeyPress from None: t=22.190872000006493, value=right, duration=None>
22.2238 	EXP 	Fixation: autoDraw = False
22.2238 	EXP 	grating: autoDraw = False
22.2238 	EXP 	grating: ori = np.float64(1.0)
22.2238 	EXP 	Fixation: autoDraw = True
22.3743 	EXP 	Device response: <KeyPress from None: t=22.190872000006493, value=right, duration=0.17124860000330955>
22.7076 	INFO 	Keyboard events cleared
22.7075 	EXP 	grating: autoDraw = True
22.7236 	EXP 	Fixation: autoDraw = False
23.0071 	EXP 	grating: autoDraw = False
23.5738 	EXP 	Device response: <KeyPress from None: t=23.571855400005006, value=left, duration=None>
23.5754 	DATA 	Keypress: left
23.5898 	EXP 	Fixation: autoDraw = False
23.5898 	EXP 	grating: autoDraw = False
23.5898 	EXP 	grating: ori = np.float64(1.5)
23.5898 	EXP 	Fixation: autoDraw = True
23.7409 	EXP 	Device response: <KeyPress from None: t=23.571855400005006, value=left, duration=0.15698830000474118>
24.0900 	INFO 	Keyboard events cleared
24.0897 	EXP 	Fixation: autoDraw = False
24.0897 	EXP 	grating: autoDraw = True
24.3891 	EXP 	grating: autoDraw = False
24.9564 	EXP 	Device response: <KeyPress from None: t=24.94889480000711, value=right, duration=None>
24.9580 	DATA 	Keypress: right
24.9729 	EXP 	Fixation: autoDraw = False
24.9729 	EXP 	grating: autoDraw = False
24.9729 	EXP 	grating: ori = np.float64(1.5)
24.9729 	EXP 	Fixation: autoDraw = True
25.1568 	EXP 	Device response: <KeyPress from None: t=24.94889480000711, value=right, duration=0.20006740000098944>
25.4561 	INFO 	Keyboard events cleared
25.4559 	EXP 	grating: autoDraw = True
25.4726 	EXP 	Fixation: autoDraw = False
25.7554 	EXP 	grating: autoDraw = False
26.0572 	EXP 	Device response: <KeyPress from None: t=26.049163300005603, value=right, duration=None>
26.0587 	DATA 	Keypress: right
26.0737 	EXP 	Fixation: autoDraw = False
26.0737 	EXP 	grating: autoDraw = False
26.0737 	EXP 	grating: ori = np.float64(-1.5)
26.0737 	EXP 	Fixation: autoDraw = True
26.2236 	EXP 	Device response: <KeyPress from None: t=26.049163300005603, value=right, duration=0.1590072999970289>
26.5735 	INFO 	Keyboard events cleared
26.5732 	EXP 	Fixation: autoDraw = False
26.5732 	EXP 	grating: autoDraw = True
26.8729 	EXP 	grating: autoDraw = False
27.2732 	EXP 	Device response: <KeyPress from None: t=27.264928700009477, value=right, duration=None>
27.2747 	DATA 	Keypress: right
27.2890 	EXP 	Fixation: autoDraw = False
27.2890 	EXP 	grating: autoDraw = False
27.2890 	EXP 	grating: ori = np.float64(2.0)
27.2890 	EXP 	Fixation: autoDraw = True
27.4398 	EXP 	Device response: <KeyPress from None: t=27.264928700009477, value=right, duration=0.15891819998796564>
27.7728 	INFO 	Keyboard events cleared
27.7726 	EXP 	grating: autoDraw = True
27.7893 	EXP 	Fixation: autoDraw = False
28.0722 	EXP 	grating: autoDraw = False
28.2402 	EXP 	Device response: <KeyPress from None: t=28.239568999997573, value=right, duration=None>
28.2418 	DATA 	Keypress: right
28.2561 	EXP 	Fixation: autoDraw = False
28.2561 	EXP 	grating: autoDraw = False
28.2561 	EXP 	grating: ori = np.float64(2.0)
28.2561 	EXP 	Fixation: autoDraw = True
28.4065 	EXP 	Device response: <KeyPress from None: t=28.239568999997573, value=right, duration=0.16013610000663903>
28.7557 	INFO 	Keyboard events cleared
28.7554 	EXP 	Fixation: autoDraw = False
28.7554 	EXP 	grating: autoDraw = True
29.0557 	EXP 	grating: autoDraw = False
29.3732 	EXP 	Device response: <KeyPress from None: t=29.37044430000242, value=right, duration=None>
29.3746 	DATA 	Keypress: right
29.3885 	EXP 	Fixation: autoDraw = False
29.3885 	EXP 	grating: autoDraw = False
29.3885 	EXP 	grating: ori = np.float64(2.0)
29.3885 	EXP 	Fixation: autoDraw = True
29.5398 	EXP 	Device response: <KeyPress from None: t=29.37044430000242, value=right, duration=0.15470440000353847>
29.8734 	INFO 	Keyboard events cleared
29.8732 	EXP 	grating: autoDraw = True
29.8892 	EXP 	Fixation: autoDraw = False
30.1730 	EXP 	grating: autoDraw = False
30.4900 	EXP 	Device response: <KeyPress from None: t=30.48197710000386, value=right, duration=None>
30.4915 	DATA 	Keypress: right
30.5059 	EXP 	Fixation: autoDraw = False
30.5059 	EXP 	grating: autoDraw = False
30.5059 	EXP 	grating: ori = np.float64(-1.5)
30.5059 	EXP 	Fixation: autoDraw = True
30.6568 	EXP 	Device response: <KeyPress from None: t=30.48197710000386, value=right, duration=0.1695601999963401>
30.9896 	INFO 	Keyboard events cleared
30.9894 	EXP 	grating: autoDraw = True
31.0064 	EXP 	Fixation: autoDraw = False
31.2895 	EXP 	grating: autoDraw = False
31.6232 	EXP 	Device response: <KeyPress from None: t=31.617600199999288, value=left, duration=None>
31.6247 	DATA 	Keypress: left
31.6387 	EXP 	Fixation: autoDraw = False
31.6387 	EXP 	grating: autoDraw = False
31.6387 	EXP 	grating: ori = np.float64(1.5)
31.6387 	EXP 	Fixation: autoDraw = True
31.7900 	EXP 	Device response: <KeyPress from None: t=31.617600199999288, value=left, duration=0.16407890000846237>
32.1394 	INFO 	Keyboard events cleared
32.1393 	EXP 	Fixation: autoDraw = False
32.1393 	EXP 	grating: autoDraw = True
32.4395 	EXP 	grating: autoDraw = False
32.7568 	EXP 	Device response: <KeyPress from None: t=32.75189169999794, value=right, duration=None>
32.7583 	DATA 	Keypress: right
32.7723 	EXP 	Fixation: autoDraw = False
32.7723 	EXP 	grating: autoDraw = False
32.7723 	EXP 	grating: ori = np.float64(-1.5)
32.7723 	EXP 	Fixation: autoDraw = True
32.9399 	EXP 	Device response: <KeyPress from None: t=32.75189169999794, value=right, duration=0.1758667000103742>
33.2723 	INFO 	Keyboard events cleared
33.2721 	EXP 	Fixation: autoDraw = False
33.2721 	EXP 	grating: autoDraw = True
33.5724 	EXP 	grating: autoDraw = False
34.0397 	EXP 	Device response: <KeyPress from None: t=34.02902919999906, value=left, duration=None>
34.0412 	DATA 	Keypress: left
34.0558 	EXP 	Fixation: autoDraw = False
34.0558 	EXP 	grating: autoDraw = False
34.0558 	EXP 	grating: ori = np.float64(-1.0)
34.0558 	EXP 	Fixation: autoDraw = True
34.1894 	EXP 	Device response: <KeyPress from None: t=34.02902919999906, value=left, duration=0.15896500000962988>
34.5384 	INFO 	Keyboard events cleared
34.5382 	EXP 	grating: autoDraw = True
34.5558 	EXP 	Fixation: autoDraw = False
34.8382 	EXP 	grating: autoDraw = False
35.2722 	EXP 	Device response: <KeyPress from None: t=35.25973900000099, value=left, duration=None>
35.2737 	DATA 	Keypress: left
35.2890 	EXP 	Fixation: autoDraw = False
35.2890 	EXP 	grating: autoDraw = False
35.2890 	EXP 	grating: ori = np.float64(-1.0)
35.2890 	EXP 	Fixation: autoDraw = True
35.4550 	EXP 	Device response: <KeyPress from None: t=35.25973900000099, value=left, duration=0.17907720000948757>
35.7717 	INFO 	Keyboard events cleared
35.7715 	EXP 	grating: autoDraw = True
35.7894 	EXP 	Fixation: autoDraw = False
36.0719 	EXP 	grating: autoDraw = False
36.4221 	EXP 	Device response: <KeyPress from None: t=36.41005639999639, value=left, duration=None>
36.4236 	DATA 	Keypress: left
36.4379 	EXP 	Fixation: autoDraw = False
36.4379 	EXP 	grating: autoDraw = False
36.4379 	EXP 	grating: ori = np.float64(1.0)
36.4379 	EXP 	Fixation: autoDraw = True
36.5889 	EXP 	Device response: <KeyPress from None: t=36.41005639999639, value=left, duration=0.16398820000176784>
36.9217 	INFO 	Keyboard events cleared
36.9215 	EXP 	grating: autoDraw = True
36.9384 	EXP 	Fixation: autoDraw = False
37.2213 	EXP 	grating: autoDraw = False
37.6395 	EXP 	Device response: <KeyPress from None: t=37.625379999997676, value=right, duration=None>
37.6395 	EXP 	Device response: <KeyPress from None: t=37.63478340000438, value=left, duration=None>
37.6411 	DATA 	Keypress: right
37.6413 	DATA 	Keypress: left
37.6554 	EXP 	Fixation: autoDraw = False
37.6554 	EXP 	grating: autoDraw = False
37.6554 	EXP 	grating: ori = np.float64(1.5)
37.6554 	EXP 	Fixation: autoDraw = True
37.7055 	EXP 	Device response: <KeyPress from None: t=37.63478340000438, value=left, duration=0.06226690000039525>
37.8057 	EXP 	Device response: <KeyPress from None: t=37.625379999997676, value=right, duration=0.1645569000102114>
38.1556 	INFO 	Keyboard events cleared
38.1553 	EXP 	Fixation: autoDraw = False
38.1553 	EXP 	grating: autoDraw = True
38.4546 	EXP 	grating: autoDraw = False
38.8563 	DATA 	Keypress: right
38.8718 	EXP 	Device response: <KeyPress from None: t=38.855634400009876, value=right, duration=None>
38.8884 	EXP 	Fixation: autoDraw = False
38.8884 	EXP 	grating: autoDraw = False
38.8884 	EXP 	grating: ori = np.float64(1.5)
38.8884 	EXP 	Fixation: autoDraw = True
39.0224 	EXP 	Device response: <KeyPress from None: t=38.855634400009876, value=right, duration=0.15038389999244828>
39.3723 	INFO 	Keyboard events cleared
39.3722 	EXP 	grating: autoDraw = True
39.3887 	EXP 	Fixation: autoDraw = False
39.6713 	EXP 	grating: autoDraw = False
39.9228 	EXP 	Device response: <KeyPress from None: t=39.92134899999655, value=right, duration=None>
39.9243 	DATA 	Keypress: right
39.9378 	EXP 	Fixation: autoDraw = False
39.9378 	EXP 	grating: autoDraw = False
39.9378 	EXP 	grating: ori = np.float64(-1.5)
39.9378 	EXP 	Fixation: autoDraw = True
40.1049 	EXP 	Device response: <KeyPress from None: t=39.92134899999655, value=right, duration=0.17548720000195317>
40.4385 	INFO 	Keyboard events cleared
40.4384 	EXP 	Fixation: autoDraw = False
40.4384 	EXP 	grating: autoDraw = True
40.7376 	EXP 	grating: autoDraw = False
41.1718 	EXP 	Device response: <KeyPress from None: t=41.15687570000591, value=left, duration=None>
41.1734 	DATA 	Keypress: left
41.1876 	EXP 	Fixation: autoDraw = False
41.1876 	EXP 	grating: autoDraw = False
41.1876 	EXP 	grating: ori = np.float64(1.0)
41.1876 	EXP 	Fixation: autoDraw = True
41.2890 	EXP 	Device response: <KeyPress from None: t=41.15687570000591, value=left, duration=0.12655159999849275>
41.6717 	INFO 	Keyboard events cleared
41.6714 	EXP 	grating: autoDraw = True
41.6881 	EXP 	Fixation: autoDraw = False
41.9712 	EXP 	grating: autoDraw = False
43.3550 	EXP 	Device response: <KeyPress from None: t=43.35368020000169, value=left, duration=None>
43.3565 	DATA 	Keypress: left
43.3713 	EXP 	Fixation: autoDraw = False
43.3713 	EXP 	grating: autoDraw = False
43.3713 	EXP 	grating: ori = np.float64(1.5)
43.3713 	EXP 	Fixation: autoDraw = True
43.5212 	EXP 	Device response: <KeyPress from None: t=43.35368020000169, value=left, duration=0.15981890000693966>
43.8548 	INFO 	Keyboard events cleared
43.8547 	EXP 	grating: autoDraw = True
43.8712 	EXP 	Fixation: autoDraw = False
44.1541 	EXP 	grating: autoDraw = False
44.5384 	EXP 	Device response: <KeyPress from None: t=44.53378710000834, value=right, duration=None>
44.5401 	DATA 	Keypress: right
44.5536 	EXP 	Fixation: autoDraw = False
44.5536 	EXP 	grating: autoDraw = False
44.5536 	EXP 	grating: ori = np.float64(1.5)
44.5536 	EXP 	Fixation: autoDraw = True
44.7213 	EXP 	Device response: <KeyPress from None: t=44.53378710000834, value=right, duration=0.17668449999473523>
45.0552 	INFO 	Keyboard events cleared
45.0550 	EXP 	Fixation: autoDraw = False
45.0550 	EXP 	grating: autoDraw = True
45.3544 	EXP 	grating: autoDraw = False
45.8878 	EXP 	Device response: <KeyPress from None: t=45.874775100004626, value=right, duration=None>
45.8895 	DATA 	Keypress: right
45.9041 	EXP 	Fixation: autoDraw = False
45.9041 	EXP 	grating: autoDraw = False
45.9041 	EXP 	grating: ori = np.float64(-1.5)
45.9041 	EXP 	Fixation: autoDraw = True
46.0384 	EXP 	Device response: <KeyPress from None: t=45.874775100004626, value=right, duration=0.15578699999605305>
46.4045 	INFO 	Keyboard events cleared
46.4043 	EXP 	Fixation: autoDraw = False
46.4043 	EXP 	grating: autoDraw = True
46.7041 	EXP 	grating: autoDraw = False
47.0884 	EXP 	Device response: <KeyPress from None: t=47.08059610000055, value=left, duration=None>
47.0900 	DATA 	Keypress: left
47.1046 	EXP 	Fixation: autoDraw = False
47.1046 	EXP 	grating: autoDraw = False
47.1046 	EXP 	grating: ori = np.float64(1.0)
47.1046 	EXP 	Fixation: autoDraw = True
47.2374 	EXP 	Device response: <KeyPress from None: t=47.08059610000055, value=left, duration=0.15037440000742208>
47.6037 	INFO 	Keyboard events cleared
47.6034 	EXP 	grating: autoDraw = True
47.6205 	EXP 	Fixation: autoDraw = False
47.9038 	EXP 	grating: autoDraw = False
48.3544 	EXP 	Device response: <KeyPress from None: t=48.3423807000072, value=left, duration=None>
48.3560 	DATA 	Keypress: left
48.3704 	EXP 	Fixation: autoDraw = False
48.3704 	EXP 	grating: autoDraw = False
48.3704 	EXP 	grating: ori = np.float64(-1.5)
48.3704 	EXP 	Fixation: autoDraw = True
48.4717 	EXP 	Device response: <KeyPress from None: t=48.3423807000072, value=left, duration=0.12355720000050496>
48.8542 	INFO 	Keyboard events cleared
48.8541 	EXP 	grating: autoDraw = True
48.8705 	EXP 	Fixation: autoDraw = False
49.1537 	EXP 	grating: autoDraw = False
49.5213 	EXP 	Device response: <KeyPress from None: t=49.51195529999677, value=left, duration=None>
49.5229 	DATA 	Keypress: left
49.5371 	EXP 	Fixation: autoDraw = False
49.5371 	EXP 	grating: autoDraw = False
49.5371 	EXP 	grating: ori = np.float64(-1.5)
49.5371 	EXP 	Fixation: autoDraw = True
49.6704 	EXP 	Device response: <KeyPress from None: t=49.51195529999677, value=left, duration=0.1562743000104092>
50.0208 	INFO 	Keyboard events cleared
50.0205 	EXP 	grating: autoDraw = True
50.0373 	EXP 	Fixation: autoDraw = False
50.3201 	EXP 	grating: autoDraw = False
51.1377 	EXP 	Device response: <KeyPress from None: t=51.12797329999739, value=left, duration=None>
51.1391 	DATA 	Keypress: left
51.1534 	EXP 	Fixation: autoDraw = False
51.1534 	EXP 	grating: autoDraw = False
51.1534 	EXP 	grating: ori = np.float64(-1.5)
51.1534 	EXP 	Fixation: autoDraw = True
51.3050 	EXP 	Device response: <KeyPress from None: t=51.12797329999739, value=left, duration=0.15985550000914373>
51.6533 	INFO 	Keyboard events cleared
51.6532 	EXP 	Fixation: autoDraw = False
51.6532 	EXP 	grating: autoDraw = True
51.9522 	EXP 	grating: autoDraw = False
53.1038 	EXP 	Device response: <KeyPress from None: t=53.09868130000541, value=left, duration=None>
53.1054 	DATA 	Keypress: left
53.1201 	EXP 	Fixation: autoDraw = False
53.1201 	EXP 	grating: autoDraw = False
53.1201 	EXP 	grating: ori = np.float64(1.0)
53.1201 	EXP 	Fixation: autoDraw = True
53.2533 	EXP 	Device response: <KeyPress from None: t=53.09868130000541, value=left, duration=0.14575319999130443>
53.6039 	INFO 	Keyboard events cleared
53.6038 	EXP 	grating: autoDraw = True
53.6185 	EXP 	Fixation: autoDraw = False
53.9032 	EXP 	grating: autoDraw = False
54.4705 	EXP 	Device response: <KeyPress from None: t=54.45449160000135, value=left, duration=None>
54.4720 	DATA 	Keypress: left
54.4868 	EXP 	Fixation: autoDraw = False
54.4868 	EXP 	grating: autoDraw = False
54.4868 	EXP 	grating: ori = np.float64(-1.5)
54.4868 	EXP 	Fixation: autoDraw = True
54.5702 	EXP 	Device response: <KeyPress from None: t=54.45449160000135, value=left, duration=0.11526760000560898>
54.9873 	INFO 	Keyboard events cleared
54.9871 	EXP 	Fixation: autoDraw = False
54.9871 	EXP 	grating: autoDraw = True
55.2860 	EXP 	grating: autoDraw = False
56.0535 	EXP 	Device response: <KeyPress from None: t=56.041841700003715, value=left, duration=None>
56.0550 	DATA 	Keypress: left
56.0700 	EXP 	Fixation: autoDraw = False
56.0700 	EXP 	grating: autoDraw = False
56.0700 	EXP 	grating: ori = np.float64(-1.5)
56.0700 	EXP 	Fixation: autoDraw = True
56.1868 	EXP 	Device response: <KeyPress from None: t=56.041841700003715, value=left, duration=0.1440353999932995>
56.5525 	INFO 	Keyboard events cleared
56.5523 	EXP 	grating: autoDraw = True
56.5850 	EXP 	Fixation: autoDraw = False
56.8527 	EXP 	grating: autoDraw = False
57.1369 	EXP 	Device response: <KeyPress from None: t=57.13627940000151, value=left, duration=None>
57.1385 	DATA 	Keypress: left
57.1532 	EXP 	Fixation: autoDraw = False
57.1532 	EXP 	grating: autoDraw = False
57.1532 	EXP 	grating: ori = np.float64(-1.5)
57.1532 	EXP 	Fixation: autoDraw = True
57.2866 	EXP 	Device response: <KeyPress from None: t=57.13627940000151, value=left, duration=0.14111150000826456>
57.6536 	INFO 	Keyboard events cleared
57.6533 	EXP 	Fixation: autoDraw = False
57.6533 	EXP 	grating: autoDraw = True
57.9521 	EXP 	grating: autoDraw = False
58.1197 	EXP 	Device response: <KeyPress from None: t=58.11682819999987, value=left, duration=None>
58.1212 	DATA 	Keypress: left
58.1356 	EXP 	Fixation: autoDraw = False
58.1356 	EXP 	grating: autoDraw = False
58.1356 	EXP 	grating: ori = np.float64(-1.0)
58.1356 	EXP 	Fixation: autoDraw = True
58.2864 	EXP 	Device response: <KeyPress from None: t=58.11682819999987, value=left, duration=0.16480959999898914>
58.6363 	INFO 	Keyboard events cleared
58.6362 	EXP 	Fixation: autoDraw = False
58.6362 	EXP 	grating: autoDraw = True
58.9355 	EXP 	grating: autoDraw = False
59.1027 	EXP 	Device response: <KeyPress from None: t=59.08725609999965, value=left, duration=None>
59.1043 	DATA 	Keypress: left
59.1189 	EXP 	Fixation: autoDraw = False
59.1189 	EXP 	grating: autoDraw = False
59.1189 	EXP 	grating: ori = np.float64(-1.0)
59.1189 	EXP 	Fixation: autoDraw = True
59.2533 	EXP 	Device response: <KeyPress from None: t=59.08725609999965, value=left, duration=0.16032219999760855>
59.6013 	INFO 	Keyboard events cleared
59.6010 	EXP 	grating: autoDraw = True
59.6355 	EXP 	Fixation: autoDraw = False
59.9030 	EXP 	grating: autoDraw = False
60.0195 	EXP 	Device response: <KeyPress from None: t=60.01832070000819, value=left, duration=None>
60.0211 	DATA 	Keypress: left
60.0356 	EXP 	Fixation: autoDraw = False
60.0356 	EXP 	grating: autoDraw = False
60.0356 	EXP 	grating: ori = np.float64(-1.0)
60.0356 	EXP 	Fixation: autoDraw = True
60.1695 	EXP 	Device response: <KeyPress from None: t=60.01832070000819, value=left, duration=0.14575759999570437>
60.5197 	INFO 	Keyboard events cleared
60.5195 	EXP 	grating: autoDraw = True
60.5359 	EXP 	Fixation: autoDraw = False
60.8189 	EXP 	grating: autoDraw = False
60.9695 	EXP 	Device response: <KeyPress from None: t=60.96400259999791, value=left, duration=None>
60.9711 	DATA 	Keypress: left
60.9861 	EXP 	Fixation: autoDraw = False
60.9861 	EXP 	grating: autoDraw = False
60.9861 	EXP 	grating: ori = np.float64(-1.0)
60.9861 	EXP 	Fixation: autoDraw = True
61.1029 	EXP 	Device response: <KeyPress from None: t=60.96400259999791, value=left, duration=0.13433280000754166>
61.4854 	INFO 	Keyboard events cleared
61.4852 	EXP 	Fixation: autoDraw = False
61.4852 	EXP 	grating: autoDraw = True
61.7854 	EXP 	grating: autoDraw = False
61.9529 	EXP 	Device response: <KeyPress from None: t=61.94901490000484, value=left, duration=None>
61.9545 	DATA 	Keypress: left
61.9690 	EXP 	Fixation: autoDraw = False
61.9690 	EXP 	grating: autoDraw = False
61.9690 	EXP 	grating: ori = np.float64(-1.0)
61.9690 	EXP 	Fixation: autoDraw = True
62.1028 	EXP 	Device response: <KeyPress from None: t=61.94901490000484, value=left, duration=0.14533050000318326>
62.4690 	INFO 	Keyboard events cleared
62.4689 	EXP 	Fixation: autoDraw = False
62.4689 	EXP 	grating: autoDraw = True
62.7699 	EXP 	grating: autoDraw = False
62.8524 	EXP 	Device response: <KeyPress from None: t=62.845788000005996, value=left, duration=None>
62.8539 	DATA 	Keypress: left
62.8692 	EXP 	Fixation: autoDraw = False
62.8692 	EXP 	grating: autoDraw = False
62.8692 	EXP 	grating: ori = np.float64(-1.0)
62.8692 	EXP 	Fixation: autoDraw = True
62.9857 	EXP 	Device response: <KeyPress from None: t=62.845788000005996, value=left, duration=0.13456029999360908>
63.3527 	INFO 	Keyboard events cleared
63.3525 	EXP 	grating: autoDraw = True
63.3684 	EXP 	Fixation: autoDraw = False
63.6513 	EXP 	grating: autoDraw = False
63.8198 	EXP 	Device response: <KeyPress from None: t=63.81515789999685, value=left, duration=None>
63.8213 	DATA 	Keypress: left
63.8352 	EXP 	Fixation: autoDraw = False
63.8352 	EXP 	grating: autoDraw = False
63.8352 	EXP 	grating: ori = np.float64(-1.0)
63.8352 	EXP 	Fixation: autoDraw = True
63.9688 	EXP 	Device response: <KeyPress from None: t=63.81515789999685, value=left, duration=0.13989990000845864>
64.3350 	INFO 	Keyboard events cleared
64.3348 	EXP 	Fixation: autoDraw = False
64.3348 	EXP 	grating: autoDraw = True
64.6343 	EXP 	grating: autoDraw = False
64.7687 	EXP 	Device response: <KeyPress from None: t=64.76583519999986, value=left, duration=None>
64.7702 	DATA 	Keypress: left
64.7850 	EXP 	Fixation: autoDraw = False
64.7850 	EXP 	grating: autoDraw = False
64.7850 	EXP 	grating: ori = np.float64(1.0)
64.7850 	EXP 	Fixation: autoDraw = True
64.9187 	EXP 	Device response: <KeyPress from None: t=64.76583519999986, value=left, duration=0.14523180000833236>
65.2683 	INFO 	Keyboard events cleared
65.2682 	EXP 	grating: autoDraw = True
65.2845 	EXP 	Fixation: autoDraw = False
65.5681 	EXP 	grating: autoDraw = False
65.9020 	EXP 	Device response: <KeyPress from None: t=65.89225859999715, value=left, duration=None>
65.9035 	DATA 	Keypress: left
65.9185 	EXP 	Fixation: autoDraw = False
65.9185 	EXP 	grating: autoDraw = False
65.9185 	EXP 	grating: ori = np.float64(1.5)
65.9185 	EXP 	Fixation: autoDraw = True
66.0510 	EXP 	Device response: <KeyPress from None: t=65.89225859999715, value=left, duration=0.14417500000854488>
66.4024 	INFO 	Keyboard events cleared
66.4021 	EXP 	grating: autoDraw = True
66.4187 	EXP 	Fixation: autoDraw = False
66.7014 	EXP 	grating: autoDraw = False
67.0349 	EXP 	Device response: <KeyPress from None: t=67.03259119999711, value=right, duration=None>
67.0365 	DATA 	Keypress: right
67.0514 	EXP 	Fixation: autoDraw = False
67.0514 	EXP 	grating: autoDraw = False
67.0514 	EXP 	grating: ori = np.float64(1.5)
67.0514 	EXP 	Fixation: autoDraw = True
67.2023 	EXP 	Device response: <KeyPress from None: t=67.03259119999711, value=right, duration=0.15957970000454225>
67.5510 	INFO 	Keyboard events cleared
67.5508 	EXP 	grating: autoDraw = True
67.5677 	EXP 	Fixation: autoDraw = False
67.8510 	EXP 	grating: autoDraw = False
68.1002 	EXP 	Device response: <KeyPress from None: t=68.08882790000644, value=right, duration=None>
68.1017 	DATA 	Keypress: right
68.1180 	EXP 	Fixation: autoDraw = False
68.1180 	EXP 	grating: autoDraw = False
68.1180 	EXP 	grating: ori = np.float64(-1.5)
68.1180 	EXP 	Fixation: autoDraw = True
68.2692 	EXP 	Device response: <KeyPress from None: t=68.08882790000644, value=right, duration=0.17994950000138488>
68.6020 	INFO 	Keyboard events cleared
68.6019 	EXP 	grating: autoDraw = True
68.6185 	EXP 	Fixation: autoDraw = False
68.9194 	EXP 	grating: autoDraw = False
69.2517 	EXP 	Device response: <KeyPress from None: t=69.23962619999656, value=left, duration=None>
69.2534 	DATA 	Keypress: left
69.2677 	EXP 	Fixation: autoDraw = False
69.2677 	EXP 	grating: autoDraw = False
69.2677 	EXP 	grating: ori = np.float64(1.0)
69.2677 	EXP 	Fixation: autoDraw = True
69.4187 	EXP 	Device response: <KeyPress from None: t=69.23962619999656, value=left, duration=0.16398830000252929>
69.7515 	INFO 	Keyboard events cleared
69.7514 	EXP 	grating: autoDraw = True
69.7678 	EXP 	Fixation: autoDraw = False
70.0510 	EXP 	grating: autoDraw = False
70.5013 	EXP 	Device response: <KeyPress from None: t=70.49546829999599, value=right, duration=None>
70.5029 	DATA 	Keypress: right
70.5179 	EXP 	Fixation: autoDraw = False
70.5179 	EXP 	grating: autoDraw = False
70.5179 	EXP 	grating: ori = np.float64(-1.0)
70.5179 	EXP 	Fixation: autoDraw = True
70.6848 	EXP 	Device response: <KeyPress from None: t=70.49546829999599, value=right, duration=0.17716260001179762>
71.0173 	INFO 	Keyboard events cleared
71.0172 	EXP 	Fixation: autoDraw = False
71.0172 	EXP 	grating: autoDraw = True
71.3169 	EXP 	grating: autoDraw = False
71.9846 	EXP 	Device response: <KeyPress from None: t=71.97503519999736, value=left, duration=None>
71.9862 	DATA 	Keypress: left
72.0002 	EXP 	Fixation: autoDraw = False
72.0002 	EXP 	grating: autoDraw = False
72.0002 	EXP 	grating: ori = np.float64(1.0)
72.0002 	EXP 	Fixation: autoDraw = True
72.1173 	EXP 	Device response: <KeyPress from None: t=71.97503519999736, value=left, duration=0.13619970000581816>
72.5008 	INFO 	Keyboard events cleared
72.5006 	EXP 	Fixation: autoDraw = False
72.5006 	EXP 	grating: autoDraw = True
72.8009 	EXP 	grating: autoDraw = False
73.5509 	EXP 	Device response: <KeyPress from None: t=73.5364561000024, value=right, duration=None>
73.5525 	DATA 	Keypress: right
73.5670 	EXP 	Fixation: autoDraw = False
73.5670 	EXP 	grating: autoDraw = False
73.5670 	EXP 	grating: ori = np.float64(1.0)
73.5670 	EXP 	Fixation: autoDraw = True
73.6674 	EXP 	Device response: <KeyPress from None: t=73.5364561000024, value=right, duration=0.12469480000436306>
74.0510 	INFO 	Keyboard events cleared
74.0509 	EXP 	grating: autoDraw = True
74.0667 	EXP 	Fixation: autoDraw = False
74.3506 	EXP 	grating: autoDraw = False
77.9348 	EXP 	Device response: <KeyPress from None: t=77.92863779999607, value=left, duration=None>
77.9363 	DATA 	Keypress: left
77.9500 	EXP 	Fixation: autoDraw = False
77.9500 	EXP 	grating: autoDraw = False
77.9500 	EXP 	grating: ori = np.float64(1.5)
77.9500 	EXP 	Fixation: autoDraw = True
78.0840 	EXP 	Device response: <KeyPress from None: t=77.92863779999607, value=left, duration=0.139735800010385>
78.4504 	INFO 	Keyboard events cleared
78.4502 	EXP 	Fixation: autoDraw = False
78.4502 	EXP 	grating: autoDraw = True
78.7502 	EXP 	grating: autoDraw = False
79.0835 	EXP 	Device response: <KeyPress from None: t=79.07910270000866, value=right, duration=None>
79.0852 	DATA 	Keypress: right
79.0997 	EXP 	Fixation: autoDraw = False
79.0997 	EXP 	grating: autoDraw = False
79.0997 	EXP 	grating: ori = np.float64(-1.5)
79.0997 	EXP 	Fixation: autoDraw = True
79.2512 	EXP 	Device response: <KeyPress from None: t=79.07910270000866, value=right, duration=0.1609457000013208>
79.5840 	INFO 	Keyboard events cleared
79.5839 	EXP 	grating: autoDraw = True
79.6002 	EXP 	Fixation: autoDraw = False
79.8832 	EXP 	grating: autoDraw = False
80.5172 	EXP 	Device response: <KeyPress from None: t=80.50575399999798, value=left, duration=None>
80.5188 	DATA 	Keypress: left
80.5330 	EXP 	Fixation: autoDraw = False
80.5330 	EXP 	grating: autoDraw = False
80.5330 	EXP 	grating: ori = np.float64(1.5)
80.5330 	EXP 	Fixation: autoDraw = True
80.6503 	EXP 	Device response: <KeyPress from None: t=80.50575399999798, value=left, duration=0.1391911000100663>
81.0328 	INFO 	Keyboard events cleared
81.0326 	EXP 	Fixation: autoDraw = False
81.0326 	EXP 	grating: autoDraw = True
81.3331 	EXP 	grating: autoDraw = False
81.6334 	EXP 	Device response: <KeyPress from None: t=81.63093910001044, value=right, duration=None>
81.6349 	DATA 	Keypress: right
81.6496 	EXP 	Fixation: autoDraw = False
81.6496 	EXP 	grating: autoDraw = False
81.6496 	EXP 	grating: ori = np.float64(1.0)
81.6496 	EXP 	Fixation: autoDraw = True
81.8171 	EXP 	Device response: <KeyPress from None: t=81.63093910001044, value=right, duration=0.18072919998667203>
82.1332 	INFO 	Keyboard events cleared
82.1330 	EXP 	grating: autoDraw = True
82.1498 	EXP 	Fixation: autoDraw = False
82.4492 	EXP 	grating: autoDraw = False
82.7668 	EXP 	Device response: <KeyPress from None: t=82.75364059999993, value=right, duration=None>
82.7683 	DATA 	Keypress: right
82.7830 	EXP 	Fixation: autoDraw = False
82.7830 	EXP 	grating: autoDraw = False
82.7830 	EXP 	grating: ori = np.float64(1.0)
82.7830 	EXP 	Fixation: autoDraw = True
82.9330 	EXP 	Device response: <KeyPress from None: t=82.75364059999993, value=right, duration=0.17809719999786466>
83.2827 	INFO 	Keyboard events cleared
83.2825 	EXP 	Fixation: autoDraw = False
83.2825 	EXP 	grating: autoDraw = True
83.5825 	EXP 	grating: autoDraw = False
83.8493 	EXP 	Device response: <KeyPress from None: t=83.84700639999937, value=right, duration=None>
83.8508 	DATA 	Keypress: right
83.8658 	EXP 	Fixation: autoDraw = False
83.8658 	EXP 	grating: autoDraw = False
83.8658 	EXP 	grating: ori = np.float64(-1.0)
83.8658 	EXP 	Fixation: autoDraw = True
84.0331 	EXP 	Device response: <KeyPress from None: t=83.84700639999937, value=right, duration=0.17648860000190325>
84.3493 	INFO 	Keyboard events cleared
84.3490 	EXP 	grating: autoDraw = True
84.3656 	EXP 	Fixation: autoDraw = False
84.6491 	EXP 	grating: autoDraw = False
85.5162 	EXP 	Device response: <KeyPress from None: t=85.50886090000859, value=left, duration=None>
85.5178 	DATA 	Keypress: left
85.5324 	EXP 	Fixation: autoDraw = False
85.5324 	EXP 	grating: autoDraw = False
85.5324 	EXP 	grating: ori = np.float64(-1.0)
85.5324 	EXP 	Fixation: autoDraw = True
85.6498 	EXP 	Device response: <KeyPress from None: t=85.50886090000859, value=left, duration=0.12903659998846706>
86.0154 	INFO 	Keyboard events cleared
86.0151 	EXP 	grating: autoDraw = True
86.0325 	EXP 	Fixation: autoDraw = False
86.3154 	EXP 	grating: autoDraw = False
87.5655 	EXP 	Device response: <KeyPress from None: t=87.55944789999921, value=left, duration=None>
87.5671 	DATA 	Keypress: left
87.5813 	EXP 	Fixation: autoDraw = False
87.5813 	EXP 	grating: autoDraw = False
87.5813 	EXP 	grating: ori = np.float64(-1.0)
87.5813 	EXP 	Fixation: autoDraw = True
87.6829 	EXP 	Device response: <KeyPress from None: t=87.55944789999921, value=left, duration=0.1160437000071397>
88.0661 	INFO 	Keyboard events cleared
88.0660 	EXP 	grating: autoDraw = True
88.0820 	EXP 	Fixation: autoDraw = False
88.3655 	EXP 	grating: autoDraw = False
89.0662 	EXP 	Device response: <KeyPress from None: t=89.0602496000065, value=left, duration=None>
89.0678 	DATA 	Keypress: left
89.0819 	EXP 	Fixation: autoDraw = False
89.0819 	EXP 	grating: autoDraw = False
89.0819 	EXP 	grating: ori = np.float64(-1.0)
89.0819 	EXP 	Fixation: autoDraw = True
89.2323 	EXP 	Device response: <KeyPress from None: t=89.0602496000065, value=left, duration=0.1653675999987172>
89.5820 	INFO 	Keyboard events cleared
89.5819 	EXP 	Fixation: autoDraw = False
89.5819 	EXP 	grating: autoDraw = True
89.8824 	EXP 	grating: autoDraw = False
90.1825 	EXP 	Device response: <KeyPress from None: t=90.17196380000678, value=left, duration=None>
90.1840 	DATA 	Keypress: left
90.1985 	EXP 	Fixation: autoDraw = False
90.1985 	EXP 	grating: autoDraw = False
90.1985 	EXP 	grating: ori = np.float64(1.0)
90.1985 	EXP 	Fixation: autoDraw = True
90.3324 	EXP 	Device response: <KeyPress from None: t=90.17196380000678, value=left, duration=0.14917309999873396>
90.6989 	INFO 	Keyboard events cleared
90.6986 	EXP 	Fixation: autoDraw = False
90.6986 	EXP 	grating: autoDraw = True
90.9984 	EXP 	grating: autoDraw = False
91.3654 	EXP 	Device response: <KeyPress from None: t=91.35133010000573, value=right, duration=None>
91.3669 	DATA 	Keypress: right
91.3815 	EXP 	Fixation: autoDraw = False
91.3815 	EXP 	grating: autoDraw = False
91.3815 	EXP 	grating: ori = np.float64(1.0)
91.3815 	EXP 	Fixation: autoDraw = True
91.5160 	EXP 	Device response: <KeyPress from None: t=91.35133010000573, value=right, duration=0.15991839999333024>
91.8655 	INFO 	Keyboard events cleared
91.8654 	EXP 	grating: autoDraw = True
91.8815 	EXP 	Fixation: autoDraw = False
92.1647 	EXP 	grating: autoDraw = False
93.1817 	EXP 	Device response: <KeyPress from None: t=93.17738280000049, value=right, duration=None>
93.1833 	DATA 	Keypress: right
93.1978 	EXP 	Fixation: autoDraw = False
93.1978 	EXP 	grating: autoDraw = False
93.1978 	EXP 	grating: ori = np.float64(1.0)
93.1978 	EXP 	Fixation: autoDraw = True
93.3486 	EXP 	Device response: <KeyPress from None: t=93.17738280000049, value=right, duration=0.1701411999965785>
93.6824 	INFO 	Keyboard events cleared
93.6822 	EXP 	grating: autoDraw = True
93.6984 	EXP 	Fixation: autoDraw = False
93.9819 	EXP 	grating: autoDraw = False
94.5642 	EXP 	Device response: <KeyPress from None: t=94.55913989999681, value=right, duration=None>
94.5658 	DATA 	Keypress: right
94.5808 	EXP 	Fixation: autoDraw = False
94.5808 	EXP 	grating: autoDraw = False
94.5808 	EXP 	grating: ori = np.float64(1.0)
94.5808 	EXP 	Fixation: autoDraw = True
94.7315 	EXP 	Device response: <KeyPress from None: t=94.55913989999681, value=right, duration=0.16793239999969956>
95.0647 	INFO 	Keyboard events cleared
95.0645 	EXP 	grating: autoDraw = True
95.0813 	EXP 	Fixation: autoDraw = False
95.3646 	EXP 	grating: autoDraw = False
95.6318 	EXP 	Device response: <KeyPress from None: t=95.62471640000877, value=right, duration=None>
95.6333 	DATA 	Keypress: right
95.6476 	EXP 	Fixation: autoDraw = False
95.6476 	EXP 	grating: autoDraw = False
95.6476 	EXP 	grating: ori = np.float64(1.0)
95.6476 	EXP 	Fixation: autoDraw = True
95.8010 	EXP 	Device response: <KeyPress from None: t=95.62471640000877, value=right, duration=0.165011199991568>
96.1310 	INFO 	Keyboard events cleared
96.1309 	EXP 	grating: autoDraw = True
96.1472 	EXP 	Fixation: autoDraw = False
96.4311 	EXP 	grating: autoDraw = False
96.8479 	EXP 	Device response: <KeyPress from None: t=96.84094200000982, value=right, duration=None>
96.8494 	DATA 	Keypress: right
96.8641 	EXP 	Fixation: autoDraw = False
96.8641 	EXP 	grating: autoDraw = False
96.8641 	EXP 	grating: ori = np.float64(1.0)
96.8641 	EXP 	Fixation: autoDraw = True
97.0308 	EXP 	Device response: <KeyPress from None: t=96.84094200000982, value=right, duration=0.1889426999987336>
97.3474 	INFO 	Keyboard events cleared
97.3473 	EXP 	grating: autoDraw = True
97.3638 	EXP 	Fixation: autoDraw = False
97.6472 	EXP 	grating: autoDraw = False
98.1313 	EXP 	Device response: <KeyPress from None: t=98.13066520000575, value=right, duration=None>
98.1329 	DATA 	Keypress: right
98.1477 	EXP 	Fixation: autoDraw = False
98.1477 	EXP 	grating: autoDraw = False
98.1477 	EXP 	grating: ori = np.float64(-1.0)
98.1477 	EXP 	Fixation: autoDraw = True
98.3141 	EXP 	Device response: <KeyPress from None: t=98.13066520000575, value=right, duration=0.1710121999931289>
98.6473 	INFO 	Keyboard events cleared
98.6471 	EXP 	Fixation: autoDraw = False
98.6471 	EXP 	grating: autoDraw = True
98.9469 	EXP 	grating: autoDraw = False
100.0154 	EXP 	Device response: <KeyPress from None: t=100.01189979999617, value=left, duration=None>
100.0170 	DATA 	Keypress: left
100.0307 	EXP 	Fixation: autoDraw = False
100.0307 	EXP 	grating: autoDraw = False
100.0307 	EXP 	grating: ori = np.float64(-1.0)
100.0307 	EXP 	Fixation: autoDraw = True
100.1984 	EXP 	Device response: <KeyPress from None: t=100.01189979999617, value=left, duration=0.17521950000082143>
100.5310 	INFO 	Keyboard events cleared
100.5307 	EXP 	Fixation: autoDraw = False
100.5307 	EXP 	grating: autoDraw = True
100.8302 	EXP 	grating: autoDraw = False
101.1306 	EXP 	Device response: <KeyPress from None: t=101.1182087000052, value=left, duration=None>
101.1322 	DATA 	Keypress: left
101.1470 	EXP 	Fixation: autoDraw = False
101.1470 	EXP 	grating: autoDraw = False
101.1470 	EXP 	grating: ori = np.float64(-1.0)
101.1470 	EXP 	Fixation: autoDraw = True
101.2815 	EXP 	Device response: <KeyPress from None: t=101.1182087000052, value=left, duration=0.15894999999727588>
101.6305 	INFO 	Keyboard events cleared
101.6303 	EXP 	grating: autoDraw = True
101.6470 	EXP 	Fixation: autoDraw = False
101.9304 	EXP 	grating: autoDraw = False
102.3971 	EXP 	Device response: <KeyPress from None: t=102.3928467000078, value=left, duration=None>
102.3989 	DATA 	Keypress: left
102.4131 	EXP 	Fixation: autoDraw = False
102.4131 	EXP 	grating: autoDraw = False
102.4131 	EXP 	grating: ori = np.float64(-1.0)
102.4131 	EXP 	Fixation: autoDraw = True
102.5642 	EXP 	Device response: <KeyPress from None: t=102.3928467000078, value=left, duration=0.16586690000258386>
102.9139 	INFO 	Keyboard events cleared
102.9136 	EXP 	Fixation: autoDraw = False
102.9136 	EXP 	grating: autoDraw = True
103.2134 	EXP 	grating: autoDraw = False
103.3970 	EXP 	Device response: <KeyPress from None: t=103.38920279999729, value=left, duration=None>
103.3986 	DATA 	Keypress: left
103.4134 	EXP 	Fixation: autoDraw = False
103.4134 	EXP 	grating: autoDraw = False
103.4134 	EXP 	grating: ori = np.float64(1.0)
103.4134 	EXP 	Fixation: autoDraw = True
103.5298 	EXP 	Device response: <KeyPress from None: t=103.38920279999729, value=left, duration=0.1351872000086587>
103.8970 	INFO 	Keyboard events cleared
103.8969 	EXP 	grating: autoDraw = True
103.9136 	EXP 	Fixation: autoDraw = False
104.1959 	EXP 	grating: autoDraw = False
104.6812 	EXP 	Device response: <KeyPress from None: t=104.67997540000943, value=right, duration=None>
104.6827 	DATA 	Keypress: right
104.6969 	EXP 	Fixation: autoDraw = False
104.6969 	EXP 	grating: autoDraw = False
104.6969 	EXP 	grating: ori = np.float64(1.0)
104.6969 	EXP 	Fixation: autoDraw = True
104.8471 	EXP 	Device response: <KeyPress from None: t=104.67997540000943, value=right, duration=0.164999299988267>
105.1974 	INFO 	Keyboard events cleared
105.1973 	EXP 	Fixation: autoDraw = False
105.1973 	EXP 	grating: autoDraw = True
105.4964 	EXP 	grating: autoDraw = False
105.9136 	EXP 	Device response: <KeyPress from None: t=105.9004222000076, value=right, duration=None>
105.9151 	DATA 	Keypress: right
105.9291 	EXP 	Fixation: autoDraw = False
105.9291 	EXP 	grating: autoDraw = False
105.9291 	EXP 	grating: ori = np.float64(1.0)
105.9291 	EXP 	Fixation: autoDraw = True
106.0128 	EXP 	Device response: <KeyPress from None: t=105.9004222000076, value=right, duration=0.11015719998977147>
106.4131 	INFO 	Keyboard events cleared
106.4129 	EXP 	grating: autoDraw = True
106.4296 	EXP 	Fixation: autoDraw = False
106.7125 	EXP 	grating: autoDraw = False
106.9965 	EXP 	Device response: <KeyPress from None: t=106.99571899999864, value=right, duration=None>
106.9983 	DATA 	Keypress: right
107.0120 	EXP 	Fixation: autoDraw = False
107.0120 	EXP 	grating: autoDraw = False
107.0120 	EXP 	grating: ori = np.float64(1.0)
107.0120 	EXP 	Fixation: autoDraw = True
107.1625 	EXP 	Device response: <KeyPress from None: t=106.99571899999864, value=right, duration=0.16121210000710562>
107.4967 	INFO 	Keyboard events cleared
107.4966 	EXP 	grating: autoDraw = True
107.5133 	EXP 	Fixation: autoDraw = False
107.7963 	EXP 	grating: autoDraw = False
108.2472 	EXP 	Device response: <KeyPress from None: t=108.24135850000312, value=right, duration=None>
108.2487 	DATA 	Keypress: right
108.2627 	EXP 	Fixation: autoDraw = False
108.2627 	EXP 	grating: autoDraw = False
108.2627 	EXP 	grating: ori = np.float64(-1.0)
108.2627 	EXP 	Fixation: autoDraw = True
108.4304 	EXP 	Device response: <KeyPress from None: t=108.24135850000312, value=right, duration=0.18098639999516308>
108.7626 	INFO 	Keyboard events cleared
108.7624 	EXP 	Fixation: autoDraw = False
108.7624 	EXP 	grating: autoDraw = True
109.0626 	EXP 	grating: autoDraw = False
109.4631 	EXP 	Device response: <KeyPress from None: t=109.4530192000093, value=left, duration=None>
109.4646 	DATA 	Keypress: left
109.4794 	EXP 	Fixation: autoDraw = False
109.4794 	EXP 	grating: autoDraw = False
109.4794 	EXP 	grating: ori = np.float64(1.0)
109.4794 	EXP 	Fixation: autoDraw = True
109.6134 	EXP 	Device response: <KeyPress from None: t=109.4530192000093, value=left, duration=0.15474869999161456>
109.9620 	INFO 	Keyboard events cleared
109.9619 	EXP 	grating: autoDraw = True
109.9799 	EXP 	Fixation: autoDraw = False
110.2623 	EXP 	grating: autoDraw = False
110.5633 	EXP 	Device response: <KeyPress from None: t=110.5577847000095, value=right, duration=None>
110.5649 	DATA 	Keypress: right
110.5789 	EXP 	Fixation: autoDraw = False
110.5789 	EXP 	grating: autoDraw = False
110.5789 	EXP 	grating: ori = np.float64(-1.0)
110.5789 	EXP 	Fixation: autoDraw = True
110.7298 	EXP 	Device response: <KeyPress from None: t=110.5577847000095, value=right, duration=0.16651009999623057>
111.0790 	INFO 	Keyboard events cleared
111.0789 	EXP 	Fixation: autoDraw = False
111.0789 	EXP 	grating: autoDraw = True
111.3791 	EXP 	grating: autoDraw = False
111.6296 	EXP 	Device response: <KeyPress from None: t=111.62417799999821, value=left, duration=None>
111.6312 	DATA 	Keypress: left
111.6460 	EXP 	Fixation: autoDraw = False
111.6460 	EXP 	grating: autoDraw = False
111.6460 	EXP 	grating: ori = np.float64(-1.0)
111.6460 	EXP 	Fixation: autoDraw = True
111.7955 	EXP 	Device response: <KeyPress from None: t=111.62417799999821, value=left, duration=0.16586870000173803>
112.1300 	INFO 	Keyboard events cleared
112.1297 	EXP 	grating: autoDraw = True
112.1455 	EXP 	Fixation: autoDraw = False
112.4289 	EXP 	grating: autoDraw = False
113.0123 	EXP 	Device response: <KeyPress from None: t=113.0094034000067, value=left, duration=None>
113.0139 	DATA 	Keypress: left
113.0288 	EXP 	Fixation: autoDraw = False
113.0288 	EXP 	grating: autoDraw = False
113.0288 	EXP 	grating: ori = np.float64(1.0)
113.0288 	EXP 	Fixation: autoDraw = True
113.1628 	EXP 	Device response: <KeyPress from None: t=113.0094034000067, value=left, duration=0.14604409999446943>
113.5292 	INFO 	Keyboard events cleared
113.5291 	EXP 	Fixation: autoDraw = False
113.5291 	EXP 	grating: autoDraw = True
113.8285 	EXP 	grating: autoDraw = False
114.1801 	EXP 	Device response: <KeyPress from None: t=114.1797940999968, value=right, duration=None>
114.1816 	DATA 	Keypress: right
114.1956 	EXP 	Fixation: autoDraw = False
114.1956 	EXP 	grating: autoDraw = False
114.1956 	EXP 	grating: ori = np.float64(1.0)
114.1956 	EXP 	Fixation: autoDraw = True
114.3623 	EXP 	Device response: <KeyPress from None: t=114.1797940999968, value=right, duration=0.17139420000603423>
114.6953 	INFO 	Keyboard events cleared
114.6951 	EXP 	Fixation: autoDraw = False
114.6951 	EXP 	grating: autoDraw = True
114.9952 	EXP 	grating: autoDraw = False
115.1966 	EXP 	Device response: <KeyPress from None: t=115.19579209999938, value=right, duration=None>
115.1976 	DATA 	Keypress: right
115.2121 	EXP 	Fixation: autoDraw = False
115.2121 	EXP 	grating: autoDraw = False
115.2121 	EXP 	grating: ori = np.float64(1.0)
115.2121 	EXP 	Fixation: autoDraw = True
115.3625 	EXP 	Device response: <KeyPress from None: t=115.19579209999938, value=right, duration=0.14984720000938978>
115.7109 	INFO 	Keyboard events cleared
115.7108 	EXP 	Fixation: autoDraw = False
115.7108 	EXP 	grating: autoDraw = True
116.0108 	EXP 	grating: autoDraw = False
116.2795 	EXP 	Device response: <KeyPress from None: t=116.27136800000153, value=right, duration=None>
116.2810 	DATA 	Keypress: right
116.2953 	EXP 	Fixation: autoDraw = False
116.2953 	EXP 	grating: autoDraw = False
116.2953 	EXP 	grating: ori = np.float64(1.0)
116.2953 	EXP 	Fixation: autoDraw = True
116.4451 	EXP 	Device response: <KeyPress from None: t=116.27136800000153, value=right, duration=0.16989050000847783>
116.7955 	INFO 	Keyboard events cleared
116.7953 	EXP 	Fixation: autoDraw = False
116.7953 	EXP 	grating: autoDraw = True
117.0951 	EXP 	grating: autoDraw = False
118.0454 	EXP 	Device response: <KeyPress from None: t=118.03811340000539, value=right, duration=None>
118.0469 	DATA 	Keypress: right
118.0618 	EXP 	Fixation: autoDraw = False
118.0618 	EXP 	grating: autoDraw = False
118.0618 	EXP 	grating: ori = np.float64(-1.0)
118.0618 	EXP 	Fixation: autoDraw = True
118.2286 	EXP 	Device response: <KeyPress from None: t=118.03811340000539, value=right, duration=0.18003780000435654>
118.5451 	INFO 	Keyboard events cleared
118.5448 	EXP 	grating: autoDraw = True
118.5618 	EXP 	Fixation: autoDraw = False
118.8445 	EXP 	grating: autoDraw = False
119.1443 	EXP 	Device response: <KeyPress from None: t=119.14310030000343, value=right, duration=None>
119.1461 	DATA 	Keypress: right
119.1611 	EXP 	Fixation: autoDraw = False
119.1611 	EXP 	grating: autoDraw = False
119.1611 	EXP 	grating: ori = np.float64(-1.5)
119.1611 	EXP 	Fixation: autoDraw = True
119.3115 	EXP 	Device response: <KeyPress from None: t=119.14310030000343, value=right, duration=0.16460610000649467>
119.6453 	INFO 	Keyboard events cleared
119.6452 	EXP 	grating: autoDraw = True
119.6614 	EXP 	Fixation: autoDraw = False
119.9445 	EXP 	grating: autoDraw = False
120.1286 	EXP 	Device response: <KeyPress from None: t=120.12319749999733, value=right, duration=None>
120.1302 	DATA 	Keypress: right
120.1448 	EXP 	Fixation: autoDraw = False
120.1448 	EXP 	grating: autoDraw = False
120.1448 	EXP 	grating: ori = np.float64(2.0)
120.1448 	EXP 	Fixation: autoDraw = True
120.2789 	EXP 	Device response: <KeyPress from None: t=120.12319749999733, value=right, duration=0.1500883000117028>
120.6446 	INFO 	Keyboard events cleared
120.6443 	EXP 	Fixation: autoDraw = False
120.6443 	EXP 	grating: autoDraw = True
120.9446 	EXP 	grating: autoDraw = False
121.1453 	EXP 	Device response: <KeyPress from None: t=121.13447000000451, value=right, duration=None>
121.1469 	DATA 	Keypress: right
121.1611 	EXP 	Fixation: autoDraw = False
121.1611 	EXP 	grating: autoDraw = False
121.1611 	EXP 	grating: ori = np.float64(2.0)
121.1611 	EXP 	Fixation: autoDraw = True
121.2950 	EXP 	Device response: <KeyPress from None: t=121.13447000000451, value=right, duration=0.15506839999579825>
121.6612 	INFO 	Keyboard events cleared
121.6610 	EXP 	Fixation: autoDraw = False
121.6610 	EXP 	grating: autoDraw = True
121.9612 	EXP 	grating: autoDraw = False
122.2289 	EXP 	Device response: <KeyPress from None: t=122.22438909999619, value=right, duration=None>
122.2305 	DATA 	Keypress: right
122.2442 	EXP 	Fixation: autoDraw = False
122.2442 	EXP 	grating: autoDraw = False
122.2442 	EXP 	grating: ori = np.float64(-2.0)
122.2442 	EXP 	Fixation: autoDraw = True
122.3621 	EXP 	Device response: <KeyPress from None: t=122.22438909999619, value=right, duration=0.1314435000094818>
122.7452 	INFO 	Keyboard events cleared
122.7450 	EXP 	Fixation: autoDraw = False
122.7450 	EXP 	grating: autoDraw = True
123.0444 	EXP 	grating: autoDraw = False
123.3113 	EXP 	Device response: <KeyPress from None: t=123.30553930001042, value=left, duration=None>
123.3129 	DATA 	Keypress: left
123.3275 	EXP 	Fixation: autoDraw = False
123.3275 	EXP 	grating: autoDraw = False
123.3275 	EXP 	grating: ori = np.float64(-1.5)
123.3275 	EXP 	Fixation: autoDraw = True
123.4614 	EXP 	Device response: <KeyPress from None: t=123.30553930001042, value=left, duration=0.1547775999933947>
123.8111 	INFO 	Keyboard events cleared
123.8109 	EXP 	grating: autoDraw = True
123.8270 	EXP 	Fixation: autoDraw = False
124.1275 	EXP 	grating: autoDraw = False
124.4612 	EXP 	Device response: <KeyPress from None: t=124.45579429999634, value=left, duration=None>
124.4629 	DATA 	Keypress: left
124.4770 	EXP 	Fixation: autoDraw = False
124.4770 	EXP 	grating: autoDraw = False
124.4770 	EXP 	grating: ori = np.float64(-1.5)
124.4770 	EXP 	Fixation: autoDraw = True
124.6277 	EXP 	Device response: <KeyPress from None: t=124.45579429999634, value=left, duration=0.17010300001129508>
124.9610 	INFO 	Keyboard events cleared
124.9609 	EXP 	grating: autoDraw = True
124.9784 	EXP 	Fixation: autoDraw = False
125.2609 	EXP 	grating: autoDraw = False
125.5109 	EXP 	Device response: <KeyPress from None: t=125.49631309999677, value=left, duration=None>
125.5143 	DATA 	Keypress: left
125.5274 	EXP 	Fixation: autoDraw = False
125.5274 	EXP 	grating: autoDraw = False
125.5274 	EXP 	text_2: autoDraw = True
125.6279 	EXP 	Device response: <KeyPress from None: t=125.49631309999677, value=left, duration=0.12608880001062062>
128.5097 	EXP 	text_2: autoDraw = False
128.5102 	EXP 	Staircase: status = STOPPED
128.5441 	INFO 	saved data to 'C:\\Users\\123\\OneDrive\\Desktop\\Lab Psychology\\staircase\\data\\4_Staircase_2025-09-02_11h24.39.969.csv'
128.5451 	INFO 	saved data to C:\Users\123\OneDrive\Desktop\Lab Psychology\staircase\data\4_Staircase_2025-09-02_11h24.39.969.psydat
128.9861 	WARNING 	Stopping key buffers but this could be dangerous ifother keyboards rely on the same.
129.0364 	WARNING 	Stopping key buffers but this could be dangerous ifother keyboards rely on the same.
