10.4617 	INFO 	Loaded monitor calibration from ['2025_08_11 23:33']
10.4769 	WARNING 	User requested fullscreen with size [1024  768], but screen is actually [1920, 1080]. Using actual size
10.8751 	INFO 	Using renderer 'Intel(R) UHD Graphics' for graphics
10.8751 	INFO 	OpenGL version supported by driver is 4..
11.1079 	EXP 	Created window1 = Window(allowGUI=False, allowStencil=False, autoLog=True, backendConf=UNKNOWN, backgroundFit=<method-wrapper '__getattribute__' of attributeSetter object at 0x000002B6AAD03A90>, backgroundImage=<method-wrapper '__getattribute__' of attributeSetter object at 0x000002B6AAD03A30>, bitsMode=UNKNOWN, blendMode='avg', bpc=(8, 8, 8), color=array([0, 0, 0]), colorSpace='rgb', depthBits=8, fullscr=True, gamma=None, gammaErrorPolicy='raise', infoMsg=UNKNOWN, lms=UNKNOWN, monitor=<psychopy.monitors.calibTools.Monitor object at 0x000002B6AADEDCC0>, multiSample=False, name='window1', numSamples=2, pos=[np.float64(0.0), np.float64(0.0)], screen=0, size=array([1920, 1080]), stencilBits=0, stereo=False, title='PsychoPy', units='height', useFBO=True, useRetina=False, viewOri=0.0, viewPos=None, viewScale=None, waitBlanking=True, winType='pyglet')
11.1081 	EXP 	window1: backgroundImage = ''
11.1082 	EXP 	window1: backgroundFit = 'none'
11.6434 	EXP 	window1: Attempting to measure frame rate of screen (0) ...
11.6435 	EXP 	window1: recordFrameIntervals = False
11.7998 	EXP 	window1: recordFrameIntervals = True
11.9837 	EXP 	Screen (0) actual frame rate measured at 59.90Hz
11.9838 	EXP 	window1: recordFrameIntervals = False
12.0450 	INFO 	keyboard.Keyboard is using ptb backend.
12.0453 	INFO 	keyboard.Keyboard is using ptb backend.
12.0453 	EXP 	Stroop Task: status = STARTED
12.1950 	EXP 	Created text_2 = TextStim(__class__=<class 'psychopy.visual.text.TextStim'>, alignHoriz=method-wrapper(...), alignText='center', alignVert=method-wrapper(...), anchorHoriz='center', anchorVert='center', antialias=True, autoDraw=False, autoLog=True, bold=False, color=array([1., 1., 1.]), colorSpace='rgb', contrast=1.0, depth=0.0, draggable=False, flipHoriz=False, flipVert=False, font='Arial', fontFiles=[], height=np.float64(0.05), italic=False, languageStyle='LTR', name='text_2', opacity=1, ori=0.0, pos=array([0., 0.]), rgb=UNKNOWN, text='Welcome', units='height', win=Window(...), wrapWidth=1)
12.2007 	EXP 	Created Fixation = ShapeStim(__class__=<class 'psychopy.visual.shape.ShapeStim'>, anchor=('center', 'center'), autoDraw=False, autoLog=True, closeShape=True, color=method-wrapper(...), colorSpace='rgb', contrast=None, depth=0.0, draggable=False, fillColor=array([1, 1, 1]), fillColorSpace='rgb', fillRGB=array([1, 1, 1]), interpolate=True, lineColor=array([1., 1., 1.]), lineColorSpace='rgb', lineRGB=array([1, 1, 1]), lineWidth=1.0, name='Fixation', opacity=1, ori=0.0, pos=array([0., 0.]), size=array([10., 10.]), units='height', vertices=ndarray(...), win=Window(...), windingRule=None)
12.2017 	EXP 	Created text = TextStim(__class__=<class 'psychopy.visual.text.TextStim'>, alignHoriz=method-wrapper(...), alignText='center', alignVert=method-wrapper(...), anchorHoriz='center', anchorVert='center', antialias=True, autoDraw=False, autoLog=True, bold=False, color=array([1., 1., 1.]), colorSpace='rgb', contrast=1.0, depth=-1.0, draggable=False, flipHoriz=False, flipVert=False, font='Arial', fontFiles=[], height=0.05, italic=False, languageStyle='LTR', name='text', opacity=1, ori=0.0, pos=array([0., 0.]), rgb=UNKNOWN, text='', units='height', win=Window(...), wrapWidth=1)
12.2146 	EXP 	Created text_3 = TextStim(__class__=<class 'psychopy.visual.text.TextStim'>, alignHoriz=method-wrapper(...), alignText='center', alignVert=method-wrapper(...), anchorHoriz='center', anchorVert='center', antialias=True, autoDraw=False, autoLog=True, bold=False, color=array([1., 1., 1.]), colorSpace='rgb', contrast=1.0, depth=0.0, draggable=False, flipHoriz=False, flipVert=False, font='Arial', fontFiles=[], height=np.float64(0.05), italic=False, languageStyle='LTR', name='text_3', opacity=1, ori=0.0, pos=array([0., 0.]), rgb=UNKNOWN, text='Thank you', units='height', win=Window(...), wrapWidth=1)
0.0072 	EXP 	text_2: autoDraw = True
1.0143 	EXP 	Imported Cond Stroop task.xlsx as conditions, 4 conditions, 4 params
1.0155 	EXP 	New trial (rep=0, index=0): <Trial 0 (0 in rep 0) data={'word': 'BLUE', 'colour': 'red', 'stimulus_condition': 'I', 'correct_response': 'r', 'thisN': 0, 'thisTrialN': 0, 'thisRepN': 0}>
1.0374 	EXP 	text_2: autoDraw = False
1.0374 	EXP 	text: foreColor = <psychopy.colors.Color: red, alpha=1.0>
1.0374 	EXP 	text: height = np.float64(0.05)
1.0374 	EXP 	text: height = np.float64(0.05)
1.0374 	EXP 	text: height = np.float64(0.05)
1.0374 	EXP 	text: text = 'BLUE'
1.0374 	EXP 	Fixation: autoDraw = True
1.5021 	INFO 	Keyboard events cleared
1.5020 	EXP 	Fixation: autoDraw = False
1.5020 	EXP 	text: autoDraw = True
1.6232 	EXP 	Device response: <KeyPress from None: t=1.6087490000063553, value=b, duration=None>
1.6235 	EXP 	New trial (rep=0, index=1): <Trial 1 (1 in rep 0) data={'word': 'RED', 'colour': 'blue', 'stimulus_condition': 'I', 'correct_response': 'b', 'thisN': 1, 'thisTrialN': 1, 'thisRepN': 0}>
1.6350 	DATA 	Keypress: b
1.6410 	EXP 	Fixation: autoDraw = False
1.6410 	EXP 	text: autoDraw = False
1.6410 	EXP 	text: foreColor = <psychopy.colors.Color: blue, alpha=1.0>
1.6410 	EXP 	text: height = np.float64(0.05)
1.6410 	EXP 	text: height = np.float64(0.05)
1.6410 	EXP 	text: height = np.float64(0.05)
1.6410 	EXP 	text: text = 'RED'
1.6410 	EXP 	Fixation: autoDraw = True
1.7882 	EXP 	Device response: <KeyPress from None: t=1.7865066000376828, value=r, duration=None>
1.7893 	DATA 	Keypress: r
2.1348 	INFO 	Keyboard events cleared
2.1347 	EXP 	Fixation: autoDraw = False
2.1347 	EXP 	text: autoDraw = True
3.3854 	EXP 	Device response: <KeyPress from None: t=1.7865066000376828, value=r, duration=1.5880297999829054>
3.6519 	EXP 	Device response: <KeyPress from None: t=1.6087490000063553, value=b, duration=2.0414783000014722>
3.8019 	EXP 	Device response: <KeyPress from None: t=3.8013666000333615, value=b, duration=None>
3.8023 	EXP 	New trial (rep=0, index=2): <Trial 2 (2 in rep 0) data={'word': 'BLUE', 'colour': 'blue', 'stimulus_condition': 'C', 'correct_response': 'b', 'thisN': 2, 'thisTrialN': 2, 'thisRepN': 0}>
3.8071 	DATA 	Keypress: b
3.8207 	EXP 	Fixation: autoDraw = False
3.8207 	EXP 	text: autoDraw = False
3.8207 	EXP 	text: foreColor = <psychopy.colors.Color: blue, alpha=1.0>
3.8207 	EXP 	text: height = np.float64(0.05)
3.8207 	EXP 	text: height = np.float64(0.05)
3.8207 	EXP 	text: height = np.float64(0.05)
3.8207 	EXP 	text: text = 'BLUE'
3.8207 	EXP 	Fixation: autoDraw = True
3.9710 	EXP 	Device response: <KeyPress from None: t=3.8013666000333615, value=b, duration=0.1691006000037305>
4.3012 	INFO 	Keyboard events cleared
4.3011 	EXP 	Fixation: autoDraw = False
4.3011 	EXP 	text: autoDraw = True
6.0183 	EXP 	Device response: <KeyPress from None: t=6.01672710001003, value=b, duration=None>
6.0186 	EXP 	New trial (rep=0, index=3): <Trial 3 (3 in rep 0) data={'word': 'RED', 'colour': 'red', 'stimulus_condition': 'C', 'correct_response': 'r', 'thisN': 3, 'thisTrialN': 3, 'thisRepN': 0}>
6.0236 	DATA 	Keypress: b
6.0367 	EXP 	Fixation: autoDraw = False
6.0367 	EXP 	text: autoDraw = False
6.0367 	EXP 	text: foreColor = <psychopy.colors.Color: red, alpha=1.0>
6.0367 	EXP 	text: height = np.float64(0.05)
6.0367 	EXP 	text: height = np.float64(0.05)
6.0367 	EXP 	text: height = np.float64(0.05)
6.0367 	EXP 	text: text = 'RED'
6.0367 	EXP 	Fixation: autoDraw = True
6.2045 	EXP 	Device response: <KeyPress from None: t=6.01672710001003, value=b, duration=0.17061650002142414>
6.5180 	INFO 	Keyboard events cleared
6.5177 	EXP 	Fixation: autoDraw = False
6.5177 	EXP 	text: autoDraw = True
7.8180 	EXP 	Device response: <KeyPress from None: t=7.81483719998505, value=r, duration=None>
7.8184 	EXP 	New trial (rep=1, index=0): <Trial 4 (0 in rep 1) data={'word': 'BLUE', 'colour': 'blue', 'stimulus_condition': 'C', 'correct_response': 'b', 'thisN': 4, 'thisTrialN': 0, 'thisRepN': 1}>
7.8234 	DATA 	Keypress: r
7.8366 	EXP 	Fixation: autoDraw = False
7.8366 	EXP 	text: autoDraw = False
7.8366 	EXP 	text: foreColor = <psychopy.colors.Color: blue, alpha=1.0>
7.8366 	EXP 	text: height = np.float64(0.05)
7.8366 	EXP 	text: height = np.float64(0.05)
7.8366 	EXP 	text: height = np.float64(0.05)
7.8366 	EXP 	text: text = 'BLUE'
7.8366 	EXP 	Fixation: autoDraw = True
7.9869 	EXP 	Device response: <KeyPress from None: t=7.81483719998505, value=r, duration=0.1681523000006564>
8.3178 	INFO 	Keyboard events cleared
8.3176 	EXP 	Fixation: autoDraw = False
8.3176 	EXP 	text: autoDraw = True
9.9344 	EXP 	Device response: <KeyPress from None: t=9.933977900014725, value=b, duration=None>
9.9348 	EXP 	New trial (rep=1, index=1): <Trial 5 (1 in rep 1) data={'word': 'RED', 'colour': 'red', 'stimulus_condition': 'C', 'correct_response': 'r', 'thisN': 5, 'thisTrialN': 1, 'thisRepN': 1}>
9.9396 	DATA 	Keypress: b
9.9529 	EXP 	Fixation: autoDraw = False
9.9529 	EXP 	text: autoDraw = False
9.9529 	EXP 	text: foreColor = <psychopy.colors.Color: red, alpha=1.0>
9.9529 	EXP 	text: height = np.float64(0.05)
9.9529 	EXP 	text: height = np.float64(0.05)
9.9529 	EXP 	text: height = np.float64(0.05)
9.9529 	EXP 	text: text = 'RED'
9.9529 	EXP 	Fixation: autoDraw = True
10.0697 	EXP 	Device response: <KeyPress from None: t=9.933977900014725, value=b, duration=0.11993069999152794>
10.4338 	INFO 	Keyboard events cleared
10.4337 	EXP 	Fixation: autoDraw = False
10.4337 	EXP 	text: autoDraw = True
12.4008 	EXP 	Device response: <KeyPress from None: t=12.400090400013141, value=r, duration=None>
12.4011 	EXP 	New trial (rep=1, index=2): <Trial 6 (2 in rep 1) data={'word': 'RED', 'colour': 'blue', 'stimulus_condition': 'I', 'correct_response': 'b', 'thisN': 6, 'thisTrialN': 2, 'thisRepN': 1}>
12.4031 	DATA 	Keypress: r
12.4193 	EXP 	Fixation: autoDraw = False
12.4193 	EXP 	text: autoDraw = False
12.4193 	EXP 	text: foreColor = <psychopy.colors.Color: blue, alpha=1.0>
12.4193 	EXP 	text: text = 'RED'
12.4193 	EXP 	Fixation: autoDraw = True
12.5696 	EXP 	Device response: <KeyPress from None: t=12.400090400013141, value=r, duration=0.15507979999529198>
12.9004 	INFO 	Keyboard events cleared
12.9002 	EXP 	Fixation: autoDraw = False
12.9002 	EXP 	text: autoDraw = True
14.3004 	EXP 	Device response: <KeyPress from None: t=14.292542600014713, value=b, duration=None>
14.3008 	EXP 	New trial (rep=1, index=3): <Trial 7 (3 in rep 1) data={'word': 'BLUE', 'colour': 'red', 'stimulus_condition': 'I', 'correct_response': 'r', 'thisN': 7, 'thisTrialN': 3, 'thisRepN': 1}>
14.3060 	DATA 	Keypress: b
14.3195 	EXP 	Fixation: autoDraw = False
14.3195 	EXP 	text: autoDraw = False
14.3195 	EXP 	text: foreColor = <psychopy.colors.Color: red, alpha=1.0>
14.3195 	EXP 	text: height = np.float64(0.05)
14.3195 	EXP 	text: height = np.float64(0.05)
14.3195 	EXP 	text: height = np.float64(0.05)
14.3195 	EXP 	text: text = 'BLUE'
14.3195 	EXP 	Fixation: autoDraw = True
14.4700 	EXP 	Device response: <KeyPress from None: t=14.292542600014713, value=b, duration=0.17448240000521764>
14.8003 	INFO 	Keyboard events cleared
14.8002 	EXP 	Fixation: autoDraw = False
14.8002 	EXP 	text: autoDraw = True
16.0173 	EXP 	Device response: <KeyPress from None: t=16.01230460003717, value=r, duration=None>
16.0177 	EXP 	New trial (rep=2, index=0): <Trial 8 (0 in rep 2) data={'word': 'RED', 'colour': 'blue', 'stimulus_condition': 'I', 'correct_response': 'b', 'thisN': 8, 'thisTrialN': 0, 'thisRepN': 2}>
16.0231 	DATA 	Keypress: r
16.0357 	EXP 	Fixation: autoDraw = False
16.0357 	EXP 	text: autoDraw = False
16.0357 	EXP 	text: foreColor = <psychopy.colors.Color: blue, alpha=1.0>
16.0357 	EXP 	text: height = np.float64(0.05)
16.0357 	EXP 	text: height = np.float64(0.05)
16.0357 	EXP 	text: height = np.float64(0.05)
16.0357 	EXP 	text: text = 'RED'
16.0357 	EXP 	Fixation: autoDraw = True
16.1535 	EXP 	Device response: <KeyPress from None: t=16.01230460003717, value=r, duration=0.14036129997111857>
16.5165 	INFO 	Keyboard events cleared
16.5164 	EXP 	Fixation: autoDraw = False
16.5164 	EXP 	text: autoDraw = True
17.5336 	EXP 	Device response: <KeyPress from None: t=17.524390999984462, value=b, duration=None>
17.5340 	EXP 	New trial (rep=2, index=1): <Trial 9 (1 in rep 2) data={'word': 'RED', 'colour': 'red', 'stimulus_condition': 'C', 'correct_response': 'r', 'thisN': 9, 'thisTrialN': 1, 'thisRepN': 2}>
17.5359 	DATA 	Keypress: b
17.5528 	EXP 	Fixation: autoDraw = False
17.5528 	EXP 	text: autoDraw = False
17.5528 	EXP 	text: foreColor = <psychopy.colors.Color: red, alpha=1.0>
17.5528 	EXP 	text: text = 'RED'
17.5528 	EXP 	Fixation: autoDraw = True
17.6701 	EXP 	Device response: <KeyPress from None: t=17.524390999984462, value=b, duration=0.134109900041949>
18.0335 	INFO 	Keyboard events cleared
18.0333 	EXP 	Fixation: autoDraw = False
18.0333 	EXP 	text: autoDraw = True
18.9502 	EXP 	Device response: <KeyPress from None: t=18.94039750000229, value=r, duration=None>
18.9506 	EXP 	New trial (rep=2, index=2): <Trial 10 (2 in rep 2) data={'word': 'BLUE', 'colour': 'red', 'stimulus_condition': 'I', 'correct_response': 'r', 'thisN': 10, 'thisTrialN': 2, 'thisRepN': 2}>
18.9559 	DATA 	Keypress: r
18.9686 	EXP 	Fixation: autoDraw = False
18.9686 	EXP 	text: autoDraw = False
18.9686 	EXP 	text: foreColor = <psychopy.colors.Color: red, alpha=1.0>
18.9686 	EXP 	text: height = np.float64(0.05)
18.9686 	EXP 	text: height = np.float64(0.05)
18.9686 	EXP 	text: height = np.float64(0.05)
18.9686 	EXP 	text: text = 'BLUE'
18.9686 	EXP 	Fixation: autoDraw = True
19.0356 	EXP 	Device response: <KeyPress from None: t=18.94039750000229, value=r, duration=0.08981879998464137>
19.4499 	INFO 	Keyboard events cleared
19.4497 	EXP 	Fixation: autoDraw = False
19.4497 	EXP 	text: autoDraw = True
21.6330 	EXP 	Device response: <KeyPress from None: t=21.620623200025875, value=r, duration=None>
21.6333 	EXP 	New trial (rep=2, index=3): <Trial 11 (3 in rep 2) data={'word': 'BLUE', 'colour': 'blue', 'stimulus_condition': 'C', 'correct_response': 'b', 'thisN': 11, 'thisTrialN': 3, 'thisRepN': 2}>
21.6351 	DATA 	Keypress: r
21.6517 	EXP 	Fixation: autoDraw = False
21.6517 	EXP 	text: autoDraw = False
21.6517 	EXP 	text: foreColor = <psychopy.colors.Color: blue, alpha=1.0>
21.6517 	EXP 	text: text = 'BLUE'
21.6517 	EXP 	Fixation: autoDraw = True
21.7194 	EXP 	Device response: <KeyPress from None: t=21.620623200025875, value=r, duration=0.09149739996064454>
22.1324 	INFO 	Keyboard events cleared
22.1323 	EXP 	Fixation: autoDraw = False
22.1323 	EXP 	text: autoDraw = True
23.2828 	EXP 	Device response: <KeyPress from None: t=23.281710700015537, value=b, duration=None>
23.2831 	EXP 	New trial (rep=3, index=0): <Trial 12 (0 in rep 3) data={'word': 'RED', 'colour': 'blue', 'stimulus_condition': 'I', 'correct_response': 'b', 'thisN': 12, 'thisTrialN': 0, 'thisRepN': 3}>
23.2882 	DATA 	Keypress: b
23.3016 	EXP 	Fixation: autoDraw = False
23.3016 	EXP 	text: autoDraw = False
23.3016 	EXP 	text: foreColor = <psychopy.colors.Color: blue, alpha=1.0>
23.3016 	EXP 	text: height = np.float64(0.05)
23.3016 	EXP 	text: height = np.float64(0.05)
23.3016 	EXP 	text: height = np.float64(0.05)
23.3016 	EXP 	text: text = 'RED'
23.3016 	EXP 	Fixation: autoDraw = True
23.4352 	EXP 	Device response: <KeyPress from None: t=23.281710700015537, value=b, duration=0.14643680001609027>
23.7823 	INFO 	Keyboard events cleared
23.7821 	EXP 	Fixation: autoDraw = False
23.7821 	EXP 	text: autoDraw = True
24.9992 	EXP 	Device response: <KeyPress from None: t=24.98905420000665, value=b, duration=None>
24.9996 	EXP 	New trial (rep=3, index=1): <Trial 13 (1 in rep 3) data={'word': 'BLUE', 'colour': 'red', 'stimulus_condition': 'I', 'correct_response': 'r', 'thisN': 13, 'thisTrialN': 1, 'thisRepN': 3}>
25.0045 	DATA 	Keypress: b
25.0180 	EXP 	Fixation: autoDraw = False
25.0180 	EXP 	text: autoDraw = False
25.0180 	EXP 	text: foreColor = <psychopy.colors.Color: red, alpha=1.0>
25.0180 	EXP 	text: height = np.float64(0.05)
25.0180 	EXP 	text: height = np.float64(0.05)
25.0180 	EXP 	text: height = np.float64(0.05)
25.0180 	EXP 	text: text = 'BLUE'
25.0180 	EXP 	Fixation: autoDraw = True
25.1683 	EXP 	Device response: <KeyPress from None: t=24.98905420000665, value=b, duration=0.1687175999977626>
25.4993 	INFO 	Keyboard events cleared
25.4991 	EXP 	Fixation: autoDraw = False
25.4991 	EXP 	text: autoDraw = True
26.3994 	EXP 	Device response: <KeyPress from None: t=26.398648800037336, value=r, duration=None>
26.3997 	EXP 	New trial (rep=3, index=2): <Trial 14 (2 in rep 3) data={'word': 'RED', 'colour': 'red', 'stimulus_condition': 'C', 'correct_response': 'r', 'thisN': 14, 'thisTrialN': 2, 'thisRepN': 3}>
26.4048 	DATA 	Keypress: r
26.4179 	EXP 	Fixation: autoDraw = False
26.4179 	EXP 	text: autoDraw = False
26.4179 	EXP 	text: foreColor = <psychopy.colors.Color: red, alpha=1.0>
26.4179 	EXP 	text: height = np.float64(0.05)
26.4179 	EXP 	text: height = np.float64(0.05)
26.4179 	EXP 	text: height = np.float64(0.05)
26.4179 	EXP 	text: text = 'RED'
26.4179 	EXP 	Fixation: autoDraw = True
26.5520 	EXP 	Device response: <KeyPress from None: t=26.398648800037336, value=r, duration=0.14043410000158474>
26.8985 	INFO 	Keyboard events cleared
26.8984 	EXP 	Fixation: autoDraw = False
26.8984 	EXP 	text: autoDraw = True
27.5154 	EXP 	Device response: <KeyPress from None: t=27.51441350003006, value=r, duration=None>
27.5158 	EXP 	New trial (rep=3, index=3): <Trial 15 (3 in rep 3) data={'word': 'BLUE', 'colour': 'blue', 'stimulus_condition': 'C', 'correct_response': 'b', 'thisN': 15, 'thisTrialN': 3, 'thisRepN': 3}>
27.5215 	DATA 	Keypress: r
27.5345 	EXP 	Fixation: autoDraw = False
27.5345 	EXP 	text: autoDraw = False
27.5345 	EXP 	text: foreColor = <psychopy.colors.Color: blue, alpha=1.0>
27.5345 	EXP 	text: height = np.float64(0.05)
27.5345 	EXP 	text: height = np.float64(0.05)
27.5345 	EXP 	text: height = np.float64(0.05)
27.5345 	EXP 	text: text = 'BLUE'
27.5345 	EXP 	Fixation: autoDraw = True
27.6850 	EXP 	Device response: <KeyPress from None: t=27.51441350003006, value=r, duration=0.17005189997144043>
28.0156 	INFO 	Keyboard events cleared
28.0154 	EXP 	Fixation: autoDraw = False
28.0154 	EXP 	text: autoDraw = True
29.2872 	DATA 	Keypress: b
29.3008 	EXP 	Device response: <KeyPress from None: t=29.28515619999962, value=b, duration=None>
29.3011 	EXP 	New trial (rep=4, index=0): <Trial 16 (0 in rep 4) data={'word': 'BLUE', 'colour': 'blue', 'stimulus_condition': 'C', 'correct_response': 'b', 'thisN': 16, 'thisTrialN': 0, 'thisRepN': 4}>
29.3242 	EXP 	Fixation: autoDraw = False
29.3242 	EXP 	text: autoDraw = False
29.3242 	EXP 	text: foreColor = <psychopy.colors.Color: blue, alpha=1.0>
29.3242 	EXP 	text: text = 'BLUE'
29.3242 	EXP 	Fixation: autoDraw = True
29.4740 	EXP 	Device response: <KeyPress from None: t=29.28515619999962, value=b, duration=0.17482610000297427>
29.7989 	INFO 	Keyboard events cleared
29.7987 	EXP 	Fixation: autoDraw = False
29.7987 	EXP 	text: autoDraw = True
30.5647 	EXP 	Device response: <KeyPress from None: t=30.551759499998298, value=b, duration=None>
30.5650 	EXP 	New trial (rep=4, index=1): <Trial 17 (1 in rep 4) data={'word': 'BLUE', 'colour': 'red', 'stimulus_condition': 'I', 'correct_response': 'r', 'thisN': 17, 'thisTrialN': 1, 'thisRepN': 4}>
30.5669 	DATA 	Keypress: b
30.5834 	EXP 	Fixation: autoDraw = False
30.5834 	EXP 	text: autoDraw = False
30.5834 	EXP 	text: foreColor = <psychopy.colors.Color: red, alpha=1.0>
30.5834 	EXP 	text: text = 'BLUE'
30.5834 	EXP 	Fixation: autoDraw = True
30.7171 	EXP 	Device response: <KeyPress from None: t=30.551759499998298, value=b, duration=0.1491194000118412>
31.0648 	INFO 	Keyboard events cleared
31.0646 	EXP 	Fixation: autoDraw = False
31.0646 	EXP 	text: autoDraw = True
32.0982 	EXP 	Device response: <KeyPress from None: t=32.08757949998835, value=r, duration=None>
32.0986 	EXP 	New trial (rep=4, index=2): <Trial 18 (2 in rep 4) data={'word': 'RED', 'colour': 'blue', 'stimulus_condition': 'I', 'correct_response': 'b', 'thisN': 18, 'thisTrialN': 2, 'thisRepN': 4}>
32.1040 	DATA 	Keypress: r
32.1168 	EXP 	Fixation: autoDraw = False
32.1168 	EXP 	text: autoDraw = False
32.1168 	EXP 	text: foreColor = <psychopy.colors.Color: blue, alpha=1.0>
32.1168 	EXP 	text: height = np.float64(0.05)
32.1168 	EXP 	text: height = np.float64(0.05)
32.1168 	EXP 	text: height = np.float64(0.05)
32.1168 	EXP 	text: text = 'RED'
32.1168 	EXP 	Fixation: autoDraw = True
32.2506 	EXP 	Device response: <KeyPress from None: t=32.08757949998835, value=r, duration=0.16095180000411347>
32.5980 	INFO 	Keyboard events cleared
32.5979 	EXP 	Fixation: autoDraw = False
32.5979 	EXP 	text: autoDraw = True
33.3811 	EXP 	Device response: <KeyPress from None: t=33.37911159999203, value=b, duration=None>
33.3815 	EXP 	New trial (rep=4, index=3): <Trial 19 (3 in rep 4) data={'word': 'RED', 'colour': 'red', 'stimulus_condition': 'C', 'correct_response': 'r', 'thisN': 19, 'thisTrialN': 3, 'thisRepN': 4}>
33.3832 	DATA 	Keypress: b
33.4001 	EXP 	Fixation: autoDraw = False
33.4001 	EXP 	text: autoDraw = False
33.4001 	EXP 	text: foreColor = <psychopy.colors.Color: red, alpha=1.0>
33.4001 	EXP 	text: text = 'RED'
33.4001 	EXP 	Fixation: autoDraw = True
33.5509 	EXP 	Device response: <KeyPress from None: t=33.37911159999203, value=b, duration=0.1697769000311382>
33.8811 	INFO 	Keyboard events cleared
33.8810 	EXP 	Fixation: autoDraw = False
33.8810 	EXP 	text: autoDraw = True
34.6981 	EXP 	Device response: <KeyPress from None: t=34.683384000032675, value=r, duration=None>
34.6984 	EXP 	New trial (rep=5, index=0): <Trial 20 (0 in rep 5) data={'word': 'RED', 'colour': 'red', 'stimulus_condition': 'C', 'correct_response': 'r', 'thisN': 20, 'thisTrialN': 0, 'thisRepN': 5}>
34.7003 	DATA 	Keypress: r
34.7169 	EXP 	Fixation: autoDraw = False
34.7169 	EXP 	text: autoDraw = False
34.7169 	EXP 	text: foreColor = <psychopy.colors.Color: red, alpha=1.0>
34.7169 	EXP 	text: text = 'RED'
34.7169 	EXP 	Fixation: autoDraw = True
34.8673 	EXP 	Device response: <KeyPress from None: t=34.683384000032675, value=r, duration=0.18218579998938367>
35.1978 	INFO 	Keyboard events cleared
35.1976 	EXP 	Fixation: autoDraw = False
35.1976 	EXP 	text: autoDraw = True
36.5310 	EXP 	Device response: <KeyPress from None: t=36.52986539999256, value=r, duration=None>
36.5313 	EXP 	New trial (rep=5, index=1): <Trial 21 (1 in rep 5) data={'word': 'RED', 'colour': 'blue', 'stimulus_condition': 'I', 'correct_response': 'b', 'thisN': 21, 'thisTrialN': 1, 'thisRepN': 5}>
36.5332 	DATA 	Keypress: r
36.5497 	EXP 	Fixation: autoDraw = False
36.5497 	EXP 	text: autoDraw = False
36.5497 	EXP 	text: foreColor = <psychopy.colors.Color: blue, alpha=1.0>
36.5497 	EXP 	text: text = 'RED'
36.5497 	EXP 	Fixation: autoDraw = True
36.6505 	EXP 	Device response: <KeyPress from None: t=36.52986539999256, value=r, duration=0.1043993000057526>
37.0302 	INFO 	Keyboard events cleared
37.0301 	EXP 	Fixation: autoDraw = False
37.0301 	EXP 	text: autoDraw = True
37.7477 	EXP 	Device response: <KeyPress from None: t=37.745621800015215, value=b, duration=None>
37.7481 	EXP 	New trial (rep=5, index=2): <Trial 22 (2 in rep 5) data={'word': 'BLUE', 'colour': 'red', 'stimulus_condition': 'I', 'correct_response': 'r', 'thisN': 22, 'thisTrialN': 2, 'thisRepN': 5}>
37.7532 	DATA 	Keypress: b
37.7662 	EXP 	Fixation: autoDraw = False
37.7662 	EXP 	text: autoDraw = False
37.7662 	EXP 	text: foreColor = <psychopy.colors.Color: red, alpha=1.0>
37.7662 	EXP 	text: height = np.float64(0.05)
37.7662 	EXP 	text: height = np.float64(0.05)
37.7662 	EXP 	text: height = np.float64(0.05)
37.7662 	EXP 	text: text = 'BLUE'
37.7662 	EXP 	Fixation: autoDraw = True
37.8834 	EXP 	Device response: <KeyPress from None: t=37.745621800015215, value=b, duration=0.1361262999707833>
38.2473 	INFO 	Keyboard events cleared
38.2471 	EXP 	Fixation: autoDraw = False
38.2471 	EXP 	text: autoDraw = True
39.0320 	DATA 	Keypress: r
39.0469 	EXP 	Device response: <KeyPress from None: t=39.03105869999854, value=r, duration=None>
39.0472 	EXP 	New trial (rep=5, index=3): <Trial 23 (3 in rep 5) data={'word': 'BLUE', 'colour': 'blue', 'stimulus_condition': 'C', 'correct_response': 'b', 'thisN': 23, 'thisTrialN': 3, 'thisRepN': 5}>
39.0658 	EXP 	Fixation: autoDraw = False
39.0658 	EXP 	text: autoDraw = False
39.0658 	EXP 	text: foreColor = <psychopy.colors.Color: blue, alpha=1.0>
39.0658 	EXP 	text: text = 'BLUE'
39.0658 	EXP 	Fixation: autoDraw = True
39.2164 	EXP 	Device response: <KeyPress from None: t=39.03105869999854, value=r, duration=0.18060479999985546>
39.5472 	INFO 	Keyboard events cleared
39.5470 	EXP 	Fixation: autoDraw = False
39.5470 	EXP 	text: autoDraw = True
40.8134 	EXP 	Device response: <KeyPress from None: t=40.80211520002922, value=b, duration=None>
40.8137 	EXP 	New trial (rep=6, index=0): <Trial 24 (0 in rep 6) data={'word': 'BLUE', 'colour': 'blue', 'stimulus_condition': 'C', 'correct_response': 'b', 'thisN': 24, 'thisTrialN': 0, 'thisRepN': 6}>
40.8155 	DATA 	Keypress: b
40.8325 	EXP 	Fixation: autoDraw = False
40.8325 	EXP 	text: autoDraw = False
40.8325 	EXP 	text: foreColor = <psychopy.colors.Color: blue, alpha=1.0>
40.8325 	EXP 	text: text = 'BLUE'
40.8325 	EXP 	Fixation: autoDraw = True
40.9665 	EXP 	Device response: <KeyPress from None: t=40.80211520002922, value=b, duration=0.16088380001019686>
41.3133 	INFO 	Keyboard events cleared
41.3132 	EXP 	Fixation: autoDraw = False
41.3132 	EXP 	text: autoDraw = True
41.9470 	EXP 	Device response: <KeyPress from None: t=41.934051499993075, value=b, duration=None>
41.9474 	EXP 	New trial (rep=6, index=1): <Trial 25 (1 in rep 6) data={'word': 'RED', 'colour': 'blue', 'stimulus_condition': 'I', 'correct_response': 'b', 'thisN': 25, 'thisTrialN': 1, 'thisRepN': 6}>
41.9522 	DATA 	Keypress: b
41.9655 	EXP 	Fixation: autoDraw = False
41.9655 	EXP 	text: autoDraw = False
41.9655 	EXP 	text: foreColor = <psychopy.colors.Color: blue, alpha=1.0>
41.9655 	EXP 	text: height = np.float64(0.05)
41.9655 	EXP 	text: height = np.float64(0.05)
41.9655 	EXP 	text: height = np.float64(0.05)
41.9655 	EXP 	text: text = 'RED'
41.9655 	EXP 	Fixation: autoDraw = True
42.1328 	EXP 	Device response: <KeyPress from None: t=41.934051499993075, value=b, duration=0.18348669999977574>
42.4468 	INFO 	Keyboard events cleared
42.4467 	EXP 	Fixation: autoDraw = False
42.4467 	EXP 	text: autoDraw = True
43.4640 	EXP 	Device response: <KeyPress from None: t=43.4636720000417, value=b, duration=None>
43.4643 	EXP 	New trial (rep=6, index=2): <Trial 26 (2 in rep 6) data={'word': 'BLUE', 'colour': 'red', 'stimulus_condition': 'I', 'correct_response': 'r', 'thisN': 26, 'thisTrialN': 2, 'thisRepN': 6}>
43.4694 	DATA 	Keypress: b
43.4821 	EXP 	Fixation: autoDraw = False
43.4821 	EXP 	text: autoDraw = False
43.4821 	EXP 	text: foreColor = <psychopy.colors.Color: red, alpha=1.0>
43.4821 	EXP 	text: height = np.float64(0.05)
43.4821 	EXP 	text: height = np.float64(0.05)
43.4821 	EXP 	text: height = np.float64(0.05)
43.4821 	EXP 	text: text = 'BLUE'
43.4821 	EXP 	Fixation: autoDraw = True
43.6660 	EXP 	Device response: <KeyPress from None: t=43.4636720000417, value=b, duration=0.19499199994606897>
43.9631 	INFO 	Keyboard events cleared
43.9629 	EXP 	Fixation: autoDraw = False
43.9629 	EXP 	text: autoDraw = True
44.5799 	EXP 	Device response: <KeyPress from None: t=44.579172700003255, value=r, duration=None>
44.5803 	EXP 	New trial (rep=6, index=3): <Trial 27 (3 in rep 6) data={'word': 'RED', 'colour': 'red', 'stimulus_condition': 'C', 'correct_response': 'r', 'thisN': 27, 'thisTrialN': 3, 'thisRepN': 6}>
44.5855 	DATA 	Keypress: r
44.5988 	EXP 	Fixation: autoDraw = False
44.5988 	EXP 	text: autoDraw = False
44.5988 	EXP 	text: foreColor = <psychopy.colors.Color: red, alpha=1.0>
44.5988 	EXP 	text: height = np.float64(0.05)
44.5988 	EXP 	text: height = np.float64(0.05)
44.5988 	EXP 	text: height = np.float64(0.05)
44.5988 	EXP 	text: text = 'RED'
44.5988 	EXP 	Fixation: autoDraw = True
44.7323 	EXP 	Device response: <KeyPress from None: t=44.579172700003255, value=r, duration=0.1456633000052534>
45.0795 	INFO 	Keyboard events cleared
45.0793 	EXP 	Fixation: autoDraw = False
45.0793 	EXP 	text: autoDraw = True
45.7632 	EXP 	Device response: <KeyPress from None: t=45.75034660001984, value=r, duration=None>
45.7636 	EXP 	New trial (rep=7, index=0): <Trial 28 (0 in rep 7) data={'word': 'BLUE', 'colour': 'blue', 'stimulus_condition': 'C', 'correct_response': 'b', 'thisN': 28, 'thisTrialN': 0, 'thisRepN': 7}>
45.7696 	DATA 	Keypress: r
45.7816 	EXP 	Fixation: autoDraw = False
45.7816 	EXP 	text: autoDraw = False
45.7816 	EXP 	text: foreColor = <psychopy.colors.Color: blue, alpha=1.0>
45.7816 	EXP 	text: height = np.float64(0.05)
45.7816 	EXP 	text: height = np.float64(0.05)
45.7816 	EXP 	text: height = np.float64(0.05)
45.7816 	EXP 	text: text = 'BLUE'
45.7816 	EXP 	Fixation: autoDraw = True
45.8996 	EXP 	Device response: <KeyPress from None: t=45.75034660001984, value=r, duration=0.1474385000183247>
46.2629 	INFO 	Keyboard events cleared
46.2627 	EXP 	Fixation: autoDraw = False
46.2627 	EXP 	text: autoDraw = True
46.8127 	EXP 	Device response: <KeyPress from None: t=46.80555540003115, value=b, duration=None>
46.8131 	EXP 	New trial (rep=7, index=1): <Trial 29 (1 in rep 7) data={'word': 'RED', 'colour': 'red', 'stimulus_condition': 'C', 'correct_response': 'r', 'thisN': 29, 'thisTrialN': 1, 'thisRepN': 7}>
46.8180 	DATA 	Keypress: b
46.8317 	EXP 	Fixation: autoDraw = False
46.8317 	EXP 	text: autoDraw = False
46.8317 	EXP 	text: foreColor = <psychopy.colors.Color: red, alpha=1.0>
46.8317 	EXP 	text: height = np.float64(0.05)
46.8317 	EXP 	text: height = np.float64(0.05)
46.8317 	EXP 	text: height = np.float64(0.05)
46.8317 	EXP 	text: text = 'RED'
46.8317 	EXP 	Fixation: autoDraw = True
46.9824 	EXP 	Device response: <KeyPress from None: t=46.80555540003115, value=b, duration=0.16580919997068122>
47.3128 	INFO 	Keyboard events cleared
47.3126 	EXP 	Fixation: autoDraw = False
47.3126 	EXP 	text: autoDraw = True
48.1959 	EXP 	Device response: <KeyPress from None: t=48.192618900036905, value=r, duration=None>
48.1962 	EXP 	New trial (rep=7, index=2): <Trial 30 (2 in rep 7) data={'word': 'RED', 'colour': 'blue', 'stimulus_condition': 'I', 'correct_response': 'b', 'thisN': 30, 'thisTrialN': 2, 'thisRepN': 7}>
48.1980 	DATA 	Keypress: r
48.2149 	EXP 	Fixation: autoDraw = False
48.2149 	EXP 	text: autoDraw = False
48.2149 	EXP 	text: foreColor = <psychopy.colors.Color: blue, alpha=1.0>
48.2149 	EXP 	text: text = 'RED'
48.2149 	EXP 	Fixation: autoDraw = True
48.4157 	EXP 	Device response: <KeyPress from None: t=48.192618900036905, value=r, duration=0.22059039998566732>
48.6956 	INFO 	Keyboard events cleared
48.6954 	EXP 	Fixation: autoDraw = False
48.6954 	EXP 	text: autoDraw = True
49.8291 	EXP 	Device response: <KeyPress from None: t=49.81877680000616, value=b, duration=None>
49.8294 	EXP 	New trial (rep=7, index=3): <Trial 31 (3 in rep 7) data={'word': 'BLUE', 'colour': 'red', 'stimulus_condition': 'I', 'correct_response': 'r', 'thisN': 31, 'thisTrialN': 3, 'thisRepN': 7}>
49.8354 	DATA 	Keypress: b
49.8478 	EXP 	Fixation: autoDraw = False
49.8478 	EXP 	text: autoDraw = False
49.8478 	EXP 	text: foreColor = <psychopy.colors.Color: red, alpha=1.0>
49.8478 	EXP 	text: height = np.float64(0.05)
49.8478 	EXP 	text: height = np.float64(0.05)
49.8478 	EXP 	text: height = np.float64(0.05)
49.8478 	EXP 	text: text = 'BLUE'
49.8478 	EXP 	Fixation: autoDraw = True
50.1815 	EXP 	Device response: <KeyPress from None: t=49.81877680000616, value=b, duration=0.35490660002687946>
50.3285 	INFO 	Keyboard events cleared
50.3283 	EXP 	Fixation: autoDraw = False
50.3283 	EXP 	text: autoDraw = True
51.5957 	EXP 	Device response: <KeyPress from None: t=51.58418140001595, value=r, duration=None>
51.5960 	EXP 	New trial (rep=8, index=0): <Trial 32 (0 in rep 8) data={'word': 'RED', 'colour': 'blue', 'stimulus_condition': 'I', 'correct_response': 'b', 'thisN': 32, 'thisTrialN': 0, 'thisRepN': 8}>
51.6013 	DATA 	Keypress: r
51.6143 	EXP 	Fixation: autoDraw = False
51.6143 	EXP 	text: autoDraw = False
51.6143 	EXP 	text: foreColor = <psychopy.colors.Color: blue, alpha=1.0>
51.6143 	EXP 	text: height = np.float64(0.05)
51.6143 	EXP 	text: height = np.float64(0.05)
51.6143 	EXP 	text: height = np.float64(0.05)
51.6143 	EXP 	text: text = 'RED'
51.6143 	EXP 	Fixation: autoDraw = True
51.7819 	EXP 	Device response: <KeyPress from None: t=51.58418140001595, value=r, duration=0.1843409999855794>
52.0955 	INFO 	Keyboard events cleared
52.0953 	EXP 	Fixation: autoDraw = False
52.0953 	EXP 	text: autoDraw = True
53.0455 	EXP 	Device response: <KeyPress from None: t=53.04411409999011, value=b, duration=None>
53.0459 	EXP 	New trial (rep=8, index=1): <Trial 33 (1 in rep 8) data={'word': 'RED', 'colour': 'red', 'stimulus_condition': 'C', 'correct_response': 'r', 'thisN': 33, 'thisTrialN': 1, 'thisRepN': 8}>
53.0477 	DATA 	Keypress: b
53.0644 	EXP 	Fixation: autoDraw = False
53.0644 	EXP 	text: autoDraw = False
53.0644 	EXP 	text: foreColor = <psychopy.colors.Color: red, alpha=1.0>
53.0644 	EXP 	text: text = 'RED'
53.0644 	EXP 	Fixation: autoDraw = True
53.2477 	EXP 	Device response: <KeyPress from None: t=53.04411409999011, value=b, duration=0.19547760003479198>
53.5452 	INFO 	Keyboard events cleared
53.5450 	EXP 	Fixation: autoDraw = False
53.5450 	EXP 	text: autoDraw = True
54.8788 	EXP 	Device response: <KeyPress from None: t=54.876711199991405, value=r, duration=None>
54.8791 	EXP 	New trial (rep=8, index=2): <Trial 34 (2 in rep 8) data={'word': 'BLUE', 'colour': 'red', 'stimulus_condition': 'I', 'correct_response': 'r', 'thisN': 34, 'thisTrialN': 2, 'thisRepN': 8}>
54.8840 	DATA 	Keypress: r
54.8972 	EXP 	Fixation: autoDraw = False
54.8972 	EXP 	text: autoDraw = False
54.8972 	EXP 	text: foreColor = <psychopy.colors.Color: red, alpha=1.0>
54.8972 	EXP 	text: height = np.float64(0.05)
54.8972 	EXP 	text: height = np.float64(0.05)
54.8972 	EXP 	text: height = np.float64(0.05)
54.8972 	EXP 	text: text = 'BLUE'
54.8972 	EXP 	Fixation: autoDraw = True
55.0648 	EXP 	Device response: <KeyPress from None: t=54.876711199991405, value=r, duration=0.18348720000358298>
55.3783 	INFO 	Keyboard events cleared
55.3781 	EXP 	Fixation: autoDraw = False
55.3781 	EXP 	text: autoDraw = True
56.2465 	DATA 	Keypress: r
56.2614 	EXP 	Device response: <KeyPress from None: t=56.246031299990136, value=r, duration=None>
56.2618 	EXP 	New trial (rep=8, index=3): <Trial 35 (3 in rep 8) data={'word': 'BLUE', 'colour': 'blue', 'stimulus_condition': 'C', 'correct_response': 'b', 'thisN': 35, 'thisTrialN': 3, 'thisRepN': 8}>
56.2806 	EXP 	Fixation: autoDraw = False
56.2806 	EXP 	text: autoDraw = False
56.2806 	EXP 	text: foreColor = <psychopy.colors.Color: blue, alpha=1.0>
56.2806 	EXP 	text: text = 'BLUE'
56.2806 	EXP 	Fixation: autoDraw = True
56.3976 	EXP 	Device response: <KeyPress from None: t=56.246031299990136, value=r, duration=0.14574530004756525>
56.7614 	INFO 	Keyboard events cleared
56.7611 	EXP 	Fixation: autoDraw = False
56.7611 	EXP 	text: autoDraw = True
57.6132 	DATA 	Keypress: b
57.6285 	EXP 	Device response: <KeyPress from None: t=57.61213470000075, value=b, duration=None>
57.6288 	EXP 	New trial (rep=9, index=0): <Trial 36 (0 in rep 9) data={'word': 'RED', 'colour': 'red', 'stimulus_condition': 'C', 'correct_response': 'r', 'thisN': 36, 'thisTrialN': 0, 'thisRepN': 9}>
57.6474 	EXP 	Fixation: autoDraw = False
57.6474 	EXP 	text: autoDraw = False
57.6474 	EXP 	text: foreColor = <psychopy.colors.Color: red, alpha=1.0>
57.6474 	EXP 	text: height = np.float64(0.05)
57.6474 	EXP 	text: height = np.float64(0.05)
57.6474 	EXP 	text: height = np.float64(0.05)
57.6474 	EXP 	text: text = 'RED'
57.6474 	EXP 	Fixation: autoDraw = True
58.0141 	EXP 	Device response: <KeyPress from None: t=57.61213470000075, value=b, duration=0.3900637000333518>
58.1280 	INFO 	Keyboard events cleared
58.1278 	EXP 	Fixation: autoDraw = False
58.1278 	EXP 	text: autoDraw = True
59.0616 	EXP 	Device response: <KeyPress from None: t=59.05397619999712, value=r, duration=None>
59.0619 	EXP 	New trial (rep=9, index=1): <Trial 37 (1 in rep 9) data={'word': 'BLUE', 'colour': 'red', 'stimulus_condition': 'I', 'correct_response': 'r', 'thisN': 37, 'thisTrialN': 1, 'thisRepN': 9}>
59.0672 	DATA 	Keypress: r
59.0800 	EXP 	Fixation: autoDraw = False
59.0800 	EXP 	text: autoDraw = False
59.0800 	EXP 	text: foreColor = <psychopy.colors.Color: red, alpha=1.0>
59.0800 	EXP 	text: height = np.float64(0.05)
59.0800 	EXP 	text: height = np.float64(0.05)
59.0800 	EXP 	text: height = np.float64(0.05)
59.0800 	EXP 	text: text = 'BLUE'
59.0800 	EXP 	Fixation: autoDraw = True
59.2649 	EXP 	Device response: <KeyPress from None: t=59.05397619999712, value=r, duration=0.20906150003429502>
59.5611 	INFO 	Keyboard events cleared
59.5609 	EXP 	Fixation: autoDraw = False
59.5609 	EXP 	text: autoDraw = True
60.8441 	EXP 	Device response: <KeyPress from None: t=60.83449820004171, value=r, duration=None>
60.8445 	EXP 	New trial (rep=9, index=2): <Trial 38 (2 in rep 9) data={'word': 'RED', 'colour': 'blue', 'stimulus_condition': 'I', 'correct_response': 'b', 'thisN': 38, 'thisTrialN': 2, 'thisRepN': 9}>
60.8500 	DATA 	Keypress: r
60.8633 	EXP 	Fixation: autoDraw = False
60.8633 	EXP 	text: autoDraw = False
60.8633 	EXP 	text: foreColor = <psychopy.colors.Color: blue, alpha=1.0>
60.8633 	EXP 	text: height = np.float64(0.05)
60.8633 	EXP 	text: height = np.float64(0.05)
60.8633 	EXP 	text: height = np.float64(0.05)
60.8633 	EXP 	text: text = 'RED'
60.8633 	EXP 	Fixation: autoDraw = True
60.9974 	EXP 	Device response: <KeyPress from None: t=60.83449820004171, value=r, duration=0.15028749994235113>
61.3443 	INFO 	Keyboard events cleared
61.3441 	EXP 	Fixation: autoDraw = False
61.3441 	EXP 	text: autoDraw = True
62.5444 	EXP 	Device response: <KeyPress from None: t=62.529455800016876, value=b, duration=None>
62.5448 	EXP 	New trial (rep=9, index=3): <Trial 39 (3 in rep 9) data={'word': 'BLUE', 'colour': 'blue', 'stimulus_condition': 'C', 'correct_response': 'b', 'thisN': 39, 'thisTrialN': 3, 'thisRepN': 9}>
62.5512 	DATA 	Keypress: b
62.5630 	EXP 	Fixation: autoDraw = False
62.5630 	EXP 	text: autoDraw = False
62.5630 	EXP 	text: foreColor = <psychopy.colors.Color: blue, alpha=1.0>
62.5630 	EXP 	text: height = np.float64(0.05)
62.5630 	EXP 	text: height = np.float64(0.05)
62.5630 	EXP 	text: height = np.float64(0.05)
62.5630 	EXP 	text: text = 'BLUE'
62.5630 	EXP 	Fixation: autoDraw = True
62.7969 	EXP 	Device response: <KeyPress from None: t=62.529455800016876, value=b, duration=0.25511779997032136>
63.0439 	INFO 	Keyboard events cleared
63.0437 	EXP 	Fixation: autoDraw = False
63.0437 	EXP 	text: autoDraw = True
64.0109 	EXP 	Device response: <KeyPress from None: t=64.01055270002689, value=b, duration=None>
64.0143 	DATA 	Keypress: b
64.0266 	EXP 	Fixation: autoDraw = False
64.0266 	EXP 	text: autoDraw = False
64.0266 	EXP 	text_3: autoDraw = True
64.2774 	EXP 	Device response: <KeyPress from None: t=64.01055270002689, value=b, duration=0.2551145000034012>
65.0271 	EXP 	text_3: autoDraw = False
65.0271 	EXP 	text_3: autoDraw = False
65.0273 	EXP 	Stroop Task: status = STOPPED
65.0489 	INFO 	saved data to 'C:\\Users\\123\\OneDrive\\Desktop\\Lab Psychology\\stroop task\\data\\819551_Stroop Task_2025-08-24_14h36.05.683.csv'
65.0512 	INFO 	saved data to C:\Users\123\OneDrive\Desktop\Lab Psychology\stroop task\data\819551_Stroop Task_2025-08-24_14h36.05.683.psydat
65.5588 	WARNING 	Stopping key buffers but this could be dangerous ifother keyboards rely on the same.
65.5698 	WARNING 	Stopping key buffers but this could be dangerous ifother keyboards rely on the same.
