8.4481 	INFO 	Loaded monitor calibration from ['2025_08_11 23:33']
8.4652 	WARNING 	User requested fullscreen with size [1024  768], but screen is actually [1920, 1080]. Using actual size
8.8283 	INFO 	Using renderer 'Intel(R) UHD Graphics' for graphics
8.8283 	INFO 	OpenGL version supported by driver is 4..
9.0546 	EXP 	Created window1 = Window(allowGUI=False, allowStencil=False, autoLog=True, backendConf=UNKNOWN, backgroundFit=<method-wrapper '__getattribute__' of attributeSetter object at 0x000001A380013A90>, backgroundImage=<method-wrapper '__getattribute__' of attributeSetter object at 0x000001A380013A30>, bitsMode=UNKNOWN, blendMode='avg', bpc=(8, 8, 8), color=array([0, 0, 0]), colorSpace='rgb', depthBits=8, fullscr=True, gamma=None, gammaErrorPolicy='raise', infoMsg=UNKNOWN, lms=UNKNOWN, monitor=<psychopy.monitors.calibTools.Monitor object at 0x000001A3800FDCC0>, multiSample=False, name='window1', numSamples=2, pos=[np.float64(0.0), np.float64(0.0)], screen=0, size=array([1920, 1080]), stencilBits=0, stereo=False, title='PsychoPy', units='height', useFBO=True, useRetina=False, viewOri=0.0, viewPos=None, viewScale=None, waitBlanking=True, winType='pyglet')
9.0548 	EXP 	window1: backgroundImage = ''
9.0549 	EXP 	window1: backgroundFit = 'none'
9.7260 	EXP 	window1: Attempting to measure frame rate of screen (0) ...
9.7260 	EXP 	window1: recordFrameIntervals = False
9.8687 	EXP 	window1: recordFrameIntervals = True
10.0522 	EXP 	Screen (0) actual frame rate measured at 60.08Hz
10.0523 	EXP 	window1: recordFrameIntervals = False
10.1205 	INFO 	keyboard.Keyboard is using ptb backend.
10.1208 	INFO 	keyboard.Keyboard is using ptb backend.
10.1208 	EXP 	Stroop Task: status = STARTED
10.2677 	EXP 	Created text_2 = TextStim(__class__=<class 'psychopy.visual.text.TextStim'>, alignHoriz=method-wrapper(...), alignText='center', alignVert=method-wrapper(...), anchorHoriz='center', anchorVert='center', antialias=True, autoDraw=False, autoLog=True, bold=False, color=array([1., 1., 1.]), colorSpace='rgb', contrast=1.0, depth=0.0, draggable=False, flipHoriz=False, flipVert=False, font='Arial', fontFiles=[], height=np.float64(0.05), italic=False, languageStyle='LTR', name='text_2', opacity=1, ori=0.0, pos=array([0., 0.]), rgb=UNKNOWN, text='Welcome', units='height', win=Window(...), wrapWidth=1)
10.2723 	EXP 	Created Fixation = ShapeStim(__class__=<class 'psychopy.visual.shape.ShapeStim'>, anchor=('center', 'center'), autoDraw=False, autoLog=True, closeShape=True, color=method-wrapper(...), colorSpace='rgb', contrast=None, depth=0.0, draggable=False, fillColor=array([1, 1, 1]), fillColorSpace='rgb', fillRGB=array([1, 1, 1]), interpolate=True, lineColor=array([1., 1., 1.]), lineColorSpace='rgb', lineRGB=array([1, 1, 1]), lineWidth=1.0, name='Fixation', opacity=1, ori=0.0, pos=array([0., 0.]), size=array([10., 10.]), units='height', vertices=ndarray(...), win=Window(...), windingRule=None)
10.2732 	EXP 	Created text = TextStim(__class__=<class 'psychopy.visual.text.TextStim'>, alignHoriz=method-wrapper(...), alignText='center', alignVert=method-wrapper(...), anchorHoriz='center', anchorVert='center', antialias=True, autoDraw=False, autoLog=True, bold=False, color=array([1., 1., 1.]), colorSpace='rgb', contrast=1.0, depth=-1.0, draggable=False, flipHoriz=False, flipVert=False, font='Arial', fontFiles=[], height=0.05, italic=False, languageStyle='LTR', name='text', opacity=1, ori=0.0, pos=array([0., 0.]), rgb=UNKNOWN, text='', units='height', win=Window(...), wrapWidth=1)
10.2844 	EXP 	Created text_3 = TextStim(__class__=<class 'psychopy.visual.text.TextStim'>, alignHoriz=method-wrapper(...), alignText='center', alignVert=method-wrapper(...), anchorHoriz='center', anchorVert='center', antialias=True, autoDraw=False, autoLog=True, bold=False, color=array([1., 1., 1.]), colorSpace='rgb', contrast=1.0, depth=0.0, draggable=False, flipHoriz=False, flipVert=False, font='Arial', fontFiles=[], height=np.float64(0.05), italic=False, languageStyle='LTR', name='text_3', opacity=1, ori=0.0, pos=array([0., 0.]), rgb=UNKNOWN, text='Thank you', units='height', win=Window(...), wrapWidth=1)
0.0071 	EXP 	text_2: autoDraw = True
1.0134 	EXP 	Imported Cond Stroop task.xlsx as conditions, 4 conditions, 4 params
1.0152 	EXP 	New trial (rep=0, index=0): <Trial 0 (0 in rep 0) data={'word': 'RED', 'colour': 'blue', 'stimulus_condition': 'I', 'correct_response': 'b', 'thisN': 0, 'thisTrialN': 0, 'thisRepN': 0}>
1.0387 	EXP 	text_2: autoDraw = False
1.0387 	EXP 	text: foreColor = <psychopy.colors.Color: blue, alpha=1.0>
1.0387 	EXP 	text: height = np.float64(0.05)
1.0387 	EXP 	text: height = np.float64(0.05)
1.0387 	EXP 	text: height = np.float64(0.05)
1.0387 	EXP 	text: text = 'RED'
1.0387 	EXP 	Fixation: autoDraw = True
1.5004 	INFO 	Keyboard events cleared
1.5002 	EXP 	Fixation: autoDraw = False
1.5002 	EXP 	text: autoDraw = True
2.1391 	EXP 	Device response: <KeyPress from None: t=2.12213159998646, value=b, duration=None>
2.1394 	EXP 	New trial (rep=0, index=1): <Trial 1 (1 in rep 0) data={'word': 'BLUE', 'colour': 'blue', 'stimulus_condition': 'C', 'correct_response': 'b', 'thisN': 1, 'thisTrialN': 1, 'thisRepN': 0}>
2.1532 	DATA 	Keypress: b
2.1580 	EXP 	Fixation: autoDraw = False
2.1580 	EXP 	text: autoDraw = False
2.1580 	EXP 	text: foreColor = <psychopy.colors.Color: blue, alpha=1.0>
2.1580 	EXP 	text: height = np.float64(0.05)
2.1580 	EXP 	text: height = np.float64(0.05)
2.1580 	EXP 	text: height = np.float64(0.05)
2.1580 	EXP 	text: text = 'BLUE'
2.1580 	EXP 	Fixation: autoDraw = True
2.2861 	EXP 	Device response: <KeyPress from None: t=2.12213159998646, value=b, duration=0.15570590004790574>
2.6503 	INFO 	Keyboard events cleared
2.6501 	EXP 	Fixation: autoDraw = False
2.6501 	EXP 	text: autoDraw = True
3.0673 	EXP 	Device response: <KeyPress from None: t=3.059362300031353, value=b, duration=None>
3.0676 	EXP 	New trial (rep=0, index=2): <Trial 2 (2 in rep 0) data={'word': 'RED', 'colour': 'red', 'stimulus_condition': 'C', 'correct_response': 'r', 'thisN': 2, 'thisTrialN': 2, 'thisRepN': 0}>
3.0727 	DATA 	Keypress: b
3.0866 	EXP 	Fixation: autoDraw = False
3.0866 	EXP 	text: autoDraw = False
3.0866 	EXP 	text: foreColor = <psychopy.colors.Color: red, alpha=1.0>
3.0866 	EXP 	text: height = np.float64(0.05)
3.0866 	EXP 	text: height = np.float64(0.05)
3.0866 	EXP 	text: height = np.float64(0.05)
3.0866 	EXP 	text: text = 'RED'
3.0866 	EXP 	Fixation: autoDraw = True
3.2193 	EXP 	Device response: <KeyPress from None: t=3.059362300031353, value=b, duration=0.14976119995117188>
3.5666 	INFO 	Keyboard events cleared
3.5664 	EXP 	Fixation: autoDraw = False
3.5664 	EXP 	text: autoDraw = True
4.0509 	EXP 	Device response: <KeyPress from None: t=4.039948599995114, value=r, duration=None>
4.0512 	EXP 	New trial (rep=0, index=3): <Trial 3 (3 in rep 0) data={'word': 'BLUE', 'colour': 'red', 'stimulus_condition': 'I', 'correct_response': 'r', 'thisN': 3, 'thisTrialN': 3, 'thisRepN': 0}>
4.0562 	DATA 	Keypress: r
4.0693 	EXP 	Fixation: autoDraw = False
4.0693 	EXP 	text: autoDraw = False
4.0693 	EXP 	text: foreColor = <psychopy.colors.Color: red, alpha=1.0>
4.0693 	EXP 	text: height = np.float64(0.05)
4.0693 	EXP 	text: height = np.float64(0.05)
4.0693 	EXP 	text: height = np.float64(0.05)
4.0693 	EXP 	text: text = 'BLUE'
4.0693 	EXP 	Fixation: autoDraw = True
4.1868 	EXP 	Device response: <KeyPress from None: t=4.039948599995114, value=r, duration=0.13552499999059364>
4.5500 	INFO 	Keyboard events cleared
4.5498 	EXP 	Fixation: autoDraw = False
4.5498 	EXP 	text: autoDraw = True
4.9172 	EXP 	Device response: <KeyPress from None: t=4.909739800030366, value=r, duration=None>
4.9176 	EXP 	New trial (rep=1, index=0): <Trial 4 (0 in rep 1) data={'word': 'RED', 'colour': 'blue', 'stimulus_condition': 'I', 'correct_response': 'b', 'thisN': 4, 'thisTrialN': 0, 'thisRepN': 1}>
4.9225 	DATA 	Keypress: r
4.9366 	EXP 	Fixation: autoDraw = False
4.9366 	EXP 	text: autoDraw = False
4.9366 	EXP 	text: foreColor = <psychopy.colors.Color: blue, alpha=1.0>
4.9366 	EXP 	text: height = np.float64(0.05)
4.9366 	EXP 	text: height = np.float64(0.05)
4.9366 	EXP 	text: height = np.float64(0.05)
4.9366 	EXP 	text: text = 'RED'
4.9366 	EXP 	Fixation: autoDraw = True
5.0863 	EXP 	Device response: <KeyPress from None: t=4.909739800030366, value=r, duration=0.17518969997763634>
5.4169 	INFO 	Keyboard events cleared
5.4167 	EXP 	Fixation: autoDraw = False
5.4167 	EXP 	text: autoDraw = True
5.9003 	EXP 	Device response: <KeyPress from None: t=5.890729899983853, value=b, duration=None>
5.9007 	EXP 	New trial (rep=1, index=1): <Trial 5 (1 in rep 1) data={'word': 'BLUE', 'colour': 'red', 'stimulus_condition': 'I', 'correct_response': 'r', 'thisN': 5, 'thisTrialN': 1, 'thisRepN': 1}>
5.9058 	DATA 	Keypress: b
5.9193 	EXP 	Fixation: autoDraw = False
5.9193 	EXP 	text: autoDraw = False
5.9193 	EXP 	text: foreColor = <psychopy.colors.Color: red, alpha=1.0>
5.9193 	EXP 	text: height = np.float64(0.05)
5.9193 	EXP 	text: height = np.float64(0.05)
5.9193 	EXP 	text: height = np.float64(0.05)
5.9193 	EXP 	text: text = 'BLUE'
5.9193 	EXP 	Fixation: autoDraw = True
6.0359 	EXP 	Device response: <KeyPress from None: t=5.890729899983853, value=b, duration=0.14446520002093166>
6.4002 	INFO 	Keyboard events cleared
6.3999 	EXP 	Fixation: autoDraw = False
6.3999 	EXP 	text: autoDraw = True
7.1164 	EXP 	Device response: <KeyPress from None: t=7.106555000005756, value=r, duration=None>
7.1167 	EXP 	New trial (rep=1, index=2): <Trial 6 (2 in rep 1) data={'word': 'RED', 'colour': 'red', 'stimulus_condition': 'C', 'correct_response': 'r', 'thisN': 6, 'thisTrialN': 2, 'thisRepN': 1}>
7.1215 	DATA 	Keypress: r
7.1352 	EXP 	Fixation: autoDraw = False
7.1352 	EXP 	text: autoDraw = False
7.1352 	EXP 	text: foreColor = <psychopy.colors.Color: red, alpha=1.0>
7.1352 	EXP 	text: height = np.float64(0.05)
7.1352 	EXP 	text: height = np.float64(0.05)
7.1352 	EXP 	text: height = np.float64(0.05)
7.1352 	EXP 	text: text = 'RED'
7.1352 	EXP 	Fixation: autoDraw = True
7.2528 	EXP 	Device response: <KeyPress from None: t=7.106555000005756, value=r, duration=0.14478349999990314>
7.6165 	INFO 	Keyboard events cleared
7.6163 	EXP 	Fixation: autoDraw = False
7.6163 	EXP 	text: autoDraw = True
8.3837 	EXP 	Device response: <KeyPress from None: t=8.381907899980433, value=r, duration=None>
8.3840 	EXP 	New trial (rep=1, index=3): <Trial 7 (3 in rep 1) data={'word': 'BLUE', 'colour': 'blue', 'stimulus_condition': 'C', 'correct_response': 'b', 'thisN': 7, 'thisTrialN': 3, 'thisRepN': 1}>
8.3890 	DATA 	Keypress: r
8.4018 	EXP 	Fixation: autoDraw = False
8.4018 	EXP 	text: autoDraw = False
8.4018 	EXP 	text: foreColor = <psychopy.colors.Color: blue, alpha=1.0>
8.4018 	EXP 	text: height = np.float64(0.05)
8.4018 	EXP 	text: height = np.float64(0.05)
8.4018 	EXP 	text: height = np.float64(0.05)
8.4018 	EXP 	text: text = 'BLUE'
8.4018 	EXP 	Fixation: autoDraw = True
8.5024 	EXP 	Device response: <KeyPress from None: t=8.381907899980433, value=r, duration=0.11980200000107288>
8.8831 	INFO 	Keyboard events cleared
8.8829 	EXP 	Fixation: autoDraw = False
8.8829 	EXP 	text: autoDraw = True
9.2831 	EXP 	Device response: <KeyPress from None: t=9.272570900036953, value=b, duration=None>
9.2834 	EXP 	New trial (rep=2, index=0): <Trial 8 (0 in rep 2) data={'word': 'RED', 'colour': 'blue', 'stimulus_condition': 'I', 'correct_response': 'b', 'thisN': 8, 'thisTrialN': 0, 'thisRepN': 2}>
9.2881 	DATA 	Keypress: b
9.3015 	EXP 	Fixation: autoDraw = False
9.3015 	EXP 	text: autoDraw = False
9.3015 	EXP 	text: foreColor = <psychopy.colors.Color: blue, alpha=1.0>
9.3015 	EXP 	text: height = np.float64(0.05)
9.3015 	EXP 	text: height = np.float64(0.05)
9.3015 	EXP 	text: height = np.float64(0.05)
9.3015 	EXP 	text: text = 'RED'
9.3015 	EXP 	Fixation: autoDraw = True
9.4350 	EXP 	Device response: <KeyPress from None: t=9.272570900036953, value=b, duration=0.1505470999982208>
9.7826 	INFO 	Keyboard events cleared
9.7825 	EXP 	Fixation: autoDraw = False
9.7825 	EXP 	text: autoDraw = True
10.9330 	EXP 	Device response: <KeyPress from None: t=10.917782999982592, value=b, duration=None>
10.9334 	EXP 	New trial (rep=2, index=1): <Trial 9 (1 in rep 2) data={'word': 'BLUE', 'colour': 'blue', 'stimulus_condition': 'C', 'correct_response': 'b', 'thisN': 9, 'thisTrialN': 1, 'thisRepN': 2}>
10.9384 	DATA 	Keypress: b
10.9512 	EXP 	Fixation: autoDraw = False
10.9512 	EXP 	text: autoDraw = False
10.9512 	EXP 	text: foreColor = <psychopy.colors.Color: blue, alpha=1.0>
10.9512 	EXP 	text: height = np.float64(0.05)
10.9512 	EXP 	text: height = np.float64(0.05)
10.9512 	EXP 	text: height = np.float64(0.05)
10.9512 	EXP 	text: text = 'BLUE'
10.9512 	EXP 	Fixation: autoDraw = True
11.0851 	EXP 	Device response: <KeyPress from None: t=10.917782999982592, value=b, duration=0.16004010004689917>
11.4327 	INFO 	Keyboard events cleared
11.4326 	EXP 	Fixation: autoDraw = False
11.4326 	EXP 	text: autoDraw = True
11.8850 	DATA 	Keypress: b
11.8998 	EXP 	Device response: <KeyPress from None: t=11.883905299997423, value=b, duration=None>
11.9001 	EXP 	New trial (rep=2, index=2): <Trial 10 (2 in rep 2) data={'word': 'BLUE', 'colour': 'red', 'stimulus_condition': 'I', 'correct_response': 'r', 'thisN': 10, 'thisTrialN': 2, 'thisRepN': 2}>
11.9188 	EXP 	Fixation: autoDraw = False
11.9188 	EXP 	text: autoDraw = False
11.9188 	EXP 	text: foreColor = <psychopy.colors.Color: red, alpha=1.0>
11.9188 	EXP 	text: text = 'BLUE'
11.9188 	EXP 	Fixation: autoDraw = True
12.0358 	EXP 	Device response: <KeyPress from None: t=11.883905299997423, value=b, duration=0.1501144000212662>
12.3995 	INFO 	Keyboard events cleared
12.3994 	EXP 	Fixation: autoDraw = False
12.3994 	EXP 	text: autoDraw = True
12.9847 	DATA 	Keypress: r
12.9994 	EXP 	Device response: <KeyPress from None: t=12.984150799980853, value=r, duration=None>
12.9997 	EXP 	New trial (rep=2, index=3): <Trial 11 (3 in rep 2) data={'word': 'RED', 'colour': 'red', 'stimulus_condition': 'C', 'correct_response': 'r', 'thisN': 11, 'thisTrialN': 3, 'thisRepN': 2}>
13.0188 	EXP 	Fixation: autoDraw = False
13.0188 	EXP 	text: autoDraw = False
13.0188 	EXP 	text: foreColor = <psychopy.colors.Color: red, alpha=1.0>
13.0188 	EXP 	text: height = np.float64(0.05)
13.0188 	EXP 	text: height = np.float64(0.05)
13.0188 	EXP 	text: height = np.float64(0.05)
13.0188 	EXP 	text: text = 'RED'
13.0188 	EXP 	Fixation: autoDraw = True
13.1521 	EXP 	Device response: <KeyPress from None: t=12.984150799980853, value=r, duration=0.16625040001235902>
13.4994 	INFO 	Keyboard events cleared
13.4992 	EXP 	Fixation: autoDraw = False
13.4992 	EXP 	text: autoDraw = True
14.0663 	EXP 	Device response: <KeyPress from None: t=14.060402799979784, value=r, duration=None>
14.0667 	EXP 	New trial (rep=3, index=0): <Trial 12 (0 in rep 3) data={'word': 'RED', 'colour': 'blue', 'stimulus_condition': 'I', 'correct_response': 'b', 'thisN': 12, 'thisTrialN': 0, 'thisRepN': 3}>
14.0686 	DATA 	Keypress: r
14.0848 	EXP 	Fixation: autoDraw = False
14.0848 	EXP 	text: autoDraw = False
14.0848 	EXP 	text: foreColor = <psychopy.colors.Color: blue, alpha=1.0>
14.0848 	EXP 	text: text = 'RED'
14.0848 	EXP 	Fixation: autoDraw = True
14.2522 	EXP 	Device response: <KeyPress from None: t=14.060402799979784, value=r, duration=0.1899453000514768>
14.5659 	INFO 	Keyboard events cleared
14.5657 	EXP 	Fixation: autoDraw = False
14.5657 	EXP 	text: autoDraw = True
15.5664 	EXP 	Device response: <KeyPress from None: t=15.561245599994436, value=b, duration=None>
15.5668 	EXP 	New trial (rep=3, index=1): <Trial 13 (1 in rep 3) data={'word': 'BLUE', 'colour': 'red', 'stimulus_condition': 'I', 'correct_response': 'r', 'thisN': 13, 'thisTrialN': 1, 'thisRepN': 3}>
15.5716 	DATA 	Keypress: b
15.5845 	EXP 	Fixation: autoDraw = False
15.5845 	EXP 	text: autoDraw = False
15.5845 	EXP 	text: foreColor = <psychopy.colors.Color: red, alpha=1.0>
15.5845 	EXP 	text: height = np.float64(0.05)
15.5845 	EXP 	text: height = np.float64(0.05)
15.5845 	EXP 	text: height = np.float64(0.05)
15.5845 	EXP 	text: text = 'BLUE'
15.5845 	EXP 	Fixation: autoDraw = True
15.7024 	EXP 	Device response: <KeyPress from None: t=15.561245599994436, value=b, duration=0.13973260001512244>
16.0658 	INFO 	Keyboard events cleared
16.0656 	EXP 	Fixation: autoDraw = False
16.0656 	EXP 	text: autoDraw = True
17.1659 	EXP 	Device response: <KeyPress from None: t=17.153867200016975, value=r, duration=None>
17.1663 	EXP 	New trial (rep=3, index=2): <Trial 14 (2 in rep 3) data={'word': 'RED', 'colour': 'red', 'stimulus_condition': 'C', 'correct_response': 'r', 'thisN': 14, 'thisTrialN': 2, 'thisRepN': 3}>
17.1711 	DATA 	Keypress: r
17.1842 	EXP 	Fixation: autoDraw = False
17.1842 	EXP 	text: autoDraw = False
17.1842 	EXP 	text: foreColor = <psychopy.colors.Color: red, alpha=1.0>
17.1842 	EXP 	text: height = np.float64(0.05)
17.1842 	EXP 	text: height = np.float64(0.05)
17.1842 	EXP 	text: height = np.float64(0.05)
17.1842 	EXP 	text: text = 'RED'
17.1842 	EXP 	Fixation: autoDraw = True
17.3515 	EXP 	Device response: <KeyPress from None: t=17.153867200016975, value=r, duration=0.1891922999639064>
17.6654 	INFO 	Keyboard events cleared
17.6653 	EXP 	Fixation: autoDraw = False
17.6653 	EXP 	text: autoDraw = True
18.2489 	EXP 	Device response: <KeyPress from None: t=18.238847200002056, value=r, duration=None>
18.2492 	EXP 	New trial (rep=3, index=3): <Trial 15 (3 in rep 3) data={'word': 'BLUE', 'colour': 'blue', 'stimulus_condition': 'C', 'correct_response': 'b', 'thisN': 15, 'thisTrialN': 3, 'thisRepN': 3}>
18.2541 	DATA 	Keypress: r
18.2675 	EXP 	Fixation: autoDraw = False
18.2675 	EXP 	text: autoDraw = False
18.2675 	EXP 	text: foreColor = <psychopy.colors.Color: blue, alpha=1.0>
18.2675 	EXP 	text: height = np.float64(0.05)
18.2675 	EXP 	text: height = np.float64(0.05)
18.2675 	EXP 	text: height = np.float64(0.05)
18.2675 	EXP 	text: text = 'BLUE'
18.2675 	EXP 	Fixation: autoDraw = True
18.4178 	EXP 	Device response: <KeyPress from None: t=18.238847200002056, value=r, duration=0.16350610001245514>
18.7485 	INFO 	Keyboard events cleared
18.7483 	EXP 	Fixation: autoDraw = False
18.7483 	EXP 	text: autoDraw = True
19.1655 	EXP 	Device response: <KeyPress from None: t=19.164302300021518, value=b, duration=None>
19.1658 	EXP 	New trial (rep=4, index=0): <Trial 16 (0 in rep 4) data={'word': 'RED', 'colour': 'red', 'stimulus_condition': 'C', 'correct_response': 'r', 'thisN': 16, 'thisTrialN': 0, 'thisRepN': 4}>
19.1706 	DATA 	Keypress: b
19.1839 	EXP 	Fixation: autoDraw = False
19.1839 	EXP 	text: autoDraw = False
19.1839 	EXP 	text: foreColor = <psychopy.colors.Color: red, alpha=1.0>
19.1839 	EXP 	text: height = np.float64(0.05)
19.1839 	EXP 	text: height = np.float64(0.05)
19.1839 	EXP 	text: height = np.float64(0.05)
19.1839 	EXP 	text: text = 'RED'
19.1839 	EXP 	Fixation: autoDraw = True
19.2845 	EXP 	Device response: <KeyPress from None: t=19.164302300021518, value=b, duration=0.10402949998388067>
19.6651 	INFO 	Keyboard events cleared
19.6649 	EXP 	Fixation: autoDraw = False
19.6649 	EXP 	text: autoDraw = True
20.1002 	DATA 	Keypress: r
20.1156 	EXP 	Device response: <KeyPress from None: t=20.099004200019408, value=r, duration=None>
20.1159 	EXP 	New trial (rep=4, index=1): <Trial 17 (1 in rep 4) data={'word': 'RED', 'colour': 'blue', 'stimulus_condition': 'I', 'correct_response': 'b', 'thisN': 17, 'thisTrialN': 1, 'thisRepN': 4}>
20.1344 	EXP 	Fixation: autoDraw = False
20.1344 	EXP 	text: autoDraw = False
20.1344 	EXP 	text: foreColor = <psychopy.colors.Color: blue, alpha=1.0>
20.1344 	EXP 	text: text = 'RED'
20.1344 	EXP 	Fixation: autoDraw = True
20.2014 	EXP 	Device response: <KeyPress from None: t=20.099004200019408, value=r, duration=0.10076579998712987>
20.6147 	INFO 	Keyboard events cleared
20.6146 	EXP 	Fixation: autoDraw = False
20.6146 	EXP 	text: autoDraw = True
21.0315 	EXP 	Device response: <KeyPress from None: t=21.025439899996854, value=b, duration=None>
21.0319 	EXP 	New trial (rep=4, index=2): <Trial 18 (2 in rep 4) data={'word': 'BLUE', 'colour': 'red', 'stimulus_condition': 'I', 'correct_response': 'r', 'thisN': 18, 'thisTrialN': 2, 'thisRepN': 4}>
21.0369 	DATA 	Keypress: b
21.0506 	EXP 	Fixation: autoDraw = False
21.0506 	EXP 	text: autoDraw = False
21.0506 	EXP 	text: foreColor = <psychopy.colors.Color: red, alpha=1.0>
21.0506 	EXP 	text: height = np.float64(0.05)
21.0506 	EXP 	text: height = np.float64(0.05)
21.0506 	EXP 	text: height = np.float64(0.05)
21.0506 	EXP 	text: text = 'BLUE'
21.0506 	EXP 	Fixation: autoDraw = True
21.2010 	EXP 	Device response: <KeyPress from None: t=21.025439899996854, value=b, duration=0.15977750002639368>
21.5315 	INFO 	Keyboard events cleared
21.5314 	EXP 	Fixation: autoDraw = False
21.5314 	EXP 	text: autoDraw = True
22.1485 	EXP 	Device response: <KeyPress from None: t=22.146280799992383, value=r, duration=None>
22.1488 	EXP 	New trial (rep=4, index=3): <Trial 19 (3 in rep 4) data={'word': 'BLUE', 'colour': 'blue', 'stimulus_condition': 'C', 'correct_response': 'b', 'thisN': 19, 'thisTrialN': 3, 'thisRepN': 4}>
22.1507 	DATA 	Keypress: r
22.1675 	EXP 	Fixation: autoDraw = False
22.1675 	EXP 	text: autoDraw = False
22.1675 	EXP 	text: foreColor = <psychopy.colors.Color: blue, alpha=1.0>
22.1675 	EXP 	text: text = 'BLUE'
22.1675 	EXP 	Fixation: autoDraw = True
22.2677 	EXP 	Device response: <KeyPress from None: t=22.146280799992383, value=r, duration=0.10888170002726838>
22.6481 	INFO 	Keyboard events cleared
22.6480 	EXP 	Fixation: autoDraw = False
22.6480 	EXP 	text: autoDraw = True
23.1647 	EXP 	Device response: <KeyPress from None: t=23.162112799996976, value=b, duration=None>
23.1650 	EXP 	New trial (rep=5, index=0): <Trial 20 (0 in rep 5) data={'word': 'BLUE', 'colour': 'blue', 'stimulus_condition': 'C', 'correct_response': 'b', 'thisN': 20, 'thisTrialN': 0, 'thisRepN': 5}>
23.1669 	DATA 	Keypress: b
23.1837 	EXP 	Fixation: autoDraw = False
23.1837 	EXP 	text: autoDraw = False
23.1837 	EXP 	text: foreColor = <psychopy.colors.Color: blue, alpha=1.0>
23.1837 	EXP 	text: text = 'BLUE'
23.1837 	EXP 	Fixation: autoDraw = True
23.3507 	EXP 	Device response: <KeyPress from None: t=23.162112799996976, value=b, duration=0.17325049999635667>
23.6642 	INFO 	Keyboard events cleared
23.6640 	EXP 	Fixation: autoDraw = False
23.6640 	EXP 	text: autoDraw = True
24.2148 	EXP 	Device response: <KeyPress from None: t=24.207455500029027, value=b, duration=None>
24.2151 	EXP 	New trial (rep=5, index=1): <Trial 21 (1 in rep 5) data={'word': 'BLUE', 'colour': 'red', 'stimulus_condition': 'I', 'correct_response': 'r', 'thisN': 21, 'thisTrialN': 1, 'thisRepN': 5}>
24.2169 	DATA 	Keypress: b
24.2335 	EXP 	Fixation: autoDraw = False
24.2335 	EXP 	text: autoDraw = False
24.2335 	EXP 	text: foreColor = <psychopy.colors.Color: red, alpha=1.0>
24.2335 	EXP 	text: text = 'BLUE'
24.2335 	EXP 	Fixation: autoDraw = True
24.3336 	EXP 	Device response: <KeyPress from None: t=24.207455500029027, value=b, duration=0.11990719998721033>
24.7146 	INFO 	Keyboard events cleared
24.7144 	EXP 	Fixation: autoDraw = False
24.7144 	EXP 	text: autoDraw = True
25.3478 	EXP 	Device response: <KeyPress from None: t=25.342205199995078, value=r, duration=None>
25.3481 	EXP 	New trial (rep=5, index=2): <Trial 22 (2 in rep 5) data={'word': 'RED', 'colour': 'blue', 'stimulus_condition': 'I', 'correct_response': 'b', 'thisN': 22, 'thisTrialN': 2, 'thisRepN': 5}>
25.3530 	DATA 	Keypress: r
25.3657 	EXP 	Fixation: autoDraw = False
25.3657 	EXP 	text: autoDraw = False
25.3657 	EXP 	text: foreColor = <psychopy.colors.Color: blue, alpha=1.0>
25.3657 	EXP 	text: height = np.float64(0.05)
25.3657 	EXP 	text: height = np.float64(0.05)
25.3657 	EXP 	text: height = np.float64(0.05)
25.3657 	EXP 	text: text = 'RED'
25.3657 	EXP 	Fixation: autoDraw = True
25.5167 	EXP 	Device response: <KeyPress from None: t=25.342205199995078, value=r, duration=0.16093270003329962>
25.8473 	INFO 	Keyboard events cleared
25.8471 	EXP 	Fixation: autoDraw = False
25.8471 	EXP 	text: autoDraw = True
26.2139 	EXP 	Device response: <KeyPress from None: t=26.204418700013775, value=b, duration=None>
26.2143 	EXP 	New trial (rep=5, index=3): <Trial 23 (3 in rep 5) data={'word': 'RED', 'colour': 'red', 'stimulus_condition': 'C', 'correct_response': 'r', 'thisN': 23, 'thisTrialN': 3, 'thisRepN': 5}>
26.2162 	DATA 	Keypress: b
26.2328 	EXP 	Fixation: autoDraw = False
26.2328 	EXP 	text: autoDraw = False
26.2328 	EXP 	text: foreColor = <psychopy.colors.Color: red, alpha=1.0>
26.2328 	EXP 	text: text = 'RED'
26.2328 	EXP 	Fixation: autoDraw = True
26.4002 	EXP 	Device response: <KeyPress from None: t=26.204418700013775, value=b, duration=0.19398739997996017>
26.7136 	INFO 	Keyboard events cleared
26.7134 	EXP 	Fixation: autoDraw = False
26.7134 	EXP 	text: autoDraw = True
27.2311 	EXP 	Device response: <KeyPress from None: t=27.22023039998021, value=r, duration=None>
27.2314 	EXP 	New trial (rep=6, index=0): <Trial 24 (0 in rep 6) data={'word': 'RED', 'colour': 'red', 'stimulus_condition': 'C', 'correct_response': 'r', 'thisN': 24, 'thisTrialN': 0, 'thisRepN': 6}>
27.2332 	DATA 	Keypress: r
27.2499 	EXP 	Fixation: autoDraw = False
27.2499 	EXP 	text: autoDraw = False
27.2499 	EXP 	text: foreColor = <psychopy.colors.Color: red, alpha=1.0>
27.2499 	EXP 	text: text = 'RED'
27.2499 	EXP 	Fixation: autoDraw = True
27.3999 	EXP 	Device response: <KeyPress from None: t=27.22023039998021, value=r, duration=0.16895310004474595>
27.7310 	INFO 	Keyboard events cleared
27.7308 	EXP 	Fixation: autoDraw = False
27.7308 	EXP 	text: autoDraw = True
28.0976 	EXP 	Device response: <KeyPress from None: t=28.094286900013685, value=r, duration=None>
28.0979 	EXP 	New trial (rep=6, index=1): <Trial 25 (1 in rep 6) data={'word': 'BLUE', 'colour': 'red', 'stimulus_condition': 'I', 'correct_response': 'r', 'thisN': 25, 'thisTrialN': 1, 'thisRepN': 6}>
28.1028 	DATA 	Keypress: r
28.1161 	EXP 	Fixation: autoDraw = False
28.1161 	EXP 	text: autoDraw = False
28.1161 	EXP 	text: foreColor = <psychopy.colors.Color: red, alpha=1.0>
28.1161 	EXP 	text: height = np.float64(0.05)
28.1161 	EXP 	text: height = np.float64(0.05)
28.1161 	EXP 	text: height = np.float64(0.05)
28.1161 	EXP 	text: text = 'BLUE'
28.1161 	EXP 	Fixation: autoDraw = True
28.2834 	EXP 	Device response: <KeyPress from None: t=28.094286900013685, value=r, duration=0.17410040000686422>
28.5974 	INFO 	Keyboard events cleared
28.5973 	EXP 	Fixation: autoDraw = False
28.5973 	EXP 	text: autoDraw = True
28.9143 	EXP 	Device response: <KeyPress from None: t=28.904365700029302, value=r, duration=None>
28.9146 	EXP 	New trial (rep=6, index=2): <Trial 26 (2 in rep 6) data={'word': 'BLUE', 'colour': 'blue', 'stimulus_condition': 'C', 'correct_response': 'b', 'thisN': 26, 'thisTrialN': 2, 'thisRepN': 6}>
28.9164 	DATA 	Keypress: r
28.9331 	EXP 	Fixation: autoDraw = False
28.9331 	EXP 	text: autoDraw = False
28.9331 	EXP 	text: foreColor = <psychopy.colors.Color: blue, alpha=1.0>
28.9331 	EXP 	text: text = 'BLUE'
28.9331 	EXP 	Fixation: autoDraw = True
29.1001 	EXP 	Device response: <KeyPress from None: t=28.904365700029302, value=r, duration=0.18543399998452514>
29.4149 	INFO 	Keyboard events cleared
29.4148 	EXP 	Fixation: autoDraw = False
29.4148 	EXP 	text: autoDraw = True
29.8145 	EXP 	Device response: <KeyPress from None: t=29.799705300014466, value=b, duration=None>
29.8149 	EXP 	New trial (rep=6, index=3): <Trial 27 (3 in rep 6) data={'word': 'RED', 'colour': 'blue', 'stimulus_condition': 'I', 'correct_response': 'b', 'thisN': 27, 'thisTrialN': 3, 'thisRepN': 6}>
29.8202 	DATA 	Keypress: b
29.8326 	EXP 	Fixation: autoDraw = False
29.8326 	EXP 	text: autoDraw = False
29.8326 	EXP 	text: foreColor = <psychopy.colors.Color: blue, alpha=1.0>
29.8326 	EXP 	text: height = np.float64(0.05)
29.8326 	EXP 	text: height = np.float64(0.05)
29.8326 	EXP 	text: height = np.float64(0.05)
29.8326 	EXP 	text: text = 'RED'
29.8326 	EXP 	Fixation: autoDraw = True
29.9835 	EXP 	Device response: <KeyPress from None: t=29.799705300014466, value=b, duration=0.1698886000085622>
30.3139 	INFO 	Keyboard events cleared
30.3138 	EXP 	Fixation: autoDraw = False
30.3138 	EXP 	text: autoDraw = True
30.7977 	EXP 	Device response: <KeyPress from None: t=30.791109299985692, value=r, duration=None>
30.7981 	EXP 	New trial (rep=7, index=0): <Trial 28 (0 in rep 7) data={'word': 'RED', 'colour': 'blue', 'stimulus_condition': 'I', 'correct_response': 'b', 'thisN': 28, 'thisTrialN': 0, 'thisRepN': 7}>
30.7999 	DATA 	Keypress: r
30.8158 	EXP 	Fixation: autoDraw = False
30.8158 	EXP 	text: autoDraw = False
30.8158 	EXP 	text: foreColor = <psychopy.colors.Color: blue, alpha=1.0>
30.8158 	EXP 	text: text = 'RED'
30.8158 	EXP 	Fixation: autoDraw = True
30.9500 	EXP 	Device response: <KeyPress from None: t=30.791109299985692, value=r, duration=0.15038010000716895>
31.2970 	INFO 	Keyboard events cleared
31.2969 	EXP 	Fixation: autoDraw = False
31.2969 	EXP 	text: autoDraw = True
31.7810 	EXP 	Device response: <KeyPress from None: t=31.776945199992042, value=r, duration=None>
31.7814 	EXP 	New trial (rep=7, index=1): <Trial 29 (1 in rep 7) data={'word': 'RED', 'colour': 'red', 'stimulus_condition': 'C', 'correct_response': 'r', 'thisN': 29, 'thisTrialN': 1, 'thisRepN': 7}>
31.7832 	DATA 	Keypress: r
31.7991 	EXP 	Fixation: autoDraw = False
31.7991 	EXP 	text: autoDraw = False
31.7991 	EXP 	text: foreColor = <psychopy.colors.Color: red, alpha=1.0>
31.7991 	EXP 	text: text = 'RED'
31.7991 	EXP 	Fixation: autoDraw = True
31.9331 	EXP 	Device response: <KeyPress from None: t=31.776945199992042, value=r, duration=0.149021300021559>
32.2802 	INFO 	Keyboard events cleared
32.2800 	EXP 	Fixation: autoDraw = False
32.2800 	EXP 	text: autoDraw = True
32.7302 	EXP 	Device response: <KeyPress from None: t=32.727383800025564, value=b, duration=None>
32.7305 	EXP 	New trial (rep=7, index=2): <Trial 30 (2 in rep 7) data={'word': 'BLUE', 'colour': 'red', 'stimulus_condition': 'I', 'correct_response': 'r', 'thisN': 30, 'thisTrialN': 2, 'thisRepN': 7}>
32.7355 	DATA 	Keypress: b
32.7491 	EXP 	Fixation: autoDraw = False
32.7491 	EXP 	text: autoDraw = False
32.7491 	EXP 	text: foreColor = <psychopy.colors.Color: red, alpha=1.0>
32.7491 	EXP 	text: height = np.float64(0.05)
32.7491 	EXP 	text: height = np.float64(0.05)
32.7491 	EXP 	text: height = np.float64(0.05)
32.7491 	EXP 	text: text = 'BLUE'
32.7491 	EXP 	Fixation: autoDraw = True
32.8996 	EXP 	Device response: <KeyPress from None: t=32.727383800025564, value=b, duration=0.1652911999844946>
33.2301 	INFO 	Keyboard events cleared
33.2300 	EXP 	Fixation: autoDraw = False
33.2300 	EXP 	text: autoDraw = True
33.5305 	EXP 	Device response: <KeyPress from None: t=33.52731620002305, value=b, duration=None>
33.5309 	EXP 	New trial (rep=7, index=3): <Trial 31 (3 in rep 7) data={'word': 'BLUE', 'colour': 'blue', 'stimulus_condition': 'C', 'correct_response': 'b', 'thisN': 31, 'thisTrialN': 3, 'thisRepN': 7}>
33.5328 	DATA 	Keypress: b
33.5493 	EXP 	Fixation: autoDraw = False
33.5493 	EXP 	text: autoDraw = False
33.5493 	EXP 	text: foreColor = <psychopy.colors.Color: blue, alpha=1.0>
33.5493 	EXP 	text: text = 'BLUE'
33.5493 	EXP 	Fixation: autoDraw = True
33.6824 	EXP 	Device response: <KeyPress from None: t=33.52731620002305, value=b, duration=0.15010460000485182>
34.0301 	INFO 	Keyboard events cleared
34.0299 	EXP 	Fixation: autoDraw = False
34.0299 	EXP 	text: autoDraw = True
34.4968 	EXP 	Device response: <KeyPress from None: t=34.48861080000643, value=b, duration=None>
34.4972 	EXP 	New trial (rep=8, index=0): <Trial 32 (0 in rep 8) data={'word': 'RED', 'colour': 'red', 'stimulus_condition': 'C', 'correct_response': 'r', 'thisN': 32, 'thisTrialN': 0, 'thisRepN': 8}>
34.5020 	DATA 	Keypress: b
34.5152 	EXP 	Fixation: autoDraw = False
34.5152 	EXP 	text: autoDraw = False
34.5152 	EXP 	text: foreColor = <psychopy.colors.Color: red, alpha=1.0>
34.5152 	EXP 	text: height = np.float64(0.05)
34.5152 	EXP 	text: height = np.float64(0.05)
34.5152 	EXP 	text: height = np.float64(0.05)
34.5152 	EXP 	text: text = 'RED'
34.5152 	EXP 	Fixation: autoDraw = True
34.5996 	EXP 	Device response: <KeyPress from None: t=34.48861080000643, value=b, duration=0.10929180000675842>
34.9966 	INFO 	Keyboard events cleared
34.9964 	EXP 	Fixation: autoDraw = False
34.9964 	EXP 	text: autoDraw = True
35.0639 	EXP 	Device response: <KeyPress from None: t=35.063171899993904, value=b, duration=None>
35.0643 	EXP 	New trial (rep=8, index=1): <Trial 33 (1 in rep 8) data={'word': 'BLUE', 'colour': 'blue', 'stimulus_condition': 'C', 'correct_response': 'b', 'thisN': 33, 'thisTrialN': 1, 'thisRepN': 8}>
35.0692 	DATA 	Keypress: b
35.0819 	EXP 	Fixation: autoDraw = False
35.0819 	EXP 	text: autoDraw = False
35.0819 	EXP 	text: foreColor = <psychopy.colors.Color: blue, alpha=1.0>
35.0819 	EXP 	text: height = np.float64(0.05)
35.0819 	EXP 	text: height = np.float64(0.05)
35.0819 	EXP 	text: height = np.float64(0.05)
35.0819 	EXP 	text: text = 'BLUE'
35.0819 	EXP 	Fixation: autoDraw = True
35.2329 	EXP 	Device response: <KeyPress from None: t=35.063171899993904, value=b, duration=0.16065690002869815>
35.5631 	INFO 	Keyboard events cleared
35.5629 	EXP 	Fixation: autoDraw = False
35.5629 	EXP 	text: autoDraw = True
35.8634 	EXP 	Device response: <KeyPress from None: t=35.84856830001809, value=r, duration=None>
35.8637 	EXP 	New trial (rep=8, index=2): <Trial 34 (2 in rep 8) data={'word': 'BLUE', 'colour': 'red', 'stimulus_condition': 'I', 'correct_response': 'r', 'thisN': 34, 'thisTrialN': 2, 'thisRepN': 8}>
35.8655 	DATA 	Keypress: r
35.8820 	EXP 	Fixation: autoDraw = False
35.8820 	EXP 	text: autoDraw = False
35.8820 	EXP 	text: foreColor = <psychopy.colors.Color: red, alpha=1.0>
35.8820 	EXP 	text: text = 'BLUE'
35.8820 	EXP 	Fixation: autoDraw = True
36.0162 	EXP 	Device response: <KeyPress from None: t=35.84856830001809, value=r, duration=0.16541119996691123>
36.2661 	EXP 	Device response: <KeyPress from None: t=36.26140610000584, value=b, duration=None>
36.2671 	DATA 	Keypress: b
36.3632 	INFO 	Keyboard events cleared
36.3630 	EXP 	Fixation: autoDraw = False
36.3630 	EXP 	text: autoDraw = True
36.4134 	EXP 	Device response: <KeyPress from None: t=36.26140610000584, value=b, duration=0.14242220000596717>
36.4633 	EXP 	Device response: <KeyPress from None: t=36.461183800012805, value=r, duration=None>
36.4636 	EXP 	New trial (rep=8, index=3): <Trial 35 (3 in rep 8) data={'word': 'RED', 'colour': 'blue', 'stimulus_condition': 'I', 'correct_response': 'b', 'thisN': 35, 'thisTrialN': 3, 'thisRepN': 8}>
36.4688 	DATA 	Keypress: r
36.4818 	EXP 	Fixation: autoDraw = False
36.4818 	EXP 	text: autoDraw = False
36.4818 	EXP 	text: foreColor = <psychopy.colors.Color: blue, alpha=1.0>
36.4818 	EXP 	text: height = np.float64(0.05)
36.4818 	EXP 	text: height = np.float64(0.05)
36.4818 	EXP 	text: height = np.float64(0.05)
36.4818 	EXP 	text: text = 'RED'
36.4818 	EXP 	Fixation: autoDraw = True
36.6329 	EXP 	Device response: <KeyPress from None: t=36.461183800012805, value=r, duration=0.16382459999294952>
36.7322 	EXP 	Device response: <KeyPress from None: t=36.724516200018115, value=b, duration=None>
36.7332 	DATA 	Keypress: b
36.8990 	EXP 	Device response: <KeyPress from None: t=36.724516200018115, value=b, duration=0.15939290000824258>
36.9631 	INFO 	Keyboard events cleared
36.9629 	EXP 	Fixation: autoDraw = False
36.9629 	EXP 	text: autoDraw = True
37.2308 	DATA 	Keypress: r
37.2464 	EXP 	Device response: <KeyPress from None: t=37.23014440003317, value=r, duration=None>
37.2468 	EXP 	New trial (rep=9, index=0): <Trial 36 (0 in rep 9) data={'word': 'RED', 'colour': 'blue', 'stimulus_condition': 'I', 'correct_response': 'b', 'thisN': 36, 'thisTrialN': 0, 'thisRepN': 9}>
37.2652 	EXP 	Fixation: autoDraw = False
37.2652 	EXP 	text: autoDraw = False
37.2652 	EXP 	text: foreColor = <psychopy.colors.Color: blue, alpha=1.0>
37.2652 	EXP 	text: text = 'RED'
37.2652 	EXP 	Fixation: autoDraw = True
37.3828 	EXP 	Device response: <KeyPress from None: t=37.23014440003317, value=r, duration=0.1390665999497287>
37.3829 	EXP 	Device response: <KeyPress from None: t=37.37544109998271, value=b, duration=None>
37.3841 	DATA 	Keypress: b
37.5159 	EXP 	Device response: <KeyPress from None: t=37.37544109998271, value=b, duration=0.13902180001605302>
37.5993 	EXP 	Device response: <KeyPress from None: t=37.59453270002268, value=r, duration=None>
37.6003 	DATA 	Keypress: r
37.7461 	INFO 	Keyboard events cleared
37.7460 	EXP 	Fixation: autoDraw = False
37.7460 	EXP 	text: autoDraw = True
37.7632 	EXP 	Device response: <KeyPress from None: t=37.59453270002268, value=r, duration=0.16651529999217018>
37.7653 	DATA 	Keypress: b
37.7796 	EXP 	Device response: <KeyPress from None: t=37.76470830000471, value=b, duration=None>
37.7799 	EXP 	New trial (rep=9, index=1): <Trial 37 (1 in rep 9) data={'word': 'RED', 'colour': 'red', 'stimulus_condition': 'C', 'correct_response': 'r', 'thisN': 37, 'thisTrialN': 1, 'thisRepN': 9}>
37.7988 	EXP 	Fixation: autoDraw = False
37.7988 	EXP 	text: autoDraw = False
37.7988 	EXP 	text: foreColor = <psychopy.colors.Color: red, alpha=1.0>
37.7988 	EXP 	text: text = 'RED'
37.7988 	EXP 	Fixation: autoDraw = True
37.9160 	EXP 	Device response: <KeyPress from None: t=37.76470830000471, value=b, duration=0.14105540001764894>
38.0492 	EXP 	Device response: <KeyPress from None: t=38.03984590002801, value=r, duration=None>
38.0502 	DATA 	Keypress: r
38.1989 	EXP 	Device response: <KeyPress from None: t=38.03984590002801, value=r, duration=0.15198279998730868>
38.2796 	INFO 	Keyboard events cleared
38.2794 	EXP 	Fixation: autoDraw = False
38.2794 	EXP 	text: autoDraw = True
38.3469 	EXP 	Device response: <KeyPress from None: t=38.33556610002415, value=b, duration=None>
38.3473 	EXP 	New trial (rep=9, index=2): <Trial 38 (2 in rep 9) data={'word': 'BLUE', 'colour': 'blue', 'stimulus_condition': 'C', 'correct_response': 'b', 'thisN': 38, 'thisTrialN': 2, 'thisRepN': 9}>
38.3523 	DATA 	Keypress: b
38.3650 	EXP 	Fixation: autoDraw = False
38.3650 	EXP 	text: autoDraw = False
38.3650 	EXP 	text: foreColor = <psychopy.colors.Color: blue, alpha=1.0>
38.3650 	EXP 	text: height = np.float64(0.05)
38.3650 	EXP 	text: height = np.float64(0.05)
38.3650 	EXP 	text: height = np.float64(0.05)
38.3650 	EXP 	text: text = 'BLUE'
38.3650 	EXP 	Fixation: autoDraw = True
38.5156 	EXP 	Device response: <KeyPress from None: t=38.33556610002415, value=b, duration=0.164483200001996>
38.5156 	EXP 	Device response: <KeyPress from None: t=38.515119799994864, value=r, duration=None>
38.5169 	DATA 	Keypress: r
38.6661 	EXP 	Device response: <KeyPress from None: t=38.65622790000634, value=b, duration=None>
38.6671 	DATA 	Keypress: b
38.6820 	EXP 	Device response: <KeyPress from None: t=38.515119799994864, value=r, duration=0.1652128000278026>
38.8323 	EXP 	Device response: <KeyPress from None: t=38.65622790000634, value=b, duration=0.16938869998557493>
38.8462 	INFO 	Keyboard events cleared
38.8460 	EXP 	Fixation: autoDraw = False
38.8460 	EXP 	text: autoDraw = True
38.9297 	EXP 	Device response: <KeyPress from None: t=38.9167133999872, value=r, duration=None>
38.9300 	EXP 	New trial (rep=9, index=3): <Trial 39 (3 in rep 9) data={'word': 'BLUE', 'colour': 'red', 'stimulus_condition': 'I', 'correct_response': 'r', 'thisN': 39, 'thisTrialN': 3, 'thisRepN': 9}>
38.9318 	DATA 	Keypress: r
38.9485 	EXP 	Fixation: autoDraw = False
38.9485 	EXP 	text: autoDraw = False
38.9485 	EXP 	text: foreColor = <psychopy.colors.Color: red, alpha=1.0>
38.9485 	EXP 	text: text = 'BLUE'
38.9485 	EXP 	Fixation: autoDraw = True
39.0823 	EXP 	Device response: <KeyPress from None: t=38.9167133999872, value=r, duration=0.1638844000408426>
39.0985 	EXP 	Device response: <KeyPress from None: t=39.08639230002882, value=b, duration=None>
39.0995 	DATA 	Keypress: b
39.2325 	EXP 	Device response: <KeyPress from None: t=39.08639230002882, value=b, duration=0.13534139998955652>
39.2984 	EXP 	Device response: <KeyPress from None: t=39.29173810000066, value=r, duration=None>
39.2995 	DATA 	Keypress: r
39.4159 	EXP 	Device response: <KeyPress from None: t=39.41094879998127, value=b, duration=None>
39.4182 	DATA 	Keypress: b
39.4289 	INFO 	Keyboard events cleared
39.4287 	EXP 	Fixation: autoDraw = False
39.4287 	EXP 	text: autoDraw = True
39.4632 	EXP 	Device response: <KeyPress from None: t=39.29173810000066, value=r, duration=0.17030260001774877>
39.5631 	EXP 	Device response: <KeyPress from None: t=39.41094879998127, value=b, duration=0.13983470003586262>
39.6800 	EXP 	Device response: <KeyPress from None: t=39.671200199984014, value=r, duration=None>
39.6829 	DATA 	Keypress: r
39.6957 	EXP 	Fixation: autoDraw = False
39.6957 	EXP 	text: autoDraw = False
39.6957 	EXP 	text_3: autoDraw = True
39.6961 	EXP 	Device response: <KeyPress from None: t=39.695489900012035, value=b, duration=None>
39.6973 	DATA 	Keypress: b
39.8131 	EXP 	Device response: <KeyPress from None: t=39.671200199984014, value=r, duration=0.13976770004956052>
39.8295 	EXP 	Device response: <KeyPress from None: t=39.695489900012035, value=b, duration=0.13175880000926554>
39.9460 	EXP 	Device response: <KeyPress from None: t=39.94256470003165, value=b, duration=None>
39.9472 	DATA 	Keypress: b
40.0129 	EXP 	Device response: <KeyPress from None: t=40.00125060003484, value=r, duration=None>
40.0141 	DATA 	Keypress: r
40.0463 	EXP 	Device response: <KeyPress from None: t=39.94256470003165, value=b, duration=0.08870909997494891>
40.0968 	EXP 	Device response: <KeyPress from None: t=40.00125060003484, value=r, duration=0.09040809998987243>
40.4962 	EXP 	Device response: <KeyPress from None: t=40.487426900013816, value=b, duration=None>
40.4973 	DATA 	Keypress: b
40.5795 	EXP 	Device response: <KeyPress from None: t=40.487426900013816, value=b, duration=0.0797333000227809>
40.6958 	EXP 	text_3: autoDraw = False
40.6958 	EXP 	text_3: autoDraw = False
40.6960 	EXP 	Stroop Task: status = STOPPED
40.7211 	INFO 	saved data to 'C:\\Users\\123\\OneDrive\\Desktop\\Lab Psychology\\stroop task\\data\\927151_Stroop Task_2025-08-24_14h34.21.940.csv'
40.7234 	INFO 	saved data to C:\Users\123\OneDrive\Desktop\Lab Psychology\stroop task\data\927151_Stroop Task_2025-08-24_14h34.21.940.psydat
41.1818 	WARNING 	Stopping key buffers but this could be dangerous ifother keyboards rely on the same.
41.2703 	WARNING 	Stopping key buffers but this could be dangerous ifother keyboards rely on the same.
