59.4905 	INFO 	Loaded monitor calibration from ['2025_08_11 23:33']
59.9716 	INFO 	Using renderer 'Intel(R) UHD Graphics' for graphics
59.9716 	INFO 	OpenGL version supported by driver is 4..
60.2024 	EXP 	Created window1 = Window(allowGUI=True, allowStencil=False, autoLog=True, backendConf=UNKNOWN, backgroundFit=<method-wrapper '__getattribute__' of attributeSetter object at 0x000001E60C759780>, backgroundImage=<method-wrapper '__getattribute__' of attributeSetter object at 0x000001E60C7597E0>, bitsMode=UNKNOWN, blendMode='avg', bpc=(8, 8, 8), color=array([0, 0, 0]), colorSpace='rgb', depthBits=8, fullscr=False, gamma=None, gammaErrorPolicy='raise', infoMsg=UNKNOWN, lms=UNKNOWN, monitor=<psychopy.monitors.calibTools.Monitor object at 0x000001E60C7F3940>, multiSample=False, name='window1', numSamples=2, pos=[np.float64(420.0), np.float64(240.0)], screen=0, size=array([1080,  600]), stencilBits=0, stereo=False, title='PsychoPy', units='height', useFBO=True, useRetina=False, viewOri=0.0, viewPos=None, viewScale=None, waitBlanking=True, winType='pyglet')
60.2025 	EXP 	window1: backgroundImage = ''
60.2025 	EXP 	window1: backgroundFit = 'none'
60.5928 	EXP 	window1: Attempting to measure frame rate of screen (0) ...
60.5929 	EXP 	window1: recordFrameIntervals = False
60.7854 	EXP 	window1: recordFrameIntervals = True
60.9690 	EXP 	Screen (0) actual frame rate measured at 60.16Hz
60.9690 	EXP 	window1: recordFrameIntervals = False
61.0331 	INFO 	keyboard.Keyboard is using ptb backend.
61.0333 	INFO 	keyboard.Keyboard is using ptb backend.
61.0333 	EXP 	Delay discounting: status = STARTED
61.3475 	EXP 	Created text_2 = TextStim(__class__=<class 'psychopy.visual.text.TextStim'>, alignHoriz=method-wrapper(...), alignText='center', alignVert=method-wrapper(...), anchorHoriz='center', anchorVert='center', antialias=True, autoDraw=False, autoLog=True, bold=False, color=array([1., 1., 1.]), colorSpace='rgb', contrast=1.0, depth=0.0, draggable=False, flipHoriz=False, flipVert=False, font='Arial', fontFiles=[], height=np.float64(0.05), italic=False, languageStyle='LTR', name='text_2', opacity=1, ori=0.0, pos=array([0., 0.]), rgb=UNKNOWN, text=str(...), units='height', win=Window(...), wrapWidth=1)
61.3528 	EXP 	Created fixation = ShapeStim(__class__=<class 'psychopy.visual.shape.ShapeStim'>, anchor=('center', 'center'), autoDraw=False, autoLog=True, closeShape=True, color=method-wrapper(...), colorSpace='rgb', contrast=None, depth=0.0, draggable=False, fillColor=array([1, 1, 1]), fillColorSpace='rgb', fillRGB=array([1, 1, 1]), interpolate=True, lineColor=array([1., 1., 1.]), lineColorSpace='rgb', lineRGB=array([1, 1, 1]), lineWidth=1.0, name='fixation', opacity=1, ori=0.0, pos=array([0., 0.]), size=array([0.05, 0.05]), units='height', vertices=ndarray(...), win=Window(...), windingRule=None)
61.3535 	EXP 	Created text = TextStim(__class__=<class 'psychopy.visual.text.TextStim'>, alignHoriz=method-wrapper(...), alignText='center', alignVert=method-wrapper(...), anchorHoriz='center', anchorVert='center', antialias=True, autoDraw=False, autoLog=True, bold=False, color=array([1., 1., 1.]), colorSpace='rgb', contrast=1.0, depth=-1.0, draggable=False, flipHoriz=False, flipVert=False, font='Arial', fontFiles=[], height=0.05, italic=False, languageStyle='LTR', name='text', opacity=1, ori=0.0, pos=array([0., 0.]), rgb=UNKNOWN, text='', units='height', win=Window(...), wrapWidth=1)
0.0312 	EXP 	text_2: autoDraw = True
4.0452 	EXP 	Imported discounting.xlsx as conditions, 100 conditions, 3 params
4.0466 	EXP 	New trial (rep=0, index=0): <Trial 0 (0 in rep 0) data={'reward_today': 63, 'future_reward': 110, 'delay': 156, 'thisN': 0, 'thisTrialN': 0, 'thisRepN': 0}>
4.0627 	EXP 	text_2: autoDraw = False
4.0627 	EXP 	text: height = np.float64(0.05)
4.0627 	EXP 	text: height = np.float64(0.05)
4.0627 	EXP 	text: height = np.float64(0.05)
4.0627 	EXP 	text: text = 'GBP 63 today or GBP 110 after 156 days'
4.0627 	EXP 	fixation: autoDraw = True
5.0141 	INFO 	Keyboard events cleared
5.0140 	EXP 	text: autoDraw = True
5.0640 	EXP 	fixation: autoDraw = False
17.6169 	EXP 	Device response: <KeyPress from None: t=17.59603439993225, value=t, duration=None>
17.6173 	EXP 	New trial (rep=0, index=1): <Trial 1 (1 in rep 0) data={'reward_today': 40, 'future_reward': 55, 'delay': 62, 'thisN': 1, 'thisTrialN': 1, 'thisRepN': 0}>
17.6279 	DATA 	Keypress: t
17.6448 	EXP 	fixation: autoDraw = False
17.6448 	EXP 	text: autoDraw = False
17.6448 	EXP 	text: height = np.float64(0.05)
17.6448 	EXP 	text: height = np.float64(0.05)
17.6448 	EXP 	text: height = np.float64(0.05)
17.6448 	EXP 	text: text = 'GBP 40 today or GBP 55 after 62 days'
17.6448 	EXP 	fixation: autoDraw = True
17.7469 	EXP 	Device response: <KeyPress from None: t=17.59603439993225, value=t, duration=0.14986200002022088>
18.6297 	INFO 	Keyboard events cleared
18.6295 	EXP 	text: autoDraw = True
18.6467 	EXP 	fixation: autoDraw = False
21.0805 	EXP 	Device response: <KeyPress from None: t=21.068723700009286, value=t, duration=None>
21.0808 	EXP 	New trial (rep=0, index=2): <Trial 2 (2 in rep 0) data={'reward_today': 47, 'future_reward': 84, 'delay': 121, 'thisN': 2, 'thisTrialN': 2, 'thisRepN': 0}>
21.0909 	DATA 	Keypress: t
21.0959 	EXP 	fixation: autoDraw = False
21.0959 	EXP 	text: autoDraw = False
21.0959 	EXP 	text: height = np.float64(0.05)
21.0959 	EXP 	text: height = np.float64(0.05)
21.0959 	EXP 	text: height = np.float64(0.05)
21.0959 	EXP 	text: text = 'GBP 47 today or GBP 84 after 121 days'
21.0959 	EXP 	fixation: autoDraw = True
21.2306 	EXP 	Device response: <KeyPress from None: t=21.068723700009286, value=t, duration=0.1592816999182105>
22.0962 	INFO 	Keyboard events cleared
22.0961 	EXP 	fixation: autoDraw = False
22.0961 	EXP 	text: autoDraw = True
27.2457 	EXP 	Device response: <KeyPress from None: t=27.2372968000127, value=t, duration=None>
27.2460 	EXP 	New trial (rep=0, index=3): <Trial 3 (3 in rep 0) data={'reward_today': 29, 'future_reward': 80, 'delay': 46, 'thisN': 3, 'thisTrialN': 3, 'thisRepN': 0}>
27.2548 	DATA 	Keypress: t
27.2621 	EXP 	fixation: autoDraw = False
27.2621 	EXP 	text: autoDraw = False
27.2621 	EXP 	text: height = np.float64(0.05)
27.2621 	EXP 	text: height = np.float64(0.05)
27.2621 	EXP 	text: height = np.float64(0.05)
27.2621 	EXP 	text: text = 'GBP 29 today or GBP 80 after 46 days'
27.2621 	EXP 	fixation: autoDraw = True
27.4461 	EXP 	Device response: <KeyPress from None: t=27.2372968000127, value=t, duration=0.20002409990411252>
28.2451 	INFO 	Keyboard events cleared
28.2450 	EXP 	text: autoDraw = True
28.2615 	EXP 	fixation: autoDraw = False
31.3607 	EXP 	Device response: <KeyPress from None: t=31.348479999927804, value=l, duration=None>
31.3608 	EXP 	New trial (rep=0, index=4): <Trial 4 (4 in rep 0) data={'reward_today': 28, 'future_reward': 75, 'delay': 41, 'thisN': 4, 'thisTrialN': 4, 'thisRepN': 0}>
31.3650 	DATA 	Keypress: l
31.3772 	EXP 	fixation: autoDraw = False
31.3772 	EXP 	text: autoDraw = False
31.3772 	EXP 	text: height = np.float64(0.05)
31.3772 	EXP 	text: height = np.float64(0.05)
31.3772 	EXP 	text: height = np.float64(0.05)
31.3772 	EXP 	text: text = 'GBP 28 today or GBP 75 after 41 days'
31.3772 	EXP 	fixation: autoDraw = True
31.4942 	EXP 	Device response: <KeyPress from None: t=31.348479999927804, value=l, duration=0.13076400000136346>
32.3601 	INFO 	Keyboard events cleared
32.3600 	EXP 	text: autoDraw = True
32.3766 	EXP 	fixation: autoDraw = False
34.0266 	EXP 	Device response: <KeyPress from None: t=34.01967790001072, value=l, duration=None>
34.0269 	EXP 	New trial (rep=0, index=5): <Trial 5 (5 in rep 0) data={'reward_today': 25, 'future_reward': 66, 'delay': 33, 'thisN': 5, 'thisTrialN': 5, 'thisRepN': 0}>
34.0301 	DATA 	Keypress: l
34.0430 	EXP 	fixation: autoDraw = False
34.0430 	EXP 	text: autoDraw = False
34.0430 	EXP 	text: height = np.float64(0.05)
34.0430 	EXP 	text: height = np.float64(0.05)
34.0430 	EXP 	text: height = np.float64(0.05)
34.0430 	EXP 	text: text = 'GBP 25 today or GBP 66 after 33 days'
34.0430 	EXP 	fixation: autoDraw = True
34.1435 	EXP 	Device response: <KeyPress from None: t=34.01967790001072, value=l, duration=0.11995929991826415>
35.0267 	INFO 	Keyboard events cleared
35.0265 	EXP 	text: autoDraw = True
35.0439 	EXP 	fixation: autoDraw = False
37.3775 	EXP 	Device response: <KeyPress from None: t=37.37186830001883, value=l, duration=None>
37.3778 	EXP 	New trial (rep=0, index=6): <Trial 6 (6 in rep 0) data={'reward_today': 43, 'future_reward': 110, 'delay': 133, 'thisN': 6, 'thisTrialN': 6, 'thisRepN': 0}>
37.3823 	DATA 	Keypress: l
37.3931 	EXP 	fixation: autoDraw = False
37.3931 	EXP 	text: autoDraw = False
37.3931 	EXP 	text: height = np.float64(0.05)
37.3931 	EXP 	text: height = np.float64(0.05)
37.3931 	EXP 	text: height = np.float64(0.05)
37.3931 	EXP 	text: text = 'GBP 43 today or GBP 110 after 133 days'
37.3931 	EXP 	fixation: autoDraw = True
37.5440 	EXP 	Device response: <KeyPress from None: t=37.37186830001883, value=l, duration=0.15591919992584735>
38.3932 	INFO 	Keyboard events cleared
38.3931 	EXP 	fixation: autoDraw = False
38.3931 	EXP 	text: autoDraw = True
42.9107 	EXP 	Device response: <KeyPress from None: t=42.900048499926925, value=l, duration=None>
42.9110 	EXP 	New trial (rep=0, index=7): <Trial 7 (7 in rep 0) data={'reward_today': 41, 'future_reward': 65, 'delay': 112, 'thisN': 7, 'thisTrialN': 7, 'thisRepN': 0}>
42.9173 	DATA 	Keypress: l
42.9264 	EXP 	fixation: autoDraw = False
42.9264 	EXP 	text: autoDraw = False
42.9264 	EXP 	text: height = np.float64(0.05)
42.9264 	EXP 	text: height = np.float64(0.05)
42.9264 	EXP 	text: height = np.float64(0.05)
42.9264 	EXP 	text: text = 'GBP 41 today or GBP 65 after 112 days'
42.9264 	EXP 	fixation: autoDraw = True
43.0602 	EXP 	Device response: <KeyPress from None: t=42.900048499926925, value=l, duration=0.14466140000149608>
43.9264 	INFO 	Keyboard events cleared
43.9263 	EXP 	fixation: autoDraw = False
43.9263 	EXP 	text: autoDraw = True
47.2262 	EXP 	Device response: <KeyPress from None: t=47.21689779998269, value=t, duration=None>
47.2265 	EXP 	New trial (rep=0, index=8): <Trial 8 (8 in rep 0) data={'reward_today': 43, 'future_reward': 65, 'delay': 13, 'thisN': 8, 'thisTrialN': 8, 'thisRepN': 0}>
47.2319 	DATA 	Keypress: t
47.2417 	EXP 	fixation: autoDraw = False
47.2417 	EXP 	text: autoDraw = False
47.2417 	EXP 	text: height = np.float64(0.05)
47.2417 	EXP 	text: height = np.float64(0.05)
47.2417 	EXP 	text: height = np.float64(0.05)
47.2417 	EXP 	text: text = 'GBP 43 today or GBP 65 after 13 days'
47.2417 	EXP 	fixation: autoDraw = True
47.3427 	EXP 	Device response: <KeyPress from None: t=47.21689779998269, value=t, duration=0.11488589993678033>
48.2422 	INFO 	Keyboard events cleared
48.2420 	EXP 	fixation: autoDraw = False
48.2420 	EXP 	text: autoDraw = True
50.9755 	EXP 	Device response: <KeyPress from None: t=50.96892120002303, value=l, duration=None>
50.9759 	EXP 	New trial (rep=0, index=9): <Trial 9 (9 in rep 0) data={'reward_today': 41, 'future_reward': 62, 'delay': 25, 'thisN': 9, 'thisTrialN': 9, 'thisRepN': 0}>
50.9823 	DATA 	Keypress: l
50.9917 	EXP 	fixation: autoDraw = False
50.9917 	EXP 	text: autoDraw = False
50.9917 	EXP 	text: height = np.float64(0.05)
50.9917 	EXP 	text: height = np.float64(0.05)
50.9917 	EXP 	text: height = np.float64(0.05)
50.9917 	EXP 	text: text = 'GBP 41 today or GBP 62 after 25 days'
50.9917 	EXP 	fixation: autoDraw = True
51.1093 	EXP 	Device response: <KeyPress from None: t=50.96892120002303, value=l, duration=0.12476059992332011>
51.9756 	INFO 	Keyboard events cleared
51.9754 	EXP 	text: autoDraw = True
51.9922 	EXP 	fixation: autoDraw = False
57.5255 	EXP 	Device response: <KeyPress from None: t=57.52332169993315, value=l, duration=None>
57.5258 	EXP 	New trial (rep=0, index=10): <Trial 10 (10 in rep 0) data={'reward_today': 63, 'future_reward': 100, 'delay': 75, 'thisN': 10, 'thisTrialN': 10, 'thisRepN': 0}>
57.5328 	DATA 	Keypress: l
57.5411 	EXP 	fixation: autoDraw = False
57.5411 	EXP 	text: autoDraw = False
57.5411 	EXP 	text: height = np.float64(0.05)
57.5411 	EXP 	text: height = np.float64(0.05)
57.5411 	EXP 	text: height = np.float64(0.05)
57.5411 	EXP 	text: text = 'GBP 63 today or GBP 100 after 75 days'
57.5411 	EXP 	fixation: autoDraw = True
57.6755 	EXP 	Device response: <KeyPress from None: t=57.52332169993315, value=l, duration=0.1387658000458032>
58.5411 	INFO 	Keyboard events cleared
58.5410 	EXP 	fixation: autoDraw = False
58.5410 	EXP 	text: autoDraw = True
61.7240 	EXP 	Device response: <KeyPress from None: t=61.72032069996931, value=t, duration=None>
61.7243 	EXP 	New trial (rep=0, index=11): <Trial 11 (11 in rep 0) data={'reward_today': 73, 'future_reward': 107, 'delay': 127, 'thisN': 11, 'thisTrialN': 11, 'thisRepN': 0}>
61.7300 	DATA 	Keypress: t
61.7402 	EXP 	fixation: autoDraw = False
61.7402 	EXP 	text: autoDraw = False
61.7402 	EXP 	text: height = np.float64(0.05)
61.7402 	EXP 	text: height = np.float64(0.05)
61.7402 	EXP 	text: height = np.float64(0.05)
61.7402 	EXP 	text: text = 'GBP 73 today or GBP 107 after 127 days'
61.7402 	EXP 	fixation: autoDraw = True
61.8250 	EXP 	Device response: <KeyPress from None: t=61.72032069996931, value=t, duration=0.10407570004463196>
62.7242 	INFO 	Keyboard events cleared
62.7241 	EXP 	text: autoDraw = True
62.7406 	EXP 	fixation: autoDraw = False
73.2899 	EXP 	Device response: <KeyPress from None: t=73.2857582999859, value=t, duration=None>
73.2902 	EXP 	New trial (rep=0, index=12): <Trial 12 (12 in rep 0) data={'reward_today': 50, 'future_reward': 90, 'delay': 117, 'thisN': 12, 'thisTrialN': 12, 'thisRepN': 0}>
73.2974 	DATA 	Keypress: t
73.3057 	EXP 	fixation: autoDraw = False
73.3057 	EXP 	text: autoDraw = False
73.3057 	EXP 	text: height = np.float64(0.05)
73.3057 	EXP 	text: height = np.float64(0.05)
73.3057 	EXP 	text: height = np.float64(0.05)
73.3057 	EXP 	text: text = 'GBP 50 today or GBP 90 after 117 days'
73.3057 	EXP 	fixation: autoDraw = True
73.3562 	EXP 	Device response: <KeyPress from None: t=73.2857582999859, value=t, duration=0.06952779996208847>
74.2894 	INFO 	Keyboard events cleared
74.2892 	EXP 	text: autoDraw = True
74.3060 	EXP 	fixation: autoDraw = False
80.0222 	EXP 	Device response: <KeyPress from None: t=80.01469270000234, value=t, duration=None>
80.0226 	EXP 	New trial (rep=0, index=13): <Trial 13 (13 in rep 0) data={'reward_today': 49, 'future_reward': 60, 'delay': 89, 'thisN': 13, 'thisTrialN': 13, 'thisRepN': 0}>
80.0293 	DATA 	Keypress: t
80.0379 	EXP 	fixation: autoDraw = False
80.0379 	EXP 	text: autoDraw = False
80.0379 	EXP 	text: height = np.float64(0.05)
80.0379 	EXP 	text: height = np.float64(0.05)
80.0379 	EXP 	text: height = np.float64(0.05)
80.0379 	EXP 	text: text = 'GBP 49 today or GBP 60 after 89 days'
80.0379 	EXP 	fixation: autoDraw = True
80.1384 	EXP 	Device response: <KeyPress from None: t=80.01469270000234, value=t, duration=0.10963419999461621>
81.0381 	INFO 	Keyboard events cleared
81.0379 	EXP 	fixation: autoDraw = False
81.0379 	EXP 	text: autoDraw = True
82.9716 	EXP 	Device response: <KeyPress from None: t=82.97086280002259, value=t, duration=None>
82.9719 	EXP 	New trial (rep=0, index=14): <Trial 14 (14 in rep 0) data={'reward_today': 30, 'future_reward': 70, 'delay': 25, 'thisN': 14, 'thisTrialN': 14, 'thisRepN': 0}>
82.9799 	DATA 	Keypress: t
82.9877 	EXP 	fixation: autoDraw = False
82.9877 	EXP 	text: autoDraw = False
82.9877 	EXP 	text: height = np.float64(0.05)
82.9877 	EXP 	text: height = np.float64(0.05)
82.9877 	EXP 	text: height = np.float64(0.05)
82.9877 	EXP 	text: text = 'GBP 30 today or GBP 70 after 25 days'
82.9877 	EXP 	fixation: autoDraw = True
83.0717 	EXP 	Device response: <KeyPress from None: t=82.97086280002259, value=t, duration=0.09983799990732223>
83.9721 	INFO 	Keyboard events cleared
83.9720 	EXP 	text: autoDraw = True
83.9879 	EXP 	fixation: autoDraw = False
86.2881 	EXP 	Device response: <KeyPress from None: t=86.27777329995297, value=l, duration=None>
86.2884 	EXP 	New trial (rep=0, index=15): <Trial 15 (15 in rep 0) data={'reward_today': 46, 'future_reward': 100, 'delay': 88, 'thisN': 15, 'thisTrialN': 15, 'thisRepN': 0}>
86.2946 	DATA 	Keypress: l
86.3041 	EXP 	fixation: autoDraw = False
86.3041 	EXP 	text: autoDraw = False
86.3041 	EXP 	text: height = np.float64(0.05)
86.3041 	EXP 	text: height = np.float64(0.05)
86.3041 	EXP 	text: height = np.float64(0.05)
86.3041 	EXP 	text: text = 'GBP 46 today or GBP 100 after 88 days'
86.3041 	EXP 	fixation: autoDraw = True
86.4385 	EXP 	Device response: <KeyPress from None: t=86.27777329995297, value=l, duration=0.14474270003847778>
87.3040 	INFO 	Keyboard events cleared
87.3038 	EXP 	fixation: autoDraw = False
87.3038 	EXP 	text: autoDraw = True
89.2548 	EXP 	Device response: <KeyPress from None: t=89.25442090001889, value=l, duration=None>
89.2561 	DATA 	Keypress: l
89.2711 	EXP 	New trial (rep=0, index=16): <Trial 16 (16 in rep 0) data={'reward_today': 11, 'future_reward': 30, 'delay': 7, 'thisN': 16, 'thisTrialN': 16, 'thisRepN': 0}>
89.2866 	EXP 	fixation: autoDraw = False
89.2866 	EXP 	text: autoDraw = False
89.2866 	EXP 	text: height = np.float64(0.05)
89.2866 	EXP 	text: height = np.float64(0.05)
89.2866 	EXP 	text: height = np.float64(0.05)
89.2866 	EXP 	text: text = 'GBP 11 today or GBP 30 after 7 days'
89.2866 	EXP 	fixation: autoDraw = True
89.4220 	EXP 	Device response: <KeyPress from None: t=89.25442090001889, value=l, duration=0.16515649994835258>
90.2701 	INFO 	Keyboard events cleared
90.2699 	EXP 	text: autoDraw = True
90.2874 	EXP 	fixation: autoDraw = False
99.2864 	EXP 	Device response: <KeyPress from None: t=99.28530019999016, value=l, duration=None>
99.2867 	EXP 	New trial (rep=0, index=17): <Trial 17 (17 in rep 0) data={'reward_today': 73, 'future_reward': 120, 'delay': 152, 'thisN': 17, 'thisTrialN': 17, 'thisRepN': 0}>
99.2932 	DATA 	Keypress: l
99.3023 	EXP 	fixation: autoDraw = False
99.3023 	EXP 	text: autoDraw = False
99.3023 	EXP 	text: height = np.float64(0.05)
99.3023 	EXP 	text: height = np.float64(0.05)
99.3023 	EXP 	text: height = np.float64(0.05)
99.3023 	EXP 	text: text = 'GBP 73 today or GBP 120 after 152 days'
99.3023 	EXP 	fixation: autoDraw = True
99.4362 	EXP 	Device response: <KeyPress from None: t=99.28530019999016, value=l, duration=0.13468839996494353>
100.3020 	INFO 	Keyboard events cleared
100.3018 	EXP 	fixation: autoDraw = False
100.3018 	EXP 	text: autoDraw = True
105.4356 	EXP 	Device response: <KeyPress from None: t=105.42438430001494, value=t, duration=None>
105.4360 	EXP 	New trial (rep=0, index=18): <Trial 18 (18 in rep 0) data={'reward_today': 54, 'future_reward': 107, 'delay': 157, 'thisN': 18, 'thisTrialN': 18, 'thisRepN': 0}>
105.4431 	DATA 	Keypress: t
105.4516 	EXP 	fixation: autoDraw = False
105.4516 	EXP 	text: autoDraw = False
105.4516 	EXP 	text: height = np.float64(0.05)
105.4516 	EXP 	text: height = np.float64(0.05)
105.4516 	EXP 	text: height = np.float64(0.05)
105.4516 	EXP 	text: text = 'GBP 54 today or GBP 107 after 157 days'
105.4516 	EXP 	fixation: autoDraw = True
105.5524 	EXP 	Device response: <KeyPress from None: t=105.42438430001494, value=t, duration=0.12523699994198978>
106.4349 	INFO 	Keyboard events cleared
106.4348 	EXP 	text: autoDraw = True
106.4518 	EXP 	fixation: autoDraw = False
112.0027 	DATA 	Keypress: t
112.0175 	EXP 	Device response: <KeyPress from None: t=112.00209879991598, value=t, duration=None>
112.0176 	EXP 	New trial (rep=0, index=19): <Trial 19 (19 in rep 0) data={'reward_today': 67, 'future_reward': 110, 'delay': 107, 'thisN': 19, 'thisTrialN': 19, 'thisRepN': 0}>
112.0337 	EXP 	fixation: autoDraw = False
112.0337 	EXP 	text: autoDraw = False
112.0337 	EXP 	text: height = np.float64(0.05)
112.0337 	EXP 	text: height = np.float64(0.05)
112.0337 	EXP 	text: height = np.float64(0.05)
112.0337 	EXP 	text: text = 'GBP 67 today or GBP 110 after 107 days'
112.0337 	EXP 	fixation: autoDraw = True
112.1853 	EXP 	Device response: <KeyPress from None: t=112.00209879991598, value=t, duration=0.1750792000675574>
113.0171 	INFO 	Keyboard events cleared
113.0170 	EXP 	text: autoDraw = True
113.0329 	EXP 	fixation: autoDraw = False
115.2677 	EXP 	Device response: <KeyPress from None: t=115.25434179999866, value=t, duration=None>
115.2680 	EXP 	New trial (rep=0, index=20): <Trial 20 (20 in rep 0) data={'reward_today': 78, 'future_reward': 99, 'delay': 116, 'thisN': 20, 'thisTrialN': 20, 'thisRepN': 0}>
115.2749 	DATA 	Keypress: t
115.2837 	EXP 	fixation: autoDraw = False
115.2837 	EXP 	text: autoDraw = False
115.2837 	EXP 	text: height = np.float64(0.05)
115.2837 	EXP 	text: height = np.float64(0.05)
115.2837 	EXP 	text: height = np.float64(0.05)
115.2837 	EXP 	text: text = 'GBP 78 today or GBP 99 after 116 days'
115.2837 	EXP 	fixation: autoDraw = True
115.3680 	EXP 	Device response: <KeyPress from None: t=115.25434179999866, value=t, duration=0.09963039995636791>
116.2675 	INFO 	Keyboard events cleared
116.2673 	EXP 	text: autoDraw = True
116.2837 	EXP 	fixation: autoDraw = False
129.7329 	EXP 	Device response: <KeyPress from None: t=129.71681839996018, value=t, duration=None>
129.7332 	EXP 	New trial (rep=0, index=21): <Trial 21 (21 in rep 0) data={'reward_today': 65, 'future_reward': 93, 'delay': 97, 'thisN': 21, 'thisTrialN': 21, 'thisRepN': 0}>
129.7397 	DATA 	Keypress: t
129.7480 	EXP 	fixation: autoDraw = False
129.7480 	EXP 	text: autoDraw = False
129.7480 	EXP 	text: height = np.float64(0.05)
129.7480 	EXP 	text: height = np.float64(0.05)
129.7480 	EXP 	text: height = np.float64(0.05)
129.7480 	EXP 	text: text = 'GBP 65 today or GBP 93 after 97 days'
129.7480 	EXP 	fixation: autoDraw = True
129.8653 	EXP 	Device response: <KeyPress from None: t=129.71681839996018, value=t, duration=0.13516900001559407>
130.7321 	INFO 	Keyboard events cleared
130.7320 	EXP 	text: autoDraw = True
130.7485 	EXP 	fixation: autoDraw = False
133.6652 	EXP 	Device response: <KeyPress from None: t=133.66401990002487, value=t, duration=None>
133.6656 	EXP 	New trial (rep=0, index=22): <Trial 22 (22 in rep 0) data={'reward_today': 16, 'future_reward': 45, 'delay': 85, 'thisN': 22, 'thisTrialN': 22, 'thisRepN': 0}>
133.6725 	DATA 	Keypress: t
133.6807 	EXP 	fixation: autoDraw = False
133.6807 	EXP 	text: autoDraw = False
133.6807 	EXP 	text: height = np.float64(0.05)
133.6807 	EXP 	text: height = np.float64(0.05)
133.6807 	EXP 	text: height = np.float64(0.05)
133.6807 	EXP 	text: text = 'GBP 16 today or GBP 45 after 85 days'
133.6807 	EXP 	fixation: autoDraw = True
133.8155 	EXP 	Device response: <KeyPress from None: t=133.66401990002487, value=t, duration=0.13715949992183596>
134.6651 	INFO 	Keyboard events cleared
134.6649 	EXP 	text: autoDraw = True
134.6813 	EXP 	fixation: autoDraw = False
148.8982 	DATA 	Keypress: l
148.9132 	EXP 	Device response: <KeyPress from None: t=148.8975384000223, value=l, duration=None>
148.9135 	EXP 	New trial (rep=0, index=23): <Trial 23 (23 in rep 0) data={'reward_today': 54, 'future_reward': 89, 'delay': 67, 'thisN': 23, 'thisTrialN': 23, 'thisRepN': 0}>
148.9298 	EXP 	fixation: autoDraw = False
148.9298 	EXP 	text: autoDraw = False
148.9298 	EXP 	text: height = np.float64(0.05)
148.9298 	EXP 	text: height = np.float64(0.05)
148.9298 	EXP 	text: height = np.float64(0.05)
148.9298 	EXP 	text: text = 'GBP 54 today or GBP 89 after 67 days'
148.9298 	EXP 	fixation: autoDraw = True
148.9802 	EXP 	Device response: <KeyPress from None: t=148.8975384000223, value=l, duration=0.0757234999909997>
149.9135 	INFO 	Keyboard events cleared
149.9134 	EXP 	text: autoDraw = True
149.9294 	EXP 	fixation: autoDraw = False
158.8119 	EXP 	Device response: <KeyPress from None: t=158.80780960002448, value=t, duration=None>
158.8122 	EXP 	New trial (rep=0, index=24): <Trial 24 (24 in rep 0) data={'reward_today': 38, 'future_reward': 60, 'delay': 32, 'thisN': 24, 'thisTrialN': 24, 'thisRepN': 0}>
158.8195 	DATA 	Keypress: t
158.8279 	EXP 	fixation: autoDraw = False
158.8279 	EXP 	text: autoDraw = False
158.8279 	EXP 	text: height = np.float64(0.05)
158.8279 	EXP 	text: height = np.float64(0.05)
158.8279 	EXP 	text: height = np.float64(0.05)
158.8279 	EXP 	text: text = 'GBP 38 today or GBP 60 after 32 days'
158.8279 	EXP 	fixation: autoDraw = True
158.9785 	EXP 	Device response: <KeyPress from None: t=158.80780960002448, value=t, duration=0.1547526998911053>
159.8117 	INFO 	Keyboard events cleared
159.8115 	EXP 	text: autoDraw = True
159.8282 	EXP 	fixation: autoDraw = False
164.4281 	EXP 	Device response: <KeyPress from None: t=164.4259470999241, value=l, duration=None>
164.4284 	EXP 	New trial (rep=0, index=25): <Trial 25 (25 in rep 0) data={'reward_today': 78, 'future_reward': 80, 'delay': 162, 'thisN': 25, 'thisTrialN': 25, 'thisRepN': 0}>
164.4347 	DATA 	Keypress: l
164.4439 	EXP 	fixation: autoDraw = False
164.4439 	EXP 	text: autoDraw = False
164.4439 	EXP 	text: height = np.float64(0.05)
164.4439 	EXP 	text: height = np.float64(0.05)
164.4439 	EXP 	text: height = np.float64(0.05)
164.4439 	EXP 	text: text = 'GBP 78 today or GBP 80 after 162 days'
164.4439 	EXP 	fixation: autoDraw = True
164.5780 	EXP 	Device response: <KeyPress from None: t=164.4259470999241, value=l, duration=0.13573020009789616>
165.4269 	INFO 	Keyboard events cleared
165.4267 	EXP 	text: autoDraw = True
165.4434 	EXP 	fixation: autoDraw = False
171.7770 	EXP 	Device response: <KeyPress from None: t=171.77520619996358, value=t, duration=None>
171.7773 	EXP 	New trial (rep=0, index=26): <Trial 26 (26 in rep 0) data={'reward_today': 57, 'future_reward': 82, 'delay': 118, 'thisN': 26, 'thisTrialN': 26, 'thisRepN': 0}>
171.7824 	DATA 	Keypress: t
171.7925 	EXP 	fixation: autoDraw = False
171.7925 	EXP 	text: autoDraw = False
171.7925 	EXP 	text: height = np.float64(0.05)
171.7925 	EXP 	text: height = np.float64(0.05)
171.7925 	EXP 	text: height = np.float64(0.05)
171.7925 	EXP 	text: text = 'GBP 57 today or GBP 82 after 118 days'
171.7925 	EXP 	fixation: autoDraw = True
171.8602 	EXP 	Device response: <KeyPress from None: t=171.77520619996358, value=t, duration=0.07455480005592108>
172.7926 	INFO 	Keyboard events cleared
172.7925 	EXP 	fixation: autoDraw = False
172.7925 	EXP 	text: autoDraw = True
182.7926 	EXP 	Device response: <KeyPress from None: t=182.78030320000835, value=t, duration=None>
182.7929 	EXP 	New trial (rep=0, index=27): <Trial 27 (27 in rep 0) data={'reward_today': 68, 'future_reward': 81, 'delay': 73, 'thisN': 27, 'thisTrialN': 27, 'thisRepN': 0}>
182.7995 	DATA 	Keypress: t
182.8083 	EXP 	fixation: autoDraw = False
182.8083 	EXP 	text: autoDraw = False
182.8083 	EXP 	text: height = np.float64(0.05)
182.8083 	EXP 	text: height = np.float64(0.05)
182.8083 	EXP 	text: height = np.float64(0.05)
182.8083 	EXP 	text: text = 'GBP 68 today or GBP 81 after 73 days'
182.8083 	EXP 	fixation: autoDraw = True
182.9424 	EXP 	Device response: <KeyPress from None: t=182.78030320000835, value=t, duration=0.15103349997662008>
183.7918 	INFO 	Keyboard events cleared
183.7916 	EXP 	text: autoDraw = True
183.8080 	EXP 	fixation: autoDraw = False
189.6584 	EXP 	Device response: <KeyPress from None: t=189.64488149993122, value=t, duration=None>
189.6587 	EXP 	New trial (rep=0, index=28): <Trial 28 (28 in rep 0) data={'reward_today': 46, 'future_reward': 102, 'delay': 84, 'thisN': 28, 'thisTrialN': 28, 'thisRepN': 0}>
189.6657 	DATA 	Keypress: t
189.6740 	EXP 	fixation: autoDraw = False
189.6740 	EXP 	text: autoDraw = False
189.6740 	EXP 	text: height = np.float64(0.05)
189.6740 	EXP 	text: height = np.float64(0.05)
189.6740 	EXP 	text: height = np.float64(0.05)
189.6740 	EXP 	text: text = 'GBP 46 today or GBP 102 after 84 days'
189.6740 	EXP 	fixation: autoDraw = True
189.7746 	EXP 	Device response: <KeyPress from None: t=189.64488149993122, value=t, duration=0.11939700006041676>
190.6578 	INFO 	Keyboard events cleared
190.6577 	EXP 	text: autoDraw = True
190.6745 	EXP 	fixation: autoDraw = False
194.4573 	EXP 	Device response: <KeyPress from None: t=194.44707609992474, value=l, duration=None>
194.4577 	EXP 	New trial (rep=0, index=29): <Trial 29 (29 in rep 0) data={'reward_today': 26, 'future_reward': 58, 'delay': 19, 'thisN': 29, 'thisTrialN': 29, 'thisRepN': 0}>
194.4641 	DATA 	Keypress: l
194.4733 	EXP 	fixation: autoDraw = False
194.4733 	EXP 	text: autoDraw = False
194.4733 	EXP 	text: height = np.float64(0.05)
194.4733 	EXP 	text: height = np.float64(0.05)
194.4733 	EXP 	text: height = np.float64(0.05)
194.4733 	EXP 	text: text = 'GBP 26 today or GBP 58 after 19 days'
194.4733 	EXP 	fixation: autoDraw = True
194.5741 	EXP 	Device response: <KeyPress from None: t=194.44707609992474, value=l, duration=0.1109390000347048>
195.4573 	INFO 	Keyboard events cleared
195.4572 	EXP 	text: autoDraw = True
195.4731 	EXP 	fixation: autoDraw = False
202.5232 	EXP 	Device response: <KeyPress from None: t=202.51192850002553, value=l, duration=None>
202.5235 	EXP 	New trial (rep=0, index=30): <Trial 30 (30 in rep 0) data={'reward_today': 27, 'future_reward': 50, 'delay': 21, 'thisN': 30, 'thisTrialN': 30, 'thisRepN': 0}>
202.5305 	DATA 	Keypress: l
202.5391 	EXP 	fixation: autoDraw = False
202.5391 	EXP 	text: autoDraw = False
202.5391 	EXP 	text: height = np.float64(0.05)
202.5391 	EXP 	text: height = np.float64(0.05)
202.5391 	EXP 	text: height = np.float64(0.05)
202.5391 	EXP 	text: text = 'GBP 27 today or GBP 50 after 21 days'
202.5391 	EXP 	fixation: autoDraw = True
202.5396 	EXP 	Device response: <KeyPress from None: t=202.53173539997078, value=k, duration=None>
202.5407 	DATA 	Keypress: k
202.5721 	EXP 	Device response: <KeyPress from None: t=202.53173539997078, value=k, duration=0.025850599980913103>
202.5894 	EXP 	Device response: <KeyPress from None: t=202.51192850002553, value=l, duration=0.06058459996711463>
203.5233 	INFO 	Keyboard events cleared
203.5232 	EXP 	text: autoDraw = True
203.5394 	EXP 	fixation: autoDraw = False
205.0390 	EXP 	Device response: <KeyPress from None: t=205.0341792999534, value=l, duration=None>
205.0393 	EXP 	New trial (rep=0, index=31): <Trial 31 (31 in rep 0) data={'reward_today': 44, 'future_reward': 65, 'delay': 38, 'thisN': 31, 'thisTrialN': 31, 'thisRepN': 0}>
205.0458 	DATA 	Keypress: l
205.0554 	EXP 	fixation: autoDraw = False
205.0554 	EXP 	text: autoDraw = False
205.0554 	EXP 	text: height = np.float64(0.05)
205.0554 	EXP 	text: height = np.float64(0.05)
205.0554 	EXP 	text: height = np.float64(0.05)
205.0554 	EXP 	text: text = 'GBP 44 today or GBP 65 after 38 days'
205.0554 	EXP 	fixation: autoDraw = True
205.1724 	EXP 	Device response: <KeyPress from None: t=205.0341792999534, value=l, duration=0.13482929999008775>
206.0390 	INFO 	Keyboard events cleared
206.0389 	EXP 	text: autoDraw = True
206.0554 	EXP 	fixation: autoDraw = False
207.5725 	EXP 	Device response: <KeyPress from None: t=207.56617310002912, value=l, duration=None>
207.5728 	EXP 	New trial (rep=0, index=32): <Trial 32 (32 in rep 0) data={'reward_today': 60, 'future_reward': 101, 'delay': 81, 'thisN': 32, 'thisTrialN': 32, 'thisRepN': 0}>
207.5797 	DATA 	Keypress: l
207.5883 	EXP 	fixation: autoDraw = False
207.5883 	EXP 	text: autoDraw = False
207.5883 	EXP 	text: height = np.float64(0.05)
207.5883 	EXP 	text: height = np.float64(0.05)
207.5883 	EXP 	text: height = np.float64(0.05)
207.5883 	EXP 	text: text = 'GBP 60 today or GBP 101 after 81 days'
207.5883 	EXP 	fixation: autoDraw = True
207.7050 	EXP 	Device response: <KeyPress from None: t=207.56617310002912, value=l, duration=0.13456099992617965>
208.5720 	INFO 	Keyboard events cleared
208.5718 	EXP 	text: autoDraw = True
208.5885 	EXP 	fixation: autoDraw = False
216.4556 	DATA 	Keypress: l
216.4709 	EXP 	Device response: <KeyPress from None: t=216.45456620003097, value=l, duration=None>
216.4711 	EXP 	New trial (rep=0, index=33): <Trial 33 (33 in rep 0) data={'reward_today': 39, 'future_reward': 90, 'delay': 170, 'thisN': 33, 'thisTrialN': 33, 'thisRepN': 0}>
216.4866 	EXP 	fixation: autoDraw = False
216.4866 	EXP 	text: autoDraw = False
216.4866 	EXP 	text: height = np.float64(0.05)
216.4866 	EXP 	text: height = np.float64(0.05)
216.4866 	EXP 	text: height = np.float64(0.05)
216.4866 	EXP 	text: text = 'GBP 39 today or GBP 90 after 170 days'
216.4866 	EXP 	fixation: autoDraw = True
216.5879 	EXP 	Device response: <KeyPress from None: t=216.45456620003097, value=l, duration=0.12158629996702075>
217.4702 	INFO 	Keyboard events cleared
217.4701 	EXP 	text: autoDraw = True
217.4872 	EXP 	fixation: autoDraw = False
218.5879 	EXP 	Device response: <KeyPress from None: t=218.57733030000236, value=l, duration=None>
218.5882 	EXP 	New trial (rep=0, index=34): <Trial 34 (34 in rep 0) data={'reward_today': 29, 'future_reward': 54, 'delay': 16, 'thisN': 34, 'thisTrialN': 34, 'thisRepN': 0}>
218.5953 	DATA 	Keypress: l
218.6034 	EXP 	fixation: autoDraw = False
218.6034 	EXP 	text: autoDraw = False
218.6034 	EXP 	text: height = np.float64(0.05)
218.6034 	EXP 	text: height = np.float64(0.05)
218.6034 	EXP 	text: height = np.float64(0.05)
218.6034 	EXP 	text: text = 'GBP 29 today or GBP 54 after 16 days'
218.6034 	EXP 	fixation: autoDraw = True
218.7210 	EXP 	Device response: <KeyPress from None: t=218.57733030000236, value=l, duration=0.13436040002852678>
219.5872 	INFO 	Keyboard events cleared
219.5871 	EXP 	text: autoDraw = True
219.6038 	EXP 	fixation: autoDraw = False
221.1038 	EXP 	Device response: <KeyPress from None: t=221.09297959995456, value=t, duration=None>
221.1041 	EXP 	New trial (rep=0, index=35): <Trial 35 (35 in rep 0) data={'reward_today': 77, 'future_reward': 129, 'delay': 162, 'thisN': 35, 'thisTrialN': 35, 'thisRepN': 0}>
221.1106 	DATA 	Keypress: t
221.1199 	EXP 	fixation: autoDraw = False
221.1199 	EXP 	text: autoDraw = False
221.1199 	EXP 	text: height = np.float64(0.05)
221.1199 	EXP 	text: height = np.float64(0.05)
221.1199 	EXP 	text: height = np.float64(0.05)
221.1199 	EXP 	text: text = 'GBP 77 today or GBP 129 after 162 days'
221.1199 	EXP 	fixation: autoDraw = True
221.2538 	EXP 	Device response: <KeyPress from None: t=221.09297959995456, value=t, duration=0.14912770001683384>
222.1037 	INFO 	Keyboard events cleared
222.1036 	EXP 	text: autoDraw = True
222.1201 	EXP 	fixation: autoDraw = False
227.1864 	EXP 	Device response: <KeyPress from None: t=227.18120999995153, value=l, duration=None>
227.1867 	EXP 	New trial (rep=0, index=36): <Trial 36 (36 in rep 0) data={'reward_today': 19, 'future_reward': 41, 'delay': 13, 'thisN': 36, 'thisTrialN': 36, 'thisRepN': 0}>
227.1937 	DATA 	Keypress: l
227.2023 	EXP 	fixation: autoDraw = False
227.2023 	EXP 	text: autoDraw = False
227.2023 	EXP 	text: height = np.float64(0.05)
227.2023 	EXP 	text: height = np.float64(0.05)
227.2023 	EXP 	text: height = np.float64(0.05)
227.2023 	EXP 	text: text = 'GBP 19 today or GBP 41 after 13 days'
227.2023 	EXP 	fixation: autoDraw = True
227.3030 	EXP 	Device response: <KeyPress from None: t=227.18120999995153, value=l, duration=0.11901989998295903>
228.1864 	INFO 	Keyboard events cleared
228.1862 	EXP 	text: autoDraw = True
228.2028 	EXP 	fixation: autoDraw = False
230.1376 	DATA 	Keypress: l
230.1520 	EXP 	Device response: <KeyPress from None: t=230.1368441999657, value=l, duration=None>
230.1522 	EXP 	New trial (rep=0, index=37): <Trial 37 (37 in rep 0) data={'reward_today': 43, 'future_reward': 60, 'delay': 20, 'thisN': 37, 'thisTrialN': 37, 'thisRepN': 0}>
230.1688 	EXP 	fixation: autoDraw = False
230.1688 	EXP 	text: autoDraw = False
230.1688 	EXP 	text: height = np.float64(0.05)
230.1688 	EXP 	text: height = np.float64(0.05)
230.1688 	EXP 	text: height = np.float64(0.05)
230.1688 	EXP 	text: text = 'GBP 43 today or GBP 60 after 20 days'
230.1688 	EXP 	fixation: autoDraw = True
230.2361 	EXP 	Device response: <KeyPress from None: t=230.1368441999657, value=l, duration=0.08992850000504404>
230.2528 	EXP 	Device response: <KeyPress from None: t=230.25177440000698, value=t, duration=None>
230.2539 	DATA 	Keypress: t
230.3525 	EXP 	Device response: <KeyPress from None: t=230.25177440000698, value=t, duration=0.09589649992994964>
230.3861 	EXP 	Device response: <KeyPress from None: t=230.377801500028, value=l, duration=None>
230.3870 	DATA 	Keypress: l
230.4864 	EXP 	Device response: <KeyPress from None: t=230.377801500028, value=l, duration=0.09461319993715733>
230.4864 	EXP 	Device response: <KeyPress from None: t=230.47754549991805, value=t, duration=None>
230.4877 	DATA 	Keypress: t
230.5695 	EXP 	Device response: <KeyPress from None: t=230.47754549991805, value=t, duration=0.07556220004335046>
230.6026 	EXP 	Device response: <KeyPress from None: t=230.5985575999366, value=l, duration=None>
230.6037 	DATA 	Keypress: l
230.6863 	EXP 	Device response: <KeyPress from None: t=230.67249010002706, value=t, duration=None>
230.6874 	DATA 	Keypress: t
230.7183 	EXP 	Device response: <KeyPress from None: t=230.5985575999366, value=l, duration=0.10389280004892498>
230.7694 	EXP 	Device response: <KeyPress from None: t=230.67249010002706, value=t, duration=0.08532889990601689>
230.8198 	EXP 	Device response: <KeyPress from None: t=230.81739470001776, value=l, duration=None>
230.8209 	DATA 	Keypress: l
230.9026 	EXP 	Device response: <KeyPress from None: t=230.8871008999413, value=t, duration=None>
230.9035 	DATA 	Keypress: t
230.9186 	EXP 	Device response: <KeyPress from None: t=230.81739470001776, value=l, duration=0.0949220999609679>
230.9862 	EXP 	Device response: <KeyPress from None: t=230.8871008999413, value=t, duration=0.08551080001052469>
231.0518 	EXP 	Device response: <KeyPress from None: t=231.0481922000181, value=l, duration=None>
231.0529 	DATA 	Keypress: l
231.1361 	EXP 	Device response: <KeyPress from None: t=231.1281005999772, value=t, duration=None>
231.1385 	DATA 	Keypress: t
231.1519 	INFO 	Keyboard events cleared
231.1518 	EXP 	text: autoDraw = True
231.1688 	EXP 	fixation: autoDraw = False
231.1692 	EXP 	Device response: <KeyPress from None: t=231.0481922000181, value=l, duration=0.10418919997755438>
231.2526 	EXP 	Device response: <KeyPress from None: t=231.1281005999772, value=t, duration=0.11441160005051643>
231.3027 	EXP 	Device response: <KeyPress from None: t=231.2871839000145, value=l, duration=None>
231.3030 	EXP 	New trial (rep=0, index=38): <Trial 38 (38 in rep 0) data={'reward_today': 19, 'future_reward': 34, 'delay': 21, 'thisN': 38, 'thisTrialN': 38, 'thisRepN': 0}>
231.3090 	DATA 	Keypress: l
231.3182 	EXP 	fixation: autoDraw = False
231.3182 	EXP 	text: autoDraw = False
231.3182 	EXP 	text: height = np.float64(0.05)
231.3182 	EXP 	text: height = np.float64(0.05)
231.3182 	EXP 	text: height = np.float64(0.05)
231.3182 	EXP 	text: text = 'GBP 19 today or GBP 34 after 21 days'
231.3182 	EXP 	fixation: autoDraw = True
231.3860 	EXP 	Device response: <KeyPress from None: t=231.37243899994064, value=t, duration=None>
231.3871 	DATA 	Keypress: t
231.4014 	EXP 	Device response: <KeyPress from None: t=231.2871839000145, value=l, duration=0.11006849992554635>
231.4857 	EXP 	Device response: <KeyPress from None: t=231.37243899994064, value=t, duration=0.0997635000385344>
231.5358 	EXP 	Device response: <KeyPress from None: t=231.52206230000593, value=l, duration=None>
231.5364 	DATA 	Keypress: l
231.6041 	DATA 	Keypress: t
231.6191 	EXP 	Device response: <KeyPress from None: t=231.60347149998415, value=t, duration=None>
231.6532 	EXP 	Device response: <KeyPress from None: t=231.52206230000593, value=l, duration=0.11686870001722127>
231.7196 	EXP 	Device response: <KeyPress from None: t=231.60347149998415, value=t, duration=0.1092703000176698>
231.8027 	EXP 	Device response: <KeyPress from None: t=231.79331350000575, value=l, duration=None>
231.8038 	DATA 	Keypress: l
231.9178 	EXP 	Device response: <KeyPress from None: t=231.79331350000575, value=l, duration=0.11924959998577833>
231.9689 	EXP 	Device response: <KeyPress from None: t=231.96344730001874, value=t, duration=None>
231.9699 	DATA 	Keypress: t
232.0859 	EXP 	Device response: <KeyPress from None: t=231.96344730001874, value=t, duration=0.10926049994304776>
232.3031 	EXP 	Device response: <KeyPress from None: t=232.3026621999452, value=l, duration=None>
232.3044 	DATA 	Keypress: l
232.3188 	INFO 	Keyboard events cleared
232.3187 	EXP 	fixation: autoDraw = False
232.3187 	EXP 	text: autoDraw = True
232.4025 	EXP 	Device response: <KeyPress from None: t=232.3026621999452, value=l, duration=0.0957868000259623>
233.0028 	EXP 	Device response: <KeyPress from None: t=232.99846769997384, value=l, duration=None>
233.0031 	EXP 	New trial (rep=0, index=39): <Trial 39 (39 in rep 0) data={'reward_today': 59, 'future_reward': 89, 'delay': 37, 'thisN': 39, 'thisTrialN': 39, 'thisRepN': 0}>
233.0097 	DATA 	Keypress: l
233.0184 	EXP 	fixation: autoDraw = False
233.0184 	EXP 	text: autoDraw = False
233.0184 	EXP 	text: height = np.float64(0.05)
233.0184 	EXP 	text: height = np.float64(0.05)
233.0184 	EXP 	text: height = np.float64(0.05)
233.0184 	EXP 	text: text = 'GBP 59 today or GBP 89 after 37 days'
233.0184 	EXP 	fixation: autoDraw = True
233.1526 	EXP 	Device response: <KeyPress from None: t=232.99846769997384, value=l, duration=0.1501636999892071>
234.0188 	INFO 	Keyboard events cleared
234.0186 	EXP 	fixation: autoDraw = False
234.0186 	EXP 	text: autoDraw = True
234.3188 	EXP 	Device response: <KeyPress from None: t=234.3145702999318, value=t, duration=None>
234.3191 	EXP 	New trial (rep=0, index=40): <Trial 40 (40 in rep 0) data={'reward_today': 39, 'future_reward': 78, 'delay': 142, 'thisN': 40, 'thisTrialN': 40, 'thisRepN': 0}>
234.3256 	DATA 	Keypress: t
234.3349 	EXP 	fixation: autoDraw = False
234.3349 	EXP 	text: autoDraw = False
234.3349 	EXP 	text: height = np.float64(0.05)
234.3349 	EXP 	text: height = np.float64(0.05)
234.3349 	EXP 	text: height = np.float64(0.05)
234.3349 	EXP 	text: text = 'GBP 39 today or GBP 78 after 142 days'
234.3349 	EXP 	fixation: autoDraw = True
234.4357 	EXP 	Device response: <KeyPress from None: t=234.3145702999318, value=t, duration=0.10910790006164461>
235.3352 	INFO 	Keyboard events cleared
235.3351 	EXP 	fixation: autoDraw = False
235.3351 	EXP 	text: autoDraw = True
235.9351 	EXP 	Device response: <KeyPress from None: t=235.93435789993964, value=l, duration=None>
235.9354 	EXP 	New trial (rep=0, index=41): <Trial 41 (41 in rep 0) data={'reward_today': 62, 'future_reward': 91, 'delay': 118, 'thisN': 41, 'thisTrialN': 41, 'thisRepN': 0}>
235.9416 	DATA 	Keypress: l
235.9514 	EXP 	fixation: autoDraw = False
235.9514 	EXP 	text: autoDraw = False
235.9514 	EXP 	text: height = np.float64(0.05)
235.9514 	EXP 	text: height = np.float64(0.05)
235.9514 	EXP 	text: height = np.float64(0.05)
235.9514 	EXP 	text: text = 'GBP 62 today or GBP 91 after 118 days'
235.9514 	EXP 	fixation: autoDraw = True
236.0355 	EXP 	Device response: <KeyPress from None: t=235.93435789993964, value=l, duration=0.09061509999446571>
236.9350 	INFO 	Keyboard events cleared
236.9349 	EXP 	text: autoDraw = True
236.9510 	EXP 	fixation: autoDraw = False
237.9184 	EXP 	Device response: <KeyPress from None: t=237.91111400001682, value=t, duration=None>
237.9188 	EXP 	New trial (rep=0, index=42): <Trial 42 (42 in rep 0) data={'reward_today': 40, 'future_reward': 88, 'delay': 137, 'thisN': 42, 'thisTrialN': 42, 'thisRepN': 0}>
237.9252 	DATA 	Keypress: t
237.9343 	EXP 	fixation: autoDraw = False
237.9343 	EXP 	text: autoDraw = False
237.9343 	EXP 	text: height = np.float64(0.05)
237.9343 	EXP 	text: height = np.float64(0.05)
237.9343 	EXP 	text: height = np.float64(0.05)
237.9343 	EXP 	text: text = 'GBP 40 today or GBP 88 after 137 days'
237.9343 	EXP 	fixation: autoDraw = True
238.0520 	EXP 	Device response: <KeyPress from None: t=237.91111400001682, value=t, duration=0.1395215999800712>
238.9181 	INFO 	Keyboard events cleared
238.9180 	EXP 	text: autoDraw = True
238.9345 	EXP 	fixation: autoDraw = False
241.6014 	EXP 	Device response: <KeyPress from None: t=241.59808719996363, value=l, duration=None>
241.6017 	EXP 	New trial (rep=0, index=43): <Trial 43 (43 in rep 0) data={'reward_today': 61, 'future_reward': 114, 'delay': 97, 'thisN': 43, 'thisTrialN': 43, 'thisRepN': 0}>
241.6080 	DATA 	Keypress: l
241.6173 	EXP 	fixation: autoDraw = False
241.6173 	EXP 	text: autoDraw = False
241.6173 	EXP 	text: height = np.float64(0.05)
241.6173 	EXP 	text: height = np.float64(0.05)
241.6173 	EXP 	text: height = np.float64(0.05)
241.6173 	EXP 	text: text = 'GBP 61 today or GBP 114 after 97 days'
241.6173 	EXP 	fixation: autoDraw = True
241.6846 	EXP 	Device response: <KeyPress from None: t=241.59808719996363, value=l, duration=0.0839836000232026>
242.6008 	INFO 	Keyboard events cleared
242.6007 	EXP 	text: autoDraw = True
242.6175 	EXP 	fixation: autoDraw = False
243.5509 	EXP 	Device response: <KeyPress from None: t=243.54814730002545, value=t, duration=None>
243.5513 	EXP 	New trial (rep=0, index=44): <Trial 44 (44 in rep 0) data={'reward_today': 28, 'future_reward': 64, 'delay': 21, 'thisN': 44, 'thisTrialN': 44, 'thisRepN': 0}>
243.5570 	DATA 	Keypress: t
243.5663 	EXP 	fixation: autoDraw = False
243.5663 	EXP 	text: autoDraw = False
243.5663 	EXP 	text: height = np.float64(0.05)
243.5663 	EXP 	text: height = np.float64(0.05)
243.5663 	EXP 	text: height = np.float64(0.05)
243.5663 	EXP 	text: text = 'GBP 28 today or GBP 64 after 21 days'
243.5663 	EXP 	fixation: autoDraw = True
243.6517 	EXP 	Device response: <KeyPress from None: t=243.54814730002545, value=t, duration=0.10109709994867444>
244.5507 	INFO 	Keyboard events cleared
244.5506 	EXP 	text: autoDraw = True
244.5671 	EXP 	fixation: autoDraw = False
245.2010 	EXP 	Device response: <KeyPress from None: t=245.18970779993106, value=l, duration=None>
245.2013 	EXP 	New trial (rep=0, index=45): <Trial 45 (45 in rep 0) data={'reward_today': 32, 'future_reward': 70, 'delay': 26, 'thisN': 45, 'thisTrialN': 45, 'thisRepN': 0}>
245.2078 	DATA 	Keypress: l
245.2169 	EXP 	fixation: autoDraw = False
245.2169 	EXP 	text: autoDraw = False
245.2169 	EXP 	text: height = np.float64(0.05)
245.2169 	EXP 	text: height = np.float64(0.05)
245.2169 	EXP 	text: height = np.float64(0.05)
245.2169 	EXP 	text: text = 'GBP 32 today or GBP 70 after 26 days'
245.2169 	EXP 	fixation: autoDraw = True
245.3003 	EXP 	Device response: <KeyPress from None: t=245.18970779993106, value=l, duration=0.09998400008771569>
246.2006 	INFO 	Keyboard events cleared
246.2005 	EXP 	text: autoDraw = True
246.2171 	EXP 	fixation: autoDraw = False
246.9502 	EXP 	Device response: <KeyPress from None: t=246.94969549996313, value=t, duration=None>
246.9505 	EXP 	New trial (rep=0, index=46): <Trial 46 (46 in rep 0) data={'reward_today': 75, 'future_reward': 108, 'delay': 133, 'thisN': 46, 'thisTrialN': 46, 'thisRepN': 0}>
246.9572 	DATA 	Keypress: t
246.9663 	EXP 	fixation: autoDraw = False
246.9663 	EXP 	text: autoDraw = False
246.9663 	EXP 	text: height = np.float64(0.05)
246.9663 	EXP 	text: height = np.float64(0.05)
246.9663 	EXP 	text: height = np.float64(0.05)
246.9663 	EXP 	text: text = 'GBP 75 today or GBP 108 after 133 days'
246.9663 	EXP 	fixation: autoDraw = True
247.0839 	EXP 	Device response: <KeyPress from None: t=246.94969549996313, value=t, duration=0.12584750005044043>
247.9503 	INFO 	Keyboard events cleared
247.9501 	EXP 	text: autoDraw = True
247.9666 	EXP 	fixation: autoDraw = False
249.6176 	DATA 	Keypress: l
249.6335 	EXP 	Device response: <KeyPress from None: t=249.6168435999425, value=l, duration=None>
249.6338 	EXP 	New trial (rep=0, index=47): <Trial 47 (47 in rep 0) data={'reward_today': 34, 'future_reward': 61, 'delay': 180, 'thisN': 47, 'thisTrialN': 47, 'thisRepN': 0}>
249.6501 	EXP 	fixation: autoDraw = False
249.6501 	EXP 	text: autoDraw = False
249.6501 	EXP 	text: height = np.float64(0.05)
249.6501 	EXP 	text: height = np.float64(0.05)
249.6501 	EXP 	text: height = np.float64(0.05)
249.6501 	EXP 	text: text = 'GBP 34 today or GBP 61 after 180 days'
249.6501 	EXP 	fixation: autoDraw = True
249.7835 	EXP 	Device response: <KeyPress from None: t=249.6168435999425, value=l, duration=0.16414230002555996>
250.6328 	INFO 	Keyboard events cleared
250.6326 	EXP 	text: autoDraw = True
250.6495 	EXP 	fixation: autoDraw = False
252.5008 	EXP 	Device response: <KeyPress from None: t=252.49824079999235, value=t, duration=None>
252.5012 	EXP 	New trial (rep=0, index=48): <Trial 48 (48 in rep 0) data={'reward_today': 29, 'future_reward': 52, 'delay': 67, 'thisN': 48, 'thisTrialN': 48, 'thisRepN': 0}>
252.5070 	DATA 	Keypress: t
252.5153 	EXP 	fixation: autoDraw = False
252.5153 	EXP 	text: autoDraw = False
252.5153 	EXP 	text: height = np.float64(0.05)
252.5153 	EXP 	text: height = np.float64(0.05)
252.5153 	EXP 	text: height = np.float64(0.05)
252.5153 	EXP 	text: text = 'GBP 29 today or GBP 52 after 67 days'
252.5153 	EXP 	fixation: autoDraw = True
252.6665 	EXP 	Device response: <KeyPress from None: t=252.49824079999235, value=t, duration=0.16015419992618263>
253.5160 	INFO 	Keyboard events cleared
253.5159 	EXP 	fixation: autoDraw = False
253.5159 	EXP 	text: autoDraw = True
255.2496 	EXP 	Device response: <KeyPress from None: t=255.23355100001208, value=l, duration=None>
255.2499 	EXP 	New trial (rep=0, index=49): <Trial 49 (49 in rep 0) data={'reward_today': 62, 'future_reward': 88, 'delay': 98, 'thisN': 49, 'thisTrialN': 49, 'thisRepN': 0}>
255.2566 	DATA 	Keypress: l
255.2653 	EXP 	fixation: autoDraw = False
255.2653 	EXP 	text: autoDraw = False
255.2653 	EXP 	text: height = np.float64(0.05)
255.2653 	EXP 	text: height = np.float64(0.05)
255.2653 	EXP 	text: height = np.float64(0.05)
255.2653 	EXP 	text: text = 'GBP 62 today or GBP 88 after 98 days'
255.2653 	EXP 	fixation: autoDraw = True
255.3999 	EXP 	Device response: <KeyPress from None: t=255.23355100001208, value=l, duration=0.15510829992126673>
256.2657 	INFO 	Keyboard events cleared
256.2656 	EXP 	fixation: autoDraw = False
256.2656 	EXP 	text: autoDraw = True
256.7656 	EXP 	Device response: <KeyPress from None: t=256.755172999925, value=t, duration=None>
256.7659 	EXP 	New trial (rep=0, index=50): <Trial 50 (50 in rep 0) data={'reward_today': 33, 'future_reward': 78, 'delay': 45, 'thisN': 50, 'thisTrialN': 50, 'thisRepN': 0}>
256.7731 	DATA 	Keypress: t
256.7819 	EXP 	fixation: autoDraw = False
256.7819 	EXP 	text: autoDraw = False
256.7819 	EXP 	text: height = np.float64(0.05)
256.7819 	EXP 	text: height = np.float64(0.05)
256.7819 	EXP 	text: height = np.float64(0.05)
256.7819 	EXP 	text: text = 'GBP 33 today or GBP 78 after 45 days'
256.7819 	EXP 	fixation: autoDraw = True
256.9156 	EXP 	Device response: <KeyPress from None: t=256.755172999925, value=t, duration=0.14427260006777942>
257.7657 	INFO 	Keyboard events cleared
257.7655 	EXP 	text: autoDraw = True
257.7820 	EXP 	fixation: autoDraw = False
258.5512 	DATA 	Keypress: l
258.5658 	EXP 	Device response: <KeyPress from None: t=258.55026519997045, value=l, duration=None>
258.5661 	EXP 	New trial (rep=0, index=51): <Trial 51 (51 in rep 0) data={'reward_today': 67, 'future_reward': 75, 'delay': 119, 'thisN': 51, 'thisTrialN': 51, 'thisRepN': 0}>
258.5823 	EXP 	fixation: autoDraw = False
258.5823 	EXP 	text: autoDraw = False
258.5823 	EXP 	text: height = np.float64(0.05)
258.5823 	EXP 	text: height = np.float64(0.05)
258.5823 	EXP 	text: height = np.float64(0.05)
258.5823 	EXP 	text: text = 'GBP 67 today or GBP 75 after 119 days'
258.5823 	EXP 	fixation: autoDraw = True
258.6827 	EXP 	Device response: <KeyPress from None: t=258.55026519997045, value=l, duration=0.1298903999850154>
259.5653 	INFO 	Keyboard events cleared
259.5651 	EXP 	text: autoDraw = True
259.5817 	EXP 	fixation: autoDraw = False
260.2656 	EXP 	Device response: <KeyPress from None: t=260.25671490002424, value=t, duration=None>
260.2659 	EXP 	New trial (rep=0, index=52): <Trial 52 (52 in rep 0) data={'reward_today': 51, 'future_reward': 77, 'delay': 18, 'thisN': 52, 'thisTrialN': 52, 'thisRepN': 0}>
260.2731 	DATA 	Keypress: t
260.2814 	EXP 	fixation: autoDraw = False
260.2814 	EXP 	text: autoDraw = False
260.2814 	EXP 	text: height = np.float64(0.05)
260.2814 	EXP 	text: height = np.float64(0.05)
260.2814 	EXP 	text: height = np.float64(0.05)
260.2814 	EXP 	text: text = 'GBP 51 today or GBP 77 after 18 days'
260.2814 	EXP 	fixation: autoDraw = True
260.3989 	EXP 	Device response: <KeyPress from None: t=260.25671490002424, value=t, duration=0.13914240000303835>
261.2652 	INFO 	Keyboard events cleared
261.2651 	EXP 	text: autoDraw = True
261.2815 	EXP 	fixation: autoDraw = False
262.7653 	EXP 	Device response: <KeyPress from None: t=262.76203560002614, value=l, duration=None>
262.7656 	EXP 	New trial (rep=0, index=53): <Trial 53 (53 in rep 0) data={'reward_today': 68, 'future_reward': 100, 'delay': 103, 'thisN': 53, 'thisTrialN': 53, 'thisRepN': 0}>
262.7721 	DATA 	Keypress: l
262.7811 	EXP 	fixation: autoDraw = False
262.7811 	EXP 	text: autoDraw = False
262.7811 	EXP 	text: height = np.float64(0.05)
262.7811 	EXP 	text: height = np.float64(0.05)
262.7811 	EXP 	text: height = np.float64(0.05)
262.7811 	EXP 	text: text = 'GBP 68 today or GBP 100 after 103 days'
262.7811 	EXP 	fixation: autoDraw = True
262.9321 	EXP 	Device response: <KeyPress from None: t=262.76203560002614, value=l, duration=0.1550012999214232>
263.7810 	INFO 	Keyboard events cleared
263.7809 	EXP 	fixation: autoDraw = False
263.7809 	EXP 	text: autoDraw = True
266.2315 	EXP 	Device response: <KeyPress from None: t=266.2287124999566, value=t, duration=None>
266.2319 	EXP 	New trial (rep=0, index=54): <Trial 54 (54 in rep 0) data={'reward_today': 21, 'future_reward': 47, 'delay': 33, 'thisN': 54, 'thisTrialN': 54, 'thisRepN': 0}>
266.2395 	DATA 	Keypress: t
266.2468 	EXP 	fixation: autoDraw = False
266.2468 	EXP 	text: autoDraw = False
266.2468 	EXP 	text: height = np.float64(0.05)
266.2468 	EXP 	text: height = np.float64(0.05)
266.2468 	EXP 	text: height = np.float64(0.05)
266.2468 	EXP 	text: text = 'GBP 21 today or GBP 47 after 33 days'
266.2468 	EXP 	fixation: autoDraw = True
266.2815 	EXP 	Device response: <KeyPress from None: t=266.2287124999566, value=t, duration=0.045373299974016845>
267.2312 	INFO 	Keyboard events cleared
267.2311 	EXP 	text: autoDraw = True
267.2475 	EXP 	fixation: autoDraw = False
268.9810 	EXP 	Device response: <KeyPress from None: t=268.9798988000257, value=l, duration=None>
268.9813 	EXP 	New trial (rep=0, index=55): <Trial 55 (55 in rep 0) data={'reward_today': 21, 'future_reward': 60, 'delay': 11, 'thisN': 55, 'thisTrialN': 55, 'thisRepN': 0}>
268.9879 	DATA 	Keypress: l
268.9971 	EXP 	fixation: autoDraw = False
268.9971 	EXP 	text: autoDraw = False
268.9971 	EXP 	text: height = np.float64(0.05)
268.9971 	EXP 	text: height = np.float64(0.05)
268.9971 	EXP 	text: height = np.float64(0.05)
268.9971 	EXP 	text: text = 'GBP 21 today or GBP 60 after 11 days'
268.9971 	EXP 	fixation: autoDraw = True
269.1310 	EXP 	Device response: <KeyPress from None: t=268.9798988000257, value=l, duration=0.1409085999475792>
269.9802 	INFO 	Keyboard events cleared
269.9801 	EXP 	text: autoDraw = True
269.9972 	EXP 	fixation: autoDraw = False
274.0805 	EXP 	Device response: <KeyPress from None: t=274.0728557999246, value=t, duration=None>
274.0808 	EXP 	New trial (rep=0, index=56): <Trial 56 (56 in rep 0) data={'reward_today': 47, 'future_reward': 85, 'delay': 60, 'thisN': 56, 'thisTrialN': 56, 'thisRepN': 0}>
274.0881 	DATA 	Keypress: t
274.0964 	EXP 	fixation: autoDraw = False
274.0964 	EXP 	text: autoDraw = False
274.0964 	EXP 	text: height = np.float64(0.05)
274.0964 	EXP 	text: height = np.float64(0.05)
274.0964 	EXP 	text: height = np.float64(0.05)
274.0964 	EXP 	text: text = 'GBP 47 today or GBP 85 after 60 days'
274.0964 	EXP 	fixation: autoDraw = True
274.2472 	EXP 	Device response: <KeyPress from None: t=274.0728557999246, value=t, duration=0.17028000007849187>
275.0800 	INFO 	Keyboard events cleared
275.0799 	EXP 	text: autoDraw = True
275.0966 	EXP 	fixation: autoDraw = False
294.9611 	EXP 	Device response: <KeyPress from None: t=294.9571330000181, value=l, duration=None>
294.9614 	EXP 	New trial (rep=0, index=57): <Trial 57 (57 in rep 0) data={'reward_today': 16, 'future_reward': 39, 'delay': 19, 'thisN': 57, 'thisTrialN': 57, 'thisRepN': 0}>
294.9679 	DATA 	Keypress: l
294.9771 	EXP 	fixation: autoDraw = False
294.9771 	EXP 	text: autoDraw = False
294.9771 	EXP 	text: height = np.float64(0.05)
294.9771 	EXP 	text: height = np.float64(0.05)
294.9771 	EXP 	text: height = np.float64(0.05)
294.9771 	EXP 	text: text = 'GBP 16 today or GBP 39 after 19 days'
294.9771 	EXP 	fixation: autoDraw = True
295.0776 	EXP 	Device response: <KeyPress from None: t=294.9571330000181, value=l, duration=0.11531989998184144>
295.9606 	INFO 	Keyboard events cleared
295.9605 	EXP 	text: autoDraw = True
295.9772 	EXP 	fixation: autoDraw = False
298.9106 	EXP 	Device response: <KeyPress from None: t=298.9044251999585, value=t, duration=None>
298.9109 	EXP 	New trial (rep=0, index=58): <Trial 58 (58 in rep 0) data={'reward_today': 55, 'future_reward': 80, 'delay': 156, 'thisN': 58, 'thisTrialN': 58, 'thisRepN': 0}>
298.9180 	DATA 	Keypress: t
298.9262 	EXP 	fixation: autoDraw = False
298.9262 	EXP 	text: autoDraw = False
298.9262 	EXP 	text: height = np.float64(0.05)
298.9262 	EXP 	text: height = np.float64(0.05)
298.9262 	EXP 	text: height = np.float64(0.05)
298.9262 	EXP 	text: text = 'GBP 55 today or GBP 80 after 156 days'
298.9262 	EXP 	fixation: autoDraw = True
299.0607 	EXP 	Device response: <KeyPress from None: t=298.9044251999585, value=t, duration=0.15419799997471273>
299.9102 	INFO 	Keyboard events cleared
299.9100 	EXP 	text: autoDraw = True
299.9267 	EXP 	fixation: autoDraw = False
307.5258 	EXP 	Device response: <KeyPress from None: t=307.5134759999346, value=t, duration=None>
307.5261 	EXP 	New trial (rep=0, index=59): <Trial 59 (59 in rep 0) data={'reward_today': 78, 'future_reward': 100, 'delay': 106, 'thisN': 59, 'thisTrialN': 59, 'thisRepN': 0}>
307.5326 	DATA 	Keypress: t
307.5421 	EXP 	fixation: autoDraw = False
307.5421 	EXP 	text: autoDraw = False
307.5421 	EXP 	text: height = np.float64(0.05)
307.5421 	EXP 	text: height = np.float64(0.05)
307.5421 	EXP 	text: height = np.float64(0.05)
307.5421 	EXP 	text: text = 'GBP 78 today or GBP 100 after 106 days'
307.5421 	EXP 	fixation: autoDraw = True
307.6426 	EXP 	Device response: <KeyPress from None: t=307.5134759999346, value=t, duration=0.11591599998064339>
308.5263 	INFO 	Keyboard events cleared
308.5261 	EXP 	text: autoDraw = True
308.5426 	EXP 	fixation: autoDraw = False
316.6917 	EXP 	Device response: <KeyPress from None: t=316.6877821999369, value=t, duration=None>
316.6920 	EXP 	New trial (rep=0, index=60): <Trial 60 (60 in rep 0) data={'reward_today': 53, 'future_reward': 86, 'delay': 71, 'thisN': 60, 'thisTrialN': 60, 'thisRepN': 0}>
316.6994 	DATA 	Keypress: t
316.7075 	EXP 	fixation: autoDraw = False
316.7075 	EXP 	text: autoDraw = False
316.7075 	EXP 	text: height = np.float64(0.05)
316.7075 	EXP 	text: height = np.float64(0.05)
316.7075 	EXP 	text: height = np.float64(0.05)
316.7075 	EXP 	text: text = 'GBP 53 today or GBP 86 after 71 days'
316.7075 	EXP 	fixation: autoDraw = True
316.8582 	EXP 	Device response: <KeyPress from None: t=316.6877821999369, value=t, duration=0.15393110003788024>
317.7078 	INFO 	Keyboard events cleared
317.7077 	EXP 	fixation: autoDraw = False
317.7077 	EXP 	text: autoDraw = True
322.2747 	EXP 	Device response: <KeyPress from None: t=322.2703322999878, value=t, duration=None>
322.2750 	EXP 	New trial (rep=0, index=61): <Trial 61 (61 in rep 0) data={'reward_today': 57, 'future_reward': 99, 'delay': 146, 'thisN': 61, 'thisTrialN': 61, 'thisRepN': 0}>
322.2800 	DATA 	Keypress: t
322.2894 	EXP 	fixation: autoDraw = False
322.2894 	EXP 	text: autoDraw = False
322.2894 	EXP 	text: height = np.float64(0.05)
322.2894 	EXP 	text: height = np.float64(0.05)
322.2894 	EXP 	text: height = np.float64(0.05)
322.2894 	EXP 	text: text = 'GBP 57 today or GBP 99 after 146 days'
322.2894 	EXP 	fixation: autoDraw = True
322.3575 	EXP 	Device response: <KeyPress from None: t=322.2703322999878, value=t, duration=0.08008049998898059>
323.2906 	INFO 	Keyboard events cleared
323.2905 	EXP 	fixation: autoDraw = False
323.2905 	EXP 	text: autoDraw = True
323.8915 	DATA 	Keypress: l
323.9072 	EXP 	Device response: <KeyPress from None: t=323.89043749996927, value=l, duration=None>
323.9075 	EXP 	New trial (rep=0, index=62): <Trial 62 (62 in rep 0) data={'reward_today': 38, 'future_reward': 65, 'delay': 177, 'thisN': 62, 'thisTrialN': 62, 'thisRepN': 0}>
323.9232 	EXP 	fixation: autoDraw = False
323.9232 	EXP 	text: autoDraw = False
323.9232 	EXP 	text: height = np.float64(0.05)
323.9232 	EXP 	text: height = np.float64(0.05)
323.9232 	EXP 	text: height = np.float64(0.05)
323.9232 	EXP 	text: text = 'GBP 38 today or GBP 65 after 177 days'
323.9232 	EXP 	fixation: autoDraw = True
324.0071 	EXP 	Device response: <KeyPress from None: t=323.89043749996927, value=l, duration=0.10992700001224875>
324.9071 	INFO 	Keyboard events cleared
324.9070 	EXP 	text: autoDraw = True
324.9235 	EXP 	fixation: autoDraw = False
324.9239 	EXP 	Device response: <KeyPress from None: t=324.92088029999286, value=t, duration=None>
324.9242 	EXP 	New trial (rep=0, index=63): <Trial 63 (63 in rep 0) data={'reward_today': 32, 'future_reward': 73, 'delay': 58, 'thisN': 63, 'thisTrialN': 63, 'thisRepN': 0}>
324.9310 	DATA 	Keypress: t
324.9399 	EXP 	fixation: autoDraw = False
324.9399 	EXP 	text: autoDraw = False
324.9399 	EXP 	text: height = np.float64(0.05)
324.9399 	EXP 	text: height = np.float64(0.05)
324.9399 	EXP 	text: height = np.float64(0.05)
324.9399 	EXP 	text: text = 'GBP 32 today or GBP 73 after 58 days'
324.9399 	EXP 	fixation: autoDraw = True
325.1408 	EXP 	Device response: <KeyPress from None: t=324.92088029999286, value=t, duration=0.2107255000155419>
325.9401 	INFO 	Keyboard events cleared
325.9399 	EXP 	fixation: autoDraw = False
325.9399 	EXP 	text: autoDraw = True
326.0901 	EXP 	Device response: <KeyPress from None: t=326.08146289992146, value=l, duration=None>
326.0904 	EXP 	New trial (rep=0, index=64): <Trial 64 (64 in rep 0) data={'reward_today': 19, 'future_reward': 50, 'delay': 82, 'thisN': 64, 'thisTrialN': 64, 'thisRepN': 0}>
326.0965 	DATA 	Keypress: l
326.1060 	EXP 	fixation: autoDraw = False
326.1060 	EXP 	text: autoDraw = False
326.1060 	EXP 	text: height = np.float64(0.05)
326.1060 	EXP 	text: height = np.float64(0.05)
326.1060 	EXP 	text: height = np.float64(0.05)
326.1060 	EXP 	text: text = 'GBP 19 today or GBP 50 after 82 days'
326.1060 	EXP 	fixation: autoDraw = True
326.2059 	EXP 	Device response: <KeyPress from None: t=326.08146289992146, value=l, duration=0.1199947000714019>
327.0900 	INFO 	Keyboard events cleared
327.0898 	EXP 	text: autoDraw = True
327.1060 	EXP 	fixation: autoDraw = False
327.5735 	EXP 	Device response: <KeyPress from None: t=327.5631167999236, value=t, duration=None>
327.5738 	EXP 	New trial (rep=0, index=65): <Trial 65 (65 in rep 0) data={'reward_today': 72, 'future_reward': 119, 'delay': 111, 'thisN': 65, 'thisTrialN': 65, 'thisRepN': 0}>
327.5803 	DATA 	Keypress: t
327.5892 	EXP 	fixation: autoDraw = False
327.5892 	EXP 	text: autoDraw = False
327.5892 	EXP 	text: height = np.float64(0.05)
327.5892 	EXP 	text: height = np.float64(0.05)
327.5892 	EXP 	text: height = np.float64(0.05)
327.5892 	EXP 	text: text = 'GBP 72 today or GBP 119 after 111 days'
327.5892 	EXP 	fixation: autoDraw = True
327.6902 	EXP 	Device response: <KeyPress from None: t=327.5631167999236, value=t, duration=0.11046530003659427>
328.5731 	INFO 	Keyboard events cleared
328.5730 	EXP 	text: autoDraw = True
328.5897 	EXP 	fixation: autoDraw = False
330.4068 	EXP 	Device response: <KeyPress from None: t=330.39390649995767, value=l, duration=None>
330.4072 	EXP 	New trial (rep=0, index=66): <Trial 66 (66 in rep 0) data={'reward_today': 42, 'future_reward': 64, 'delay': 29, 'thisN': 66, 'thisTrialN': 66, 'thisRepN': 0}>
330.4144 	DATA 	Keypress: l
330.4224 	EXP 	fixation: autoDraw = False
330.4224 	EXP 	text: autoDraw = False
330.4224 	EXP 	text: height = np.float64(0.05)
330.4224 	EXP 	text: height = np.float64(0.05)
330.4224 	EXP 	text: height = np.float64(0.05)
330.4224 	EXP 	text: text = 'GBP 42 today or GBP 64 after 29 days'
330.4224 	EXP 	fixation: autoDraw = True
330.4891 	EXP 	Device response: <KeyPress from None: t=330.39390649995767, value=l, duration=0.09469399997033179>
331.4219 	INFO 	Keyboard events cleared
331.4218 	EXP 	fixation: autoDraw = False
331.4218 	EXP 	text: autoDraw = True
332.0723 	EXP 	Device response: <KeyPress from None: t=332.06001150002703, value=l, duration=None>
332.0727 	EXP 	New trial (rep=0, index=67): <Trial 67 (67 in rep 0) data={'reward_today': 33, 'future_reward': 65, 'delay': 44, 'thisN': 67, 'thisTrialN': 67, 'thisRepN': 0}>
332.0794 	DATA 	Keypress: l
332.0883 	EXP 	fixation: autoDraw = False
332.0883 	EXP 	text: autoDraw = False
332.0883 	EXP 	text: height = np.float64(0.05)
332.0883 	EXP 	text: height = np.float64(0.05)
332.0883 	EXP 	text: height = np.float64(0.05)
332.0883 	EXP 	text: text = 'GBP 33 today or GBP 65 after 44 days'
332.0883 	EXP 	fixation: autoDraw = True
332.2228 	EXP 	Device response: <KeyPress from None: t=332.06001150002703, value=l, duration=0.15960279991850257>
333.0726 	INFO 	Keyboard events cleared
333.0724 	EXP 	text: autoDraw = True
333.0883 	EXP 	fixation: autoDraw = False
333.6060 	EXP 	Device response: <KeyPress from None: t=333.5901777999243, value=t, duration=None>
333.6063 	EXP 	New trial (rep=0, index=68): <Trial 68 (68 in rep 0) data={'reward_today': 26, 'future_reward': 58, 'delay': 19, 'thisN': 68, 'thisTrialN': 68, 'thisRepN': 0}>
333.6125 	DATA 	Keypress: t
333.6211 	EXP 	fixation: autoDraw = False
333.6211 	EXP 	text: autoDraw = False
333.6211 	EXP 	text: height = np.float64(0.05)
333.6211 	EXP 	text: height = np.float64(0.05)
333.6211 	EXP 	text: height = np.float64(0.05)
333.6211 	EXP 	text: text = 'GBP 26 today or GBP 58 after 19 days'
333.6211 	EXP 	fixation: autoDraw = True
333.7722 	EXP 	Device response: <KeyPress from None: t=333.5901777999243, value=t, duration=0.16520720010157675>
334.6220 	INFO 	Keyboard events cleared
334.6218 	EXP 	fixation: autoDraw = False
334.6218 	EXP 	text: autoDraw = True
336.2721 	EXP 	Device response: <KeyPress from None: t=336.2565547999693, value=l, duration=None>
336.2724 	EXP 	New trial (rep=0, index=69): <Trial 69 (69 in rep 0) data={'reward_today': 63, 'future_reward': 111, 'delay': 167, 'thisN': 69, 'thisTrialN': 69, 'thisRepN': 0}>
336.2788 	DATA 	Keypress: l
336.2880 	EXP 	fixation: autoDraw = False
336.2880 	EXP 	text: autoDraw = False
336.2880 	EXP 	text: height = np.float64(0.05)
336.2880 	EXP 	text: height = np.float64(0.05)
336.2880 	EXP 	text: height = np.float64(0.05)
336.2880 	EXP 	text: text = 'GBP 63 today or GBP 111 after 167 days'
336.2880 	EXP 	fixation: autoDraw = True
336.3893 	EXP 	Device response: <KeyPress from None: t=336.2565547999693, value=l, duration=0.13074529997538775>
337.2716 	INFO 	Keyboard events cleared
337.2714 	EXP 	text: autoDraw = True
337.2881 	EXP 	fixation: autoDraw = False
338.8046 	EXP 	Device response: <KeyPress from None: t=338.7937158999266, value=t, duration=None>
338.8050 	EXP 	New trial (rep=0, index=70): <Trial 70 (70 in rep 0) data={'reward_today': 24, 'future_reward': 76, 'delay': 17, 'thisN': 70, 'thisTrialN': 70, 'thisRepN': 0}>
338.8120 	DATA 	Keypress: t
338.8202 	EXP 	fixation: autoDraw = False
338.8202 	EXP 	text: autoDraw = False
338.8202 	EXP 	text: height = np.float64(0.05)
338.8202 	EXP 	text: height = np.float64(0.05)
338.8202 	EXP 	text: height = np.float64(0.05)
338.8202 	EXP 	text: text = 'GBP 24 today or GBP 76 after 17 days'
338.8202 	EXP 	fixation: autoDraw = True
338.9554 	EXP 	Device response: <KeyPress from None: t=338.7937158999266, value=t, duration=0.15955920005217195>
339.8049 	INFO 	Keyboard events cleared
339.8047 	EXP 	text: autoDraw = True
339.8207 	EXP 	fixation: autoDraw = False
340.2883 	EXP 	Device response: <KeyPress from None: t=340.27419229992665, value=l, duration=None>
340.2887 	EXP 	New trial (rep=0, index=71): <Trial 71 (71 in rep 0) data={'reward_today': 48, 'future_reward': 105, 'delay': 143, 'thisN': 71, 'thisTrialN': 71, 'thisRepN': 0}>
340.2952 	DATA 	Keypress: l
340.3038 	EXP 	fixation: autoDraw = False
340.3038 	EXP 	text: autoDraw = False
340.3038 	EXP 	text: height = np.float64(0.05)
340.3038 	EXP 	text: height = np.float64(0.05)
340.3038 	EXP 	text: height = np.float64(0.05)
340.3038 	EXP 	text: text = 'GBP 48 today or GBP 105 after 143 days'
340.3038 	EXP 	fixation: autoDraw = True
340.4376 	EXP 	Device response: <KeyPress from None: t=340.27419229992665, value=l, duration=0.15979090007022023>
341.2877 	INFO 	Keyboard events cleared
341.2875 	EXP 	text: autoDraw = True
341.3042 	EXP 	fixation: autoDraw = False
344.6707 	EXP 	Device response: <KeyPress from None: t=344.66272499994375, value=t, duration=None>
344.6710 	EXP 	New trial (rep=0, index=72): <Trial 72 (72 in rep 0) data={'reward_today': 19, 'future_reward': 50, 'delay': 77, 'thisN': 72, 'thisTrialN': 72, 'thisRepN': 0}>
344.6780 	DATA 	Keypress: t
344.6869 	EXP 	fixation: autoDraw = False
344.6869 	EXP 	text: autoDraw = False
344.6869 	EXP 	text: height = np.float64(0.05)
344.6869 	EXP 	text: height = np.float64(0.05)
344.6869 	EXP 	text: height = np.float64(0.05)
344.6869 	EXP 	text: text = 'GBP 19 today or GBP 50 after 77 days'
344.6869 	EXP 	fixation: autoDraw = True
344.8378 	EXP 	Device response: <KeyPress from None: t=344.66272499994375, value=t, duration=0.1639701999956742>
345.6707 	INFO 	Keyboard events cleared
345.6705 	EXP 	text: autoDraw = True
345.6871 	EXP 	fixation: autoDraw = False
347.0706 	EXP 	Device response: <KeyPress from None: t=347.057576399995, value=t, duration=None>
347.0709 	EXP 	New trial (rep=0, index=73): <Trial 73 (73 in rep 0) data={'reward_today': 27, 'future_reward': 56, 'delay': 22, 'thisN': 73, 'thisTrialN': 73, 'thisRepN': 0}>
347.0774 	DATA 	Keypress: t
347.0865 	EXP 	fixation: autoDraw = False
347.0865 	EXP 	text: autoDraw = False
347.0865 	EXP 	text: height = np.float64(0.05)
347.0865 	EXP 	text: height = np.float64(0.05)
347.0865 	EXP 	text: height = np.float64(0.05)
347.0865 	EXP 	text: text = 'GBP 27 today or GBP 56 after 22 days'
347.0865 	EXP 	fixation: autoDraw = True
347.2209 	EXP 	Device response: <KeyPress from None: t=347.057576399995, value=t, duration=0.1596192999277264>
348.0698 	INFO 	Keyboard events cleared
348.0697 	EXP 	text: autoDraw = True
348.0864 	EXP 	fixation: autoDraw = False
356.9531 	EXP 	Device response: <KeyPress from None: t=356.95242909993976, value=l, duration=None>
356.9534 	EXP 	New trial (rep=0, index=74): <Trial 74 (74 in rep 0) data={'reward_today': 75, 'future_reward': 112, 'delay': 103, 'thisN': 74, 'thisTrialN': 74, 'thisRepN': 0}>
356.9605 	DATA 	Keypress: l
356.9687 	EXP 	fixation: autoDraw = False
356.9687 	EXP 	text: autoDraw = False
356.9687 	EXP 	text: height = np.float64(0.05)
356.9687 	EXP 	text: height = np.float64(0.05)
356.9687 	EXP 	text: height = np.float64(0.05)
356.9687 	EXP 	text: text = 'GBP 75 today or GBP 112 after 103 days'
356.9687 	EXP 	fixation: autoDraw = True
357.0697 	EXP 	Device response: <KeyPress from None: t=356.95242909993976, value=l, duration=0.10527860000729561>
357.9688 	INFO 	Keyboard events cleared
357.9687 	EXP 	fixation: autoDraw = False
357.9687 	EXP 	text: autoDraw = True
364.3017 	EXP 	Device response: <KeyPress from None: t=364.2864534999244, value=t, duration=None>
364.3020 	EXP 	New trial (rep=0, index=75): <Trial 75 (75 in rep 0) data={'reward_today': 44, 'future_reward': 87, 'delay': 28, 'thisN': 75, 'thisTrialN': 75, 'thisRepN': 0}>
364.3086 	DATA 	Keypress: t
364.3178 	EXP 	fixation: autoDraw = False
364.3178 	EXP 	text: autoDraw = False
364.3178 	EXP 	text: height = np.float64(0.05)
364.3178 	EXP 	text: height = np.float64(0.05)
364.3178 	EXP 	text: height = np.float64(0.05)
364.3178 	EXP 	text: text = 'GBP 44 today or GBP 87 after 28 days'
364.3178 	EXP 	fixation: autoDraw = True
364.4687 	EXP 	Device response: <KeyPress from None: t=364.2864534999244, value=t, duration=0.17003060004208237>
365.3014 	INFO 	Keyboard events cleared
365.3012 	EXP 	text: autoDraw = True
365.3181 	EXP 	fixation: autoDraw = False
370.7013 	EXP 	Device response: <KeyPress from None: t=370.69667350000236, value=l, duration=None>
370.7016 	EXP 	New trial (rep=0, index=76): <Trial 76 (76 in rep 0) data={'reward_today': 20, 'future_reward': 63, 'delay': 122, 'thisN': 76, 'thisTrialN': 76, 'thisRepN': 0}>
370.7087 	DATA 	Keypress: l
370.7173 	EXP 	fixation: autoDraw = False
370.7173 	EXP 	text: autoDraw = False
370.7173 	EXP 	text: height = np.float64(0.05)
370.7173 	EXP 	text: height = np.float64(0.05)
370.7173 	EXP 	text: height = np.float64(0.05)
370.7173 	EXP 	text: text = 'GBP 20 today or GBP 63 after 122 days'
370.7173 	EXP 	fixation: autoDraw = True
370.9176 	EXP 	Device response: <KeyPress from None: t=370.69667350000236, value=l, duration=0.21311999997124076>
371.7169 	INFO 	Keyboard events cleared
371.7168 	EXP 	fixation: autoDraw = False
371.7168 	EXP 	text: autoDraw = True
372.9166 	EXP 	Device response: <KeyPress from None: t=372.91063940001186, value=t, duration=None>
372.9168 	EXP 	New trial (rep=0, index=77): <Trial 77 (77 in rep 0) data={'reward_today': 68, 'future_reward': 112, 'delay': 136, 'thisN': 77, 'thisTrialN': 77, 'thisRepN': 0}>
372.9201 	DATA 	Keypress: t
372.9330 	EXP 	fixation: autoDraw = False
372.9330 	EXP 	text: autoDraw = False
372.9330 	EXP 	text: height = np.float64(0.05)
372.9330 	EXP 	text: height = np.float64(0.05)
372.9330 	EXP 	text: height = np.float64(0.05)
372.9330 	EXP 	text: text = 'GBP 68 today or GBP 112 after 136 days'
372.9330 	EXP 	fixation: autoDraw = True
373.1163 	EXP 	Device response: <KeyPress from None: t=372.91063940001186, value=t, duration=0.19509309995919466>
373.9159 	INFO 	Keyboard events cleared
373.9158 	EXP 	text: autoDraw = True
373.9323 	EXP 	fixation: autoDraw = False
375.8326 	EXP 	Device response: <KeyPress from None: t=375.8223276999779, value=l, duration=None>
375.8328 	EXP 	New trial (rep=0, index=78): <Trial 78 (78 in rep 0) data={'reward_today': 14, 'future_reward': 48, 'delay': 48, 'thisN': 78, 'thisTrialN': 78, 'thisRepN': 0}>
375.8365 	DATA 	Keypress: l
375.8484 	EXP 	fixation: autoDraw = False
375.8484 	EXP 	text: autoDraw = False
375.8484 	EXP 	text: height = np.float64(0.05)
375.8484 	EXP 	text: height = np.float64(0.05)
375.8484 	EXP 	text: height = np.float64(0.05)
375.8484 	EXP 	text: text = 'GBP 14 today or GBP 48 after 48 days'
375.8484 	EXP 	fixation: autoDraw = True
375.9825 	EXP 	Device response: <KeyPress from None: t=375.8223276999779, value=l, duration=0.14496139995753765>
376.8329 	INFO 	Keyboard events cleared
376.8328 	EXP 	text: autoDraw = True
376.8493 	EXP 	fixation: autoDraw = False
378.2821 	EXP 	Device response: <KeyPress from None: t=378.2685726999771, value=t, duration=None>
378.2823 	EXP 	New trial (rep=0, index=79): <Trial 79 (79 in rep 0) data={'reward_today': 79, 'future_reward': 118, 'delay': 144, 'thisN': 79, 'thisTrialN': 79, 'thisRepN': 0}>
378.2860 	DATA 	Keypress: t
378.2986 	EXP 	fixation: autoDraw = False
378.2986 	EXP 	text: autoDraw = False
378.2986 	EXP 	text: height = np.float64(0.05)
378.2986 	EXP 	text: height = np.float64(0.05)
378.2986 	EXP 	text: height = np.float64(0.05)
378.2986 	EXP 	text: text = 'GBP 79 today or GBP 118 after 144 days'
378.2986 	EXP 	fixation: autoDraw = True
378.4483 	EXP 	Device response: <KeyPress from None: t=378.2685726999771, value=t, duration=0.1648672999581322>
379.2815 	INFO 	Keyboard events cleared
379.2814 	EXP 	text: autoDraw = True
379.2981 	EXP 	fixation: autoDraw = False
380.6483 	EXP 	Device response: <KeyPress from None: t=380.6457831999287, value=l, duration=None>
380.6485 	EXP 	New trial (rep=0, index=80): <Trial 80 (80 in rep 0) data={'reward_today': 50, 'future_reward': 85, 'delay': 62, 'thisN': 80, 'thisTrialN': 80, 'thisRepN': 0}>
380.6523 	DATA 	Keypress: l
380.6647 	EXP 	fixation: autoDraw = False
380.6647 	EXP 	text: autoDraw = False
380.6647 	EXP 	text: height = np.float64(0.05)
380.6647 	EXP 	text: height = np.float64(0.05)
380.6647 	EXP 	text: height = np.float64(0.05)
380.6647 	EXP 	text: text = 'GBP 50 today or GBP 85 after 62 days'
380.6647 	EXP 	fixation: autoDraw = True
380.7816 	EXP 	Device response: <KeyPress from None: t=380.6457831999287, value=l, duration=0.12404350005090237>
381.6483 	INFO 	Keyboard events cleared
381.6482 	EXP 	text: autoDraw = True
381.6646 	EXP 	fixation: autoDraw = False
381.9814 	EXP 	Device response: <KeyPress from None: t=381.9656410999596, value=t, duration=None>
381.9816 	EXP 	New trial (rep=0, index=81): <Trial 81 (81 in rep 0) data={'reward_today': 36, 'future_reward': 64, 'delay': 31, 'thisN': 81, 'thisTrialN': 81, 'thisRepN': 0}>
381.9848 	DATA 	Keypress: t
381.9980 	EXP 	fixation: autoDraw = False
381.9980 	EXP 	text: autoDraw = False
381.9980 	EXP 	text: height = np.float64(0.05)
381.9980 	EXP 	text: height = np.float64(0.05)
381.9980 	EXP 	text: height = np.float64(0.05)
381.9980 	EXP 	text: text = 'GBP 36 today or GBP 64 after 31 days'
381.9980 	EXP 	fixation: autoDraw = True
382.0818 	EXP 	Device response: <KeyPress from None: t=381.9656410999596, value=t, duration=0.11517630005255342>
382.9814 	INFO 	Keyboard events cleared
382.9813 	EXP 	text: autoDraw = True
382.9985 	EXP 	fixation: autoDraw = False
384.3484 	EXP 	Device response: <KeyPress from None: t=384.3418283999199, value=l, duration=None>
384.3486 	EXP 	New trial (rep=0, index=82): <Trial 82 (82 in rep 0) data={'reward_today': 15, 'future_reward': 45, 'delay': 29, 'thisN': 82, 'thisTrialN': 82, 'thisRepN': 0}>
384.3532 	DATA 	Keypress: l
384.3646 	EXP 	fixation: autoDraw = False
384.3646 	EXP 	text: autoDraw = False
384.3646 	EXP 	text: height = np.float64(0.05)
384.3646 	EXP 	text: height = np.float64(0.05)
384.3646 	EXP 	text: height = np.float64(0.05)
384.3646 	EXP 	text: text = 'GBP 15 today or GBP 45 after 29 days'
384.3646 	EXP 	fixation: autoDraw = True
384.4649 	EXP 	Device response: <KeyPress from None: t=384.3418283999199, value=l, duration=0.1149368000915274>
385.3475 	INFO 	Keyboard events cleared
385.3474 	EXP 	text: autoDraw = True
385.3642 	EXP 	fixation: autoDraw = False
385.6979 	EXP 	Device response: <KeyPress from None: t=385.68845529993996, value=t, duration=None>
385.6981 	EXP 	New trial (rep=0, index=83): <Trial 83 (83 in rep 0) data={'reward_today': 56, 'future_reward': 90, 'delay': 173, 'thisN': 83, 'thisTrialN': 83, 'thisRepN': 0}>
385.7009 	DATA 	Keypress: t
385.7141 	EXP 	fixation: autoDraw = False
385.7141 	EXP 	text: autoDraw = False
385.7141 	EXP 	text: height = np.float64(0.05)
385.7141 	EXP 	text: height = np.float64(0.05)
385.7141 	EXP 	text: height = np.float64(0.05)
385.7141 	EXP 	text: text = 'GBP 56 today or GBP 90 after 173 days'
385.7141 	EXP 	fixation: autoDraw = True
385.8650 	EXP 	Device response: <KeyPress from None: t=385.68845529993996, value=t, duration=0.17497090005781502>
386.6973 	INFO 	Keyboard events cleared
386.6972 	EXP 	text: autoDraw = True
386.7145 	EXP 	fixation: autoDraw = False
388.4813 	EXP 	Device response: <KeyPress from None: t=388.47437640000135, value=l, duration=None>
388.4815 	EXP 	New trial (rep=0, index=84): <Trial 84 (84 in rep 0) data={'reward_today': 76, 'future_reward': 124, 'delay': 162, 'thisN': 84, 'thisTrialN': 84, 'thisRepN': 0}>
388.4846 	DATA 	Keypress: l
388.4973 	EXP 	fixation: autoDraw = False
388.4973 	EXP 	text: autoDraw = False
388.4973 	EXP 	text: height = np.float64(0.05)
388.4973 	EXP 	text: height = np.float64(0.05)
388.4973 	EXP 	text: height = np.float64(0.05)
388.4973 	EXP 	text: text = 'GBP 76 today or GBP 124 after 162 days'
388.4973 	EXP 	fixation: autoDraw = True
388.6478 	EXP 	Device response: <KeyPress from None: t=388.47437640000135, value=l, duration=0.15677559992764145>
389.4806 	INFO 	Keyboard events cleared
389.4805 	EXP 	text: autoDraw = True
389.4974 	EXP 	fixation: autoDraw = False
394.3639 	EXP 	Device response: <KeyPress from None: t=394.3578335000202, value=l, duration=None>
394.3641 	EXP 	New trial (rep=0, index=85): <Trial 85 (85 in rep 0) data={'reward_today': 36, 'future_reward': 63, 'delay': 31, 'thisN': 85, 'thisTrialN': 85, 'thisRepN': 0}>
394.3669 	DATA 	Keypress: l
394.3804 	EXP 	fixation: autoDraw = False
394.3804 	EXP 	text: autoDraw = False
394.3804 	EXP 	text: height = np.float64(0.05)
394.3804 	EXP 	text: height = np.float64(0.05)
394.3804 	EXP 	text: height = np.float64(0.05)
394.3804 	EXP 	text: text = 'GBP 36 today or GBP 63 after 31 days'
394.3804 	EXP 	fixation: autoDraw = True
394.5128 	EXP 	Device response: <KeyPress from None: t=394.3578335000202, value=l, duration=0.14990769990254194>
395.3630 	INFO 	Keyboard events cleared
395.3629 	EXP 	text: autoDraw = True
395.3795 	EXP 	fixation: autoDraw = False
399.3124 	EXP 	Device response: <KeyPress from None: t=399.3056391000282, value=t, duration=None>
399.3126 	EXP 	New trial (rep=0, index=86): <Trial 86 (86 in rep 0) data={'reward_today': 15, 'future_reward': 35, 'delay': 13, 'thisN': 86, 'thisTrialN': 86, 'thisRepN': 0}>
399.3167 	DATA 	Keypress: t
399.3287 	EXP 	fixation: autoDraw = False
399.3287 	EXP 	text: autoDraw = False
399.3287 	EXP 	text: height = np.float64(0.05)
399.3287 	EXP 	text: height = np.float64(0.05)
399.3287 	EXP 	text: height = np.float64(0.05)
399.3287 	EXP 	text: text = 'GBP 15 today or GBP 35 after 13 days'
399.3287 	EXP 	fixation: autoDraw = True
399.4960 	EXP 	Device response: <KeyPress from None: t=399.3056391000282, value=t, duration=0.18480569997336715>
400.3127 	INFO 	Keyboard events cleared
400.3126 	EXP 	text: autoDraw = True
400.3293 	EXP 	fixation: autoDraw = False
404.6295 	DATA 	Keypress: l
404.6457 	EXP 	Device response: <KeyPress from None: t=404.62879899994005, value=l, duration=None>
404.6459 	EXP 	New trial (rep=0, index=87): <Trial 87 (87 in rep 0) data={'reward_today': 20, 'future_reward': 63, 'delay': 35, 'thisN': 87, 'thisTrialN': 87, 'thisRepN': 0}>
404.6618 	EXP 	fixation: autoDraw = False
404.6618 	EXP 	text: autoDraw = False
404.6618 	EXP 	text: height = np.float64(0.05)
404.6618 	EXP 	text: height = np.float64(0.05)
404.6618 	EXP 	text: height = np.float64(0.05)
404.6618 	EXP 	text: text = 'GBP 20 today or GBP 63 after 35 days'
404.6618 	EXP 	fixation: autoDraw = True
404.8294 	EXP 	Device response: <KeyPress from None: t=404.62879899994005, value=l, duration=0.18465930002275854>
405.6454 	INFO 	Keyboard events cleared
405.6453 	EXP 	text: autoDraw = True
405.6625 	EXP 	fixation: autoDraw = False
406.3796 	EXP 	Device response: <KeyPress from None: t=406.36417549999896, value=l, duration=None>
406.3798 	EXP 	New trial (rep=0, index=88): <Trial 88 (88 in rep 0) data={'reward_today': 24, 'future_reward': 61, 'delay': 15, 'thisN': 88, 'thisTrialN': 88, 'thisRepN': 0}>
406.3833 	DATA 	Keypress: l
406.3959 	EXP 	fixation: autoDraw = False
406.3959 	EXP 	text: autoDraw = False
406.3959 	EXP 	text: height = np.float64(0.05)
406.3959 	EXP 	text: height = np.float64(0.05)
406.3959 	EXP 	text: height = np.float64(0.05)
406.3959 	EXP 	text: text = 'GBP 24 today or GBP 61 after 15 days'
406.3959 	EXP 	fixation: autoDraw = True
406.4632 	EXP 	Device response: <KeyPress from None: t=406.36417549999896, value=l, duration=0.0850300999591127>
407.3952 	INFO 	Keyboard events cleared
407.3951 	EXP 	text: autoDraw = True
407.4117 	EXP 	fixation: autoDraw = False
407.9781 	EXP 	Device response: <KeyPress from None: t=407.9754100999562, value=t, duration=None>
407.9783 	EXP 	New trial (rep=0, index=89): <Trial 89 (89 in rep 0) data={'reward_today': 53, 'future_reward': 92, 'delay': 57, 'thisN': 89, 'thisTrialN': 89, 'thisRepN': 0}>
407.9814 	DATA 	Keypress: t
407.9946 	EXP 	fixation: autoDraw = False
407.9946 	EXP 	text: autoDraw = False
407.9946 	EXP 	text: height = np.float64(0.05)
407.9946 	EXP 	text: height = np.float64(0.05)
407.9946 	EXP 	text: height = np.float64(0.05)
407.9946 	EXP 	text: text = 'GBP 53 today or GBP 92 after 57 days'
407.9946 	EXP 	fixation: autoDraw = True
408.1785 	EXP 	Device response: <KeyPress from None: t=407.9754100999562, value=t, duration=0.19486990000586957>
408.9782 	INFO 	Keyboard events cleared
408.9782 	EXP 	text: autoDraw = True
408.9942 	EXP 	fixation: autoDraw = False
412.1783 	DATA 	Keypress: l
412.1939 	EXP 	Device response: <KeyPress from None: t=412.17795539996587, value=l, duration=None>
412.1941 	EXP 	New trial (rep=0, index=90): <Trial 90 (90 in rep 0) data={'reward_today': 60, 'future_reward': 101, 'delay': 120, 'thisN': 90, 'thisTrialN': 90, 'thisRepN': 0}>
412.2102 	EXP 	fixation: autoDraw = False
412.2102 	EXP 	text: autoDraw = False
412.2102 	EXP 	text: height = np.float64(0.05)
412.2102 	EXP 	text: height = np.float64(0.05)
412.2102 	EXP 	text: height = np.float64(0.05)
412.2102 	EXP 	text: text = 'GBP 60 today or GBP 101 after 120 days'
412.2102 	EXP 	fixation: autoDraw = True
412.3441 	EXP 	Device response: <KeyPress from None: t=412.17795539996587, value=l, duration=0.15459190006367862>
413.1939 	INFO 	Keyboard events cleared
413.1938 	EXP 	text: autoDraw = True
413.2104 	EXP 	fixation: autoDraw = False
414.1780 	EXP 	Device response: <KeyPress from None: t=414.16384499997366, value=t, duration=None>
414.1781 	EXP 	New trial (rep=0, index=91): <Trial 91 (91 in rep 0) data={'reward_today': 14, 'future_reward': 52, 'delay': 48, 'thisN': 91, 'thisTrialN': 91, 'thisRepN': 0}>
414.1815 	DATA 	Keypress: t
414.1942 	EXP 	fixation: autoDraw = False
414.1942 	EXP 	text: autoDraw = False
414.1942 	EXP 	text: height = np.float64(0.05)
414.1942 	EXP 	text: height = np.float64(0.05)
414.1942 	EXP 	text: height = np.float64(0.05)
414.1942 	EXP 	text: text = 'GBP 14 today or GBP 52 after 48 days'
414.1942 	EXP 	fixation: autoDraw = True
414.3437 	EXP 	Device response: <KeyPress from None: t=414.16384499997366, value=t, duration=0.1749141999753192>
415.1937 	INFO 	Keyboard events cleared
415.1936 	EXP 	fixation: autoDraw = False
415.1936 	EXP 	text: autoDraw = True
426.9269 	DATA 	Keypress: t
426.9426 	EXP 	Device response: <KeyPress from None: t=426.9261219999753, value=t, duration=None>
426.9428 	EXP 	New trial (rep=0, index=92): <Trial 92 (92 in rep 0) data={'reward_today': 22, 'future_reward': 46, 'delay': 23, 'thisN': 92, 'thisTrialN': 92, 'thisRepN': 0}>
426.9593 	EXP 	fixation: autoDraw = False
426.9593 	EXP 	text: autoDraw = False
426.9593 	EXP 	text: height = np.float64(0.05)
426.9593 	EXP 	text: height = np.float64(0.05)
426.9593 	EXP 	text: height = np.float64(0.05)
426.9593 	EXP 	text: text = 'GBP 22 today or GBP 46 after 23 days'
426.9593 	EXP 	fixation: autoDraw = True
427.1430 	EXP 	Device response: <KeyPress from None: t=426.9261219999753, value=t, duration=0.21532139996998012>
427.9428 	INFO 	Keyboard events cleared
427.9426 	EXP 	text: autoDraw = True
427.9590 	EXP 	fixation: autoDraw = False
433.8923 	EXP 	Device response: <KeyPress from None: t=433.89025379996747, value=l, duration=None>
433.8925 	EXP 	New trial (rep=0, index=93): <Trial 93 (93 in rep 0) data={'reward_today': 27, 'future_reward': 62, 'delay': 53, 'thisN': 93, 'thisTrialN': 93, 'thisRepN': 0}>
433.8956 	DATA 	Keypress: l
433.9082 	EXP 	fixation: autoDraw = False
433.9082 	EXP 	text: autoDraw = False
433.9082 	EXP 	text: height = np.float64(0.05)
433.9082 	EXP 	text: height = np.float64(0.05)
433.9082 	EXP 	text: height = np.float64(0.05)
433.9082 	EXP 	text: text = 'GBP 27 today or GBP 62 after 53 days'
433.9082 	EXP 	fixation: autoDraw = True
434.0758 	EXP 	Device response: <KeyPress from None: t=433.89025379996747, value=l, duration=0.16970700002275407>
434.8925 	INFO 	Keyboard events cleared
434.8924 	EXP 	text: autoDraw = True
434.9091 	EXP 	fixation: autoDraw = False
438.4589 	EXP 	Device response: <KeyPress from None: t=438.4578041000059, value=l, duration=None>
438.4592 	EXP 	New trial (rep=0, index=94): <Trial 94 (94 in rep 0) data={'reward_today': 11, 'future_reward': 41, 'delay': 45, 'thisN': 94, 'thisTrialN': 94, 'thisRepN': 0}>
438.4641 	DATA 	Keypress: l
438.4743 	EXP 	fixation: autoDraw = False
438.4743 	EXP 	text: autoDraw = False
438.4743 	EXP 	text: height = np.float64(0.05)
438.4743 	EXP 	text: height = np.float64(0.05)
438.4743 	EXP 	text: height = np.float64(0.05)
438.4743 	EXP 	text: text = 'GBP 11 today or GBP 41 after 45 days'
438.4743 	EXP 	fixation: autoDraw = True
438.6584 	EXP 	Device response: <KeyPress from None: t=438.4578041000059, value=l, duration=0.18462069996166974>
439.0257 	EXP 	Device response: <KeyPress from None: t=439.01815959997475, value=t, duration=None>
439.0268 	DATA 	Keypress: t
439.2258 	EXP 	Device response: <KeyPress from None: t=439.01815959997475, value=t, duration=0.2046822999836877>
439.4588 	INFO 	Keyboard events cleared
439.4587 	EXP 	text: autoDraw = True
439.4754 	EXP 	fixation: autoDraw = False
444.5245 	EXP 	Device response: <KeyPress from None: t=444.51128759991843, value=t, duration=None>
444.5248 	EXP 	New trial (rep=0, index=95): <Trial 95 (95 in rep 0) data={'reward_today': 39, 'future_reward': 82, 'delay': 56, 'thisN': 95, 'thisTrialN': 95, 'thisRepN': 0}>
444.5313 	DATA 	Keypress: t
444.5410 	EXP 	fixation: autoDraw = False
444.5410 	EXP 	text: autoDraw = False
444.5410 	EXP 	text: height = np.float64(0.05)
444.5410 	EXP 	text: height = np.float64(0.05)
444.5410 	EXP 	text: height = np.float64(0.05)
444.5410 	EXP 	text: text = 'GBP 39 today or GBP 82 after 56 days'
444.5410 	EXP 	fixation: autoDraw = True
444.7084 	EXP 	Device response: <KeyPress from None: t=444.51128759991843, value=t, duration=0.19045200000982732>
445.5248 	INFO 	Keyboard events cleared
445.5246 	EXP 	text: autoDraw = True
445.5415 	EXP 	fixation: autoDraw = False
447.1581 	DATA 	Keypress: l
447.1732 	EXP 	Device response: <KeyPress from None: t=447.15728479996324, value=l, duration=None>
447.1734 	EXP 	New trial (rep=0, index=96): <Trial 96 (96 in rep 0) data={'reward_today': 36, 'future_reward': 95, 'delay': 138, 'thisN': 96, 'thisTrialN': 96, 'thisRepN': 0}>
447.1901 	EXP 	fixation: autoDraw = False
447.1901 	EXP 	text: autoDraw = False
447.1901 	EXP 	text: height = np.float64(0.05)
447.1901 	EXP 	text: height = np.float64(0.05)
447.1901 	EXP 	text: height = np.float64(0.05)
447.1901 	EXP 	text: text = 'GBP 36 today or GBP 95 after 138 days'
447.1901 	EXP 	fixation: autoDraw = True
447.2748 	EXP 	Device response: <KeyPress from None: t=447.15728479996324, value=l, duration=0.11088699998799711>
448.1728 	INFO 	Keyboard events cleared
448.1727 	EXP 	text: autoDraw = True
448.1901 	EXP 	fixation: autoDraw = False
448.7080 	EXP 	Device response: <KeyPress from None: t=448.69970430003013, value=t, duration=None>
448.7083 	EXP 	New trial (rep=0, index=97): <Trial 97 (97 in rep 0) data={'reward_today': 53, 'future_reward': 98, 'delay': 88, 'thisN': 97, 'thisTrialN': 97, 'thisRepN': 0}>
448.7135 	DATA 	Keypress: t
448.7230 	EXP 	fixation: autoDraw = False
448.7230 	EXP 	text: autoDraw = False
448.7230 	EXP 	text: height = np.float64(0.05)
448.7230 	EXP 	text: height = np.float64(0.05)
448.7230 	EXP 	text: height = np.float64(0.05)
448.7230 	EXP 	text: text = 'GBP 53 today or GBP 98 after 88 days'
448.7230 	EXP 	fixation: autoDraw = True
448.8914 	EXP 	Device response: <KeyPress from None: t=448.69970430003013, value=t, duration=0.18824819999281317>
449.7244 	INFO 	Keyboard events cleared
449.7242 	EXP 	fixation: autoDraw = False
449.7242 	EXP 	text: autoDraw = True
450.9739 	EXP 	Device response: <KeyPress from None: t=450.9662842999678, value=l, duration=None>
450.9742 	EXP 	New trial (rep=0, index=98): <Trial 98 (98 in rep 0) data={'reward_today': 33, 'future_reward': 76, 'delay': 54, 'thisN': 98, 'thisTrialN': 98, 'thisRepN': 0}>
450.9789 	DATA 	Keypress: l
450.9894 	EXP 	fixation: autoDraw = False
450.9894 	EXP 	text: autoDraw = False
450.9894 	EXP 	text: height = np.float64(0.05)
450.9894 	EXP 	text: height = np.float64(0.05)
450.9894 	EXP 	text: height = np.float64(0.05)
450.9894 	EXP 	text: text = 'GBP 33 today or GBP 76 after 54 days'
450.9894 	EXP 	fixation: autoDraw = True
451.0904 	EXP 	Device response: <KeyPress from None: t=450.9662842999678, value=l, duration=0.10800540004856884>
451.9737 	INFO 	Keyboard events cleared
451.9735 	EXP 	text: autoDraw = True
451.9904 	EXP 	fixation: autoDraw = False
452.4242 	EXP 	Device response: <KeyPress from None: t=452.41058479994535, value=t, duration=None>
452.4245 	EXP 	New trial (rep=0, index=99): <Trial 99 (99 in rep 0) data={'reward_today': 81, 'future_reward': 125, 'delay': 130, 'thisN': 99, 'thisTrialN': 99, 'thisRepN': 0}>
452.4305 	DATA 	Keypress: t
452.4404 	EXP 	fixation: autoDraw = False
452.4404 	EXP 	text: autoDraw = False
452.4404 	EXP 	text: height = np.float64(0.05)
452.4404 	EXP 	text: height = np.float64(0.05)
452.4404 	EXP 	text: height = np.float64(0.05)
452.4404 	EXP 	text: text = 'GBP 81 today or GBP 125 after 130 days'
452.4404 	EXP 	fixation: autoDraw = True
452.5908 	EXP 	Device response: <KeyPress from None: t=452.41058479994535, value=t, duration=0.16423190000932664>
453.4392 	INFO 	Keyboard events cleared
453.4391 	EXP 	text: autoDraw = True
453.4558 	EXP 	fixation: autoDraw = False
453.8074 	EXP 	Device response: <KeyPress from None: t=453.8008269999409, value=l, duration=None>
453.8086 	DATA 	Keypress: l
453.8239 	EXP 	fixation: autoDraw = False
453.8239 	EXP 	text: autoDraw = False
453.8241 	EXP 	Delay discounting: status = STOPPED
453.8503 	INFO 	saved data to 'C:\\Users\\123\\OneDrive\\Desktop\\Lab Psychology\\Delay Discounting 6.0\\data\\1_Delay discounting_2025-10-31_12h58.17.454.csv'
453.8536 	INFO 	saved data to C:\Users\123\OneDrive\Desktop\Lab Psychology\Delay Discounting 6.0\data\1_Delay discounting_2025-10-31_12h58.17.454.psydat
455.2369 	WARNING 	Stopping key buffers but this could be dangerous ifother keyboards rely on the same.
455.3061 	WARNING 	Stopping key buffers but this could be dangerous ifother keyboards rely on the same.
